INFO - 2023-11-20 15:21:52 --> Session: Class initialized using 'CodeIgniter\Session\Handlers\FileHandler' driver.
INFO - 2023-11-20 15:21:53 --> Session: Class initialized using 'CodeIgniter\Session\Handlers\FileHandler' driver.
INFO - 2023-11-20 15:21:57 --> Session: Class initialized using 'CodeIgniter\Session\Handlers\FileHandler' driver.
WARNING - 2023-11-20 15:21:57 --> [DEPRECATED] Creation of dynamic property App\Controllers\Admin\UsuarioController::$session is deprecated in APPPATH\Controllers\Admin\UsuarioController.php on line 15.
 1 SYSTEMPATH\CodeIgniter.php(891): App\Controllers\Admin\UsuarioController->__construct()
 2 SYSTEMPATH\CodeIgniter.php(485): CodeIgniter\CodeIgniter->createController()
 3 SYSTEMPATH\CodeIgniter.php(353): CodeIgniter\CodeIgniter->handleRequest(null, Object(Config\Cache), false)
 4 FCPATH\index.php(79): CodeIgniter\CodeIgniter->run()
 5 SYSTEMPATH\Commands\Server\rewrite.php(47): require_once('C:\\Users\\development\\dev\\upn212horarios\\public\\index.php')
INFO - 2023-11-20 15:22:03 --> Session: Class initialized using 'CodeIgniter\Session\Handlers\FileHandler' driver.
WARNING - 2023-11-20 15:22:03 --> [DEPRECATED] Creation of dynamic property App\Controllers\Admin\UsuarioController::$session is deprecated in APPPATH\Controllers\Admin\UsuarioController.php on line 15.
 1 SYSTEMPATH\CodeIgniter.php(891): App\Controllers\Admin\UsuarioController->__construct()
 2 SYSTEMPATH\CodeIgniter.php(485): CodeIgniter\CodeIgniter->createController()
 3 SYSTEMPATH\CodeIgniter.php(353): CodeIgniter\CodeIgniter->handleRequest(null, Object(Config\Cache), false)
 4 FCPATH\index.php(79): CodeIgniter\CodeIgniter->run()
 5 SYSTEMPATH\Commands\Server\rewrite.php(47): require_once('C:\\Users\\development\\dev\\upn212horarios\\public\\index.php')
INFO - 2023-11-20 15:22:29 --> Session: Class initialized using 'CodeIgniter\Session\Handlers\FileHandler' driver.
WARNING - 2023-11-20 15:22:29 --> [DEPRECATED] Creation of dynamic property App\Controllers\Admin\UsuarioController::$session is deprecated in APPPATH\Controllers\Admin\UsuarioController.php on line 15.
 1 SYSTEMPATH\CodeIgniter.php(891): App\Controllers\Admin\UsuarioController->__construct()
 2 SYSTEMPATH\CodeIgniter.php(485): CodeIgniter\CodeIgniter->createController()
 3 SYSTEMPATH\CodeIgniter.php(353): CodeIgniter\CodeIgniter->handleRequest(null, Object(Config\Cache), false)
 4 FCPATH\index.php(79): CodeIgniter\CodeIgniter->run()
 5 SYSTEMPATH\Commands\Server\rewrite.php(47): require_once('C:\\Users\\development\\dev\\upn212horarios\\public\\index.php')
INFO - 2023-11-20 15:22:39 --> Session: Class initialized using 'CodeIgniter\Session\Handlers\FileHandler' driver.
WARNING - 2023-11-20 15:22:39 --> [DEPRECATED] Creation of dynamic property App\Controllers\Admin\UsuarioController::$session is deprecated in APPPATH\Controllers\Admin\UsuarioController.php on line 15.
 1 SYSTEMPATH\CodeIgniter.php(891): App\Controllers\Admin\UsuarioController->__construct()
 2 SYSTEMPATH\CodeIgniter.php(485): CodeIgniter\CodeIgniter->createController()
 3 SYSTEMPATH\CodeIgniter.php(353): CodeIgniter\CodeIgniter->handleRequest(null, Object(Config\Cache), false)
 4 FCPATH\index.php(79): CodeIgniter\CodeIgniter->run()
 5 SYSTEMPATH\Commands\Server\rewrite.php(47): require_once('C:\\Users\\development\\dev\\upn212horarios\\public\\index.php')
INFO - 2023-11-20 15:22:51 --> Session: Class initialized using 'CodeIgniter\Session\Handlers\FileHandler' driver.
WARNING - 2023-11-20 15:22:51 --> [DEPRECATED] Creation of dynamic property App\Controllers\Admin\UsuarioController::$session is deprecated in APPPATH\Controllers\Admin\UsuarioController.php on line 15.
 1 SYSTEMPATH\CodeIgniter.php(891): App\Controllers\Admin\UsuarioController->__construct()
 2 SYSTEMPATH\CodeIgniter.php(485): CodeIgniter\CodeIgniter->createController()
 3 SYSTEMPATH\CodeIgniter.php(353): CodeIgniter\CodeIgniter->handleRequest(null, Object(Config\Cache), false)
 4 FCPATH\index.php(79): CodeIgniter\CodeIgniter->run()
 5 SYSTEMPATH\Commands\Server\rewrite.php(47): require_once('C:\\Users\\development\\dev\\upn212horarios\\public\\index.php')
INFO - 2023-11-20 15:23:34 --> Session: Class initialized using 'CodeIgniter\Session\Handlers\FileHandler' driver.
WARNING - 2023-11-20 15:23:34 --> [DEPRECATED] Creation of dynamic property App\Controllers\Admin\UsuarioController::$session is deprecated in APPPATH\Controllers\Admin\UsuarioController.php on line 15.
 1 SYSTEMPATH\CodeIgniter.php(891): App\Controllers\Admin\UsuarioController->__construct()
 2 SYSTEMPATH\CodeIgniter.php(485): CodeIgniter\CodeIgniter->createController()
 3 SYSTEMPATH\CodeIgniter.php(353): CodeIgniter\CodeIgniter->handleRequest(null, Object(Config\Cache), false)
 4 FCPATH\index.php(79): CodeIgniter\CodeIgniter->run()
 5 SYSTEMPATH\Commands\Server\rewrite.php(47): require_once('C:\\Users\\development\\dev\\upn212horarios\\public\\index.php')
INFO - 2023-11-20 15:23:43 --> Session: Class initialized using 'CodeIgniter\Session\Handlers\FileHandler' driver.
WARNING - 2023-11-20 15:23:43 --> [DEPRECATED] Creation of dynamic property App\Controllers\Admin\UsuarioController::$session is deprecated in APPPATH\Controllers\Admin\UsuarioController.php on line 15.
 1 SYSTEMPATH\CodeIgniter.php(891): App\Controllers\Admin\UsuarioController->__construct()
 2 SYSTEMPATH\CodeIgniter.php(485): CodeIgniter\CodeIgniter->createController()
 3 SYSTEMPATH\CodeIgniter.php(353): CodeIgniter\CodeIgniter->handleRequest(null, Object(Config\Cache), false)
 4 FCPATH\index.php(79): CodeIgniter\CodeIgniter->run()
 5 SYSTEMPATH\Commands\Server\rewrite.php(47): require_once('C:\\Users\\development\\dev\\upn212horarios\\public\\index.php')
INFO - 2023-11-20 15:23:48 --> Session: Class initialized using 'CodeIgniter\Session\Handlers\FileHandler' driver.
WARNING - 2023-11-20 15:23:48 --> [DEPRECATED] Creation of dynamic property App\Controllers\Admin\UsuarioController::$session is deprecated in APPPATH\Controllers\Admin\UsuarioController.php on line 15.
 1 SYSTEMPATH\CodeIgniter.php(891): App\Controllers\Admin\UsuarioController->__construct()
 2 SYSTEMPATH\CodeIgniter.php(485): CodeIgniter\CodeIgniter->createController()
 3 SYSTEMPATH\CodeIgniter.php(353): CodeIgniter\CodeIgniter->handleRequest(null, Object(Config\Cache), false)
 4 FCPATH\index.php(79): CodeIgniter\CodeIgniter->run()
 5 SYSTEMPATH\Commands\Server\rewrite.php(47): require_once('C:\\Users\\development\\dev\\upn212horarios\\public\\index.php')
INFO - 2023-11-20 15:43:01 --> Session: Class initialized using 'CodeIgniter\Session\Handlers\FileHandler' driver.
WARNING - 2023-11-20 15:43:01 --> [DEPRECATED] Creation of dynamic property App\Controllers\Admin\UsuarioController::$session is deprecated in APPPATH\Controllers\Admin\UsuarioController.php on line 17.
 1 SYSTEMPATH\CodeIgniter.php(891): App\Controllers\Admin\UsuarioController->__construct()
 2 SYSTEMPATH\CodeIgniter.php(485): CodeIgniter\CodeIgniter->createController()
 3 SYSTEMPATH\CodeIgniter.php(353): CodeIgniter\CodeIgniter->handleRequest(null, Object(Config\Cache), false)
 4 FCPATH\index.php(79): CodeIgniter\CodeIgniter->run()
 5 SYSTEMPATH\Commands\Server\rewrite.php(47): require_once('C:\\Users\\development\\dev\\upn212horarios\\public\\index.php')
INFO - 2023-11-20 15:43:14 --> Session: Class initialized using 'CodeIgniter\Session\Handlers\FileHandler' driver.
WARNING - 2023-11-20 15:43:14 --> [DEPRECATED] Creation of dynamic property App\Controllers\Admin\UsuarioController::$session is deprecated in APPPATH\Controllers\Admin\UsuarioController.php on line 17.
 1 SYSTEMPATH\CodeIgniter.php(891): App\Controllers\Admin\UsuarioController->__construct()
 2 SYSTEMPATH\CodeIgniter.php(485): CodeIgniter\CodeIgniter->createController()
 3 SYSTEMPATH\CodeIgniter.php(353): CodeIgniter\CodeIgniter->handleRequest(null, Object(Config\Cache), false)
 4 FCPATH\index.php(79): CodeIgniter\CodeIgniter->run()
 5 SYSTEMPATH\Commands\Server\rewrite.php(47): require_once('C:\\Users\\development\\dev\\upn212horarios\\public\\index.php')
INFO - 2023-11-20 15:43:30 --> Session: Class initialized using 'CodeIgniter\Session\Handlers\FileHandler' driver.
WARNING - 2023-11-20 15:43:30 --> [DEPRECATED] Creation of dynamic property App\Controllers\Admin\UsuarioController::$session is deprecated in APPPATH\Controllers\Admin\UsuarioController.php on line 17.
 1 SYSTEMPATH\CodeIgniter.php(891): App\Controllers\Admin\UsuarioController->__construct()
 2 SYSTEMPATH\CodeIgniter.php(485): CodeIgniter\CodeIgniter->createController()
 3 SYSTEMPATH\CodeIgniter.php(353): CodeIgniter\CodeIgniter->handleRequest(null, Object(Config\Cache), false)
 4 FCPATH\index.php(79): CodeIgniter\CodeIgniter->run()
 5 SYSTEMPATH\Commands\Server\rewrite.php(47): require_once('C:\\Users\\development\\dev\\upn212horarios\\public\\index.php')
INFO - 2023-11-20 15:43:33 --> Session: Class initialized using 'CodeIgniter\Session\Handlers\FileHandler' driver.
WARNING - 2023-11-20 15:43:33 --> [DEPRECATED] Creation of dynamic property App\Controllers\Admin\UsuarioController::$session is deprecated in APPPATH\Controllers\Admin\UsuarioController.php on line 17.
 1 SYSTEMPATH\CodeIgniter.php(891): App\Controllers\Admin\UsuarioController->__construct()
 2 SYSTEMPATH\CodeIgniter.php(485): CodeIgniter\CodeIgniter->createController()
 3 SYSTEMPATH\CodeIgniter.php(353): CodeIgniter\CodeIgniter->handleRequest(null, Object(Config\Cache), false)
 4 FCPATH\index.php(79): CodeIgniter\CodeIgniter->run()
 5 SYSTEMPATH\Commands\Server\rewrite.php(47): require_once('C:\\Users\\development\\dev\\upn212horarios\\public\\index.php')
INFO - 2023-11-20 15:43:55 --> Session: Class initialized using 'CodeIgniter\Session\Handlers\FileHandler' driver.
WARNING - 2023-11-20 15:43:55 --> [DEPRECATED] Creation of dynamic property App\Controllers\Admin\UsuarioController::$session is deprecated in APPPATH\Controllers\Admin\UsuarioController.php on line 17.
 1 SYSTEMPATH\CodeIgniter.php(891): App\Controllers\Admin\UsuarioController->__construct()
 2 SYSTEMPATH\CodeIgniter.php(485): CodeIgniter\CodeIgniter->createController()
 3 SYSTEMPATH\CodeIgniter.php(353): CodeIgniter\CodeIgniter->handleRequest(null, Object(Config\Cache), false)
 4 FCPATH\index.php(79): CodeIgniter\CodeIgniter->run()
 5 SYSTEMPATH\Commands\Server\rewrite.php(47): require_once('C:\\Users\\development\\dev\\upn212horarios\\public\\index.php')
INFO - 2023-11-20 15:47:37 --> Session: Class initialized using 'CodeIgniter\Session\Handlers\FileHandler' driver.
WARNING - 2023-11-20 15:47:37 --> [DEPRECATED] Creation of dynamic property App\Controllers\Admin\UsuarioController::$session is deprecated in APPPATH\Controllers\Admin\UsuarioController.php on line 17.
 1 SYSTEMPATH\CodeIgniter.php(891): App\Controllers\Admin\UsuarioController->__construct()
 2 SYSTEMPATH\CodeIgniter.php(485): CodeIgniter\CodeIgniter->createController()
 3 SYSTEMPATH\CodeIgniter.php(353): CodeIgniter\CodeIgniter->handleRequest(null, Object(Config\Cache), false)
 4 FCPATH\index.php(79): CodeIgniter\CodeIgniter->run()
 5 SYSTEMPATH\Commands\Server\rewrite.php(47): require_once('C:\\Users\\development\\dev\\upn212horarios\\public\\index.php')
INFO - 2023-11-20 15:47:37 --> Session: Class initialized using 'CodeIgniter\Session\Handlers\FileHandler' driver.
WARNING - 2023-11-20 15:47:37 --> [DEPRECATED] Creation of dynamic property App\Controllers\Admin\UsuarioController::$session is deprecated in APPPATH\Controllers\Admin\UsuarioController.php on line 17.
 1 SYSTEMPATH\CodeIgniter.php(891): App\Controllers\Admin\UsuarioController->__construct()
 2 SYSTEMPATH\CodeIgniter.php(485): CodeIgniter\CodeIgniter->createController()
 3 SYSTEMPATH\CodeIgniter.php(353): CodeIgniter\CodeIgniter->handleRequest(null, Object(Config\Cache), false)
 4 FCPATH\index.php(79): CodeIgniter\CodeIgniter->run()
 5 SYSTEMPATH\Commands\Server\rewrite.php(47): require_once('C:\\Users\\development\\dev\\upn212horarios\\public\\index.php')
INFO - 2023-11-20 15:48:05 --> Session: Class initialized using 'CodeIgniter\Session\Handlers\FileHandler' driver.
INFO - 2023-11-20 15:48:05 --> Session: Class initialized using 'CodeIgniter\Session\Handlers\FileHandler' driver.
INFO - 2023-11-20 15:48:08 --> Session: Class initialized using 'CodeIgniter\Session\Handlers\FileHandler' driver.
WARNING - 2023-11-20 15:48:08 --> [DEPRECATED] Creation of dynamic property App\Controllers\Coordinador\UsuarioController::$session is deprecated in APPPATH\Controllers\Coordinador\UsuarioController.php on line 15.
 1 SYSTEMPATH\CodeIgniter.php(891): App\Controllers\Coordinador\UsuarioController->__construct()
 2 SYSTEMPATH\CodeIgniter.php(485): CodeIgniter\CodeIgniter->createController()
 3 SYSTEMPATH\CodeIgniter.php(353): CodeIgniter\CodeIgniter->handleRequest(null, Object(Config\Cache), false)
 4 FCPATH\index.php(79): CodeIgniter\CodeIgniter->run()
 5 SYSTEMPATH\Commands\Server\rewrite.php(47): require_once('C:\\Users\\development\\dev\\upn212horarios\\public\\index.php')
INFO - 2023-11-20 15:50:26 --> Session: Class initialized using 'CodeIgniter\Session\Handlers\FileHandler' driver.
INFO - 2023-11-20 15:50:26 --> Session: Class initialized using 'CodeIgniter\Session\Handlers\FileHandler' driver.
INFO - 2023-11-20 15:50:30 --> Session: Class initialized using 'CodeIgniter\Session\Handlers\FileHandler' driver.
WARNING - 2023-11-20 15:50:30 --> [DEPRECATED] Creation of dynamic property App\Controllers\Admin\UsuarioController::$session is deprecated in APPPATH\Controllers\Admin\UsuarioController.php on line 17.
 1 SYSTEMPATH\CodeIgniter.php(891): App\Controllers\Admin\UsuarioController->__construct()
 2 SYSTEMPATH\CodeIgniter.php(485): CodeIgniter\CodeIgniter->createController()
 3 SYSTEMPATH\CodeIgniter.php(353): CodeIgniter\CodeIgniter->handleRequest(null, Object(Config\Cache), false)
 4 FCPATH\index.php(79): CodeIgniter\CodeIgniter->run()
 5 SYSTEMPATH\Commands\Server\rewrite.php(47): require_once('C:\\Users\\development\\dev\\upn212horarios\\public\\index.php')
INFO - 2023-11-20 15:51:16 --> Session: Class initialized using 'CodeIgniter\Session\Handlers\FileHandler' driver.
WARNING - 2023-11-20 15:51:16 --> [DEPRECATED] Creation of dynamic property App\Controllers\Admin\UsuarioController::$session is deprecated in APPPATH\Controllers\Admin\UsuarioController.php on line 17.
 1 SYSTEMPATH\CodeIgniter.php(891): App\Controllers\Admin\UsuarioController->__construct()
 2 SYSTEMPATH\CodeIgniter.php(485): CodeIgniter\CodeIgniter->createController()
 3 SYSTEMPATH\CodeIgniter.php(353): CodeIgniter\CodeIgniter->handleRequest(null, Object(Config\Cache), false)
 4 FCPATH\index.php(79): CodeIgniter\CodeIgniter->run()
 5 SYSTEMPATH\Commands\Server\rewrite.php(47): require_once('C:\\Users\\development\\dev\\upn212horarios\\public\\index.php')
INFO - 2023-11-20 15:51:17 --> Session: Class initialized using 'CodeIgniter\Session\Handlers\FileHandler' driver.
WARNING - 2023-11-20 15:51:17 --> [DEPRECATED] Creation of dynamic property App\Controllers\Admin\UsuarioController::$session is deprecated in APPPATH\Controllers\Admin\UsuarioController.php on line 17.
 1 SYSTEMPATH\CodeIgniter.php(891): App\Controllers\Admin\UsuarioController->__construct()
 2 SYSTEMPATH\CodeIgniter.php(485): CodeIgniter\CodeIgniter->createController()
 3 SYSTEMPATH\CodeIgniter.php(353): CodeIgniter\CodeIgniter->handleRequest(null, Object(Config\Cache), false)
 4 FCPATH\index.php(79): CodeIgniter\CodeIgniter->run()
 5 SYSTEMPATH\Commands\Server\rewrite.php(47): require_once('C:\\Users\\development\\dev\\upn212horarios\\public\\index.php')
INFO - 2023-11-20 15:55:34 --> Session: Class initialized using 'CodeIgniter\Session\Handlers\FileHandler' driver.
WARNING - 2023-11-20 15:55:34 --> [DEPRECATED] Creation of dynamic property App\Controllers\Admin\UsuarioController::$session is deprecated in APPPATH\Controllers\Admin\UsuarioController.php on line 17.
 1 SYSTEMPATH\CodeIgniter.php(891): App\Controllers\Admin\UsuarioController->__construct()
 2 SYSTEMPATH\CodeIgniter.php(485): CodeIgniter\CodeIgniter->createController()
 3 SYSTEMPATH\CodeIgniter.php(353): CodeIgniter\CodeIgniter->handleRequest(null, Object(Config\Cache), false)
 4 FCPATH\index.php(79): CodeIgniter\CodeIgniter->run()
 5 SYSTEMPATH\Commands\Server\rewrite.php(47): require_once('C:\\Users\\development\\dev\\upn212horarios\\public\\index.php')
INFO - 2023-11-20 15:56:02 --> Session: Class initialized using 'CodeIgniter\Session\Handlers\FileHandler' driver.
WARNING - 2023-11-20 15:56:02 --> [DEPRECATED] Creation of dynamic property App\Controllers\Admin\UsuarioController::$session is deprecated in APPPATH\Controllers\Admin\UsuarioController.php on line 17.
 1 SYSTEMPATH\CodeIgniter.php(891): App\Controllers\Admin\UsuarioController->__construct()
 2 SYSTEMPATH\CodeIgniter.php(485): CodeIgniter\CodeIgniter->createController()
 3 SYSTEMPATH\CodeIgniter.php(353): CodeIgniter\CodeIgniter->handleRequest(null, Object(Config\Cache), false)
 4 FCPATH\index.php(79): CodeIgniter\CodeIgniter->run()
 5 SYSTEMPATH\Commands\Server\rewrite.php(47): require_once('C:\\Users\\development\\dev\\upn212horarios\\public\\index.php')
INFO - 2023-11-20 15:56:02 --> Session: Class initialized using 'CodeIgniter\Session\Handlers\FileHandler' driver.
WARNING - 2023-11-20 15:56:02 --> [DEPRECATED] Creation of dynamic property App\Controllers\Admin\UsuarioController::$session is deprecated in APPPATH\Controllers\Admin\UsuarioController.php on line 17.
 1 SYSTEMPATH\CodeIgniter.php(891): App\Controllers\Admin\UsuarioController->__construct()
 2 SYSTEMPATH\CodeIgniter.php(485): CodeIgniter\CodeIgniter->createController()
 3 SYSTEMPATH\CodeIgniter.php(353): CodeIgniter\CodeIgniter->handleRequest(null, Object(Config\Cache), false)
 4 FCPATH\index.php(79): CodeIgniter\CodeIgniter->run()
 5 SYSTEMPATH\Commands\Server\rewrite.php(47): require_once('C:\\Users\\development\\dev\\upn212horarios\\public\\index.php')
INFO - 2023-11-20 15:58:19 --> Session: Class initialized using 'CodeIgniter\Session\Handlers\FileHandler' driver.
INFO - 2023-11-20 15:58:26 --> Session: Class initialized using 'CodeIgniter\Session\Handlers\FileHandler' driver.
INFO - 2023-11-20 15:58:38 --> Session: Class initialized using 'CodeIgniter\Session\Handlers\FileHandler' driver.
INFO - 2023-11-20 15:58:38 --> Session: Class initialized using 'CodeIgniter\Session\Handlers\FileHandler' driver.
INFO - 2023-11-20 15:58:40 --> Session: Class initialized using 'CodeIgniter\Session\Handlers\FileHandler' driver.
WARNING - 2023-11-20 15:58:40 --> [DEPRECATED] Creation of dynamic property App\Controllers\Coordinador\UsuarioController::$session is deprecated in APPPATH\Controllers\Coordinador\UsuarioController.php on line 15.
 1 SYSTEMPATH\CodeIgniter.php(891): App\Controllers\Coordinador\UsuarioController->__construct()
 2 SYSTEMPATH\CodeIgniter.php(485): CodeIgniter\CodeIgniter->createController()
 3 SYSTEMPATH\CodeIgniter.php(353): CodeIgniter\CodeIgniter->handleRequest(null, Object(Config\Cache), false)
 4 FCPATH\index.php(79): CodeIgniter\CodeIgniter->run()
 5 SYSTEMPATH\Commands\Server\rewrite.php(47): require_once('C:\\Users\\development\\dev\\upn212horarios\\public\\index.php')
INFO - 2023-11-20 16:06:26 --> Session: Class initialized using 'CodeIgniter\Session\Handlers\FileHandler' driver.
WARNING - 2023-11-20 16:06:26 --> [DEPRECATED] Creation of dynamic property App\Controllers\Coordinador\UsuarioController::$session is deprecated in APPPATH\Controllers\Coordinador\UsuarioController.php on line 17.
 1 SYSTEMPATH\CodeIgniter.php(891): App\Controllers\Coordinador\UsuarioController->__construct()
 2 SYSTEMPATH\CodeIgniter.php(485): CodeIgniter\CodeIgniter->createController()
 3 SYSTEMPATH\CodeIgniter.php(353): CodeIgniter\CodeIgniter->handleRequest(null, Object(Config\Cache), false)
 4 FCPATH\index.php(79): CodeIgniter\CodeIgniter->run()
 5 SYSTEMPATH\Commands\Server\rewrite.php(47): require_once('C:\\Users\\development\\dev\\upn212horarios\\public\\index.php')
ERROR - 2023-11-20 16:06:26 --> mysqli_sql_exception: You have an error in your SQL syntax; check the manual that corresponds to your MariaDB server version for the right syntax to use near '' at line 1 in C:\Users\development\dev\upn212horarios\system\Database\MySQLi\Connection.php:306
Stack trace:
#0 C:\Users\development\dev\upn212horarios\system\Database\MySQLi\Connection.php(306): mysqli->query('select * from d...', 0)
#1 C:\Users\development\dev\upn212horarios\system\Database\BaseConnection.php(692): CodeIgniter\Database\MySQLi\Connection->execute('select * from d...')
#2 C:\Users\development\dev\upn212horarios\system\Database\BaseConnection.php(606): CodeIgniter\Database\BaseConnection->simpleQuery('select * from d...')
#3 C:\Users\development\dev\upn212horarios\app\Controllers\Coordinador\UsuarioController.php(188): CodeIgniter\Database\BaseConnection->query('select * from d...')
#4 C:\Users\development\dev\upn212horarios\system\CodeIgniter.php(919): App\Controllers\Coordinador\UsuarioController->index2()
#5 C:\Users\development\dev\upn212horarios\system\CodeIgniter.php(494): CodeIgniter\CodeIgniter->runController(Object(App\Controllers\Coordinador\UsuarioController))
#6 C:\Users\development\dev\upn212horarios\system\CodeIgniter.php(353): CodeIgniter\CodeIgniter->handleRequest(NULL, Object(Config\Cache), false)
#7 C:\Users\development\dev\upn212horarios\public\index.php(79): CodeIgniter\CodeIgniter->run()
#8 C:\Users\development\dev\upn212horarios\system\Commands\Server\rewrite.php(47): require_once('C:\\Users\\develo...')
#9 {main}
CRITICAL - 2023-11-20 16:06:26 --> You have an error in your SQL syntax; check the manual that corresponds to your MariaDB server version for the right syntax to use near '' at line 1
in SYSTEMPATH\Database\BaseConnection.php on line 646.
 1 APPPATH\Controllers\Coordinador\UsuarioController.php(188): CodeIgniter\Database\BaseConnection->query('select * from docentes_carreras where carrera =')
 2 SYSTEMPATH\CodeIgniter.php(919): App\Controllers\Coordinador\UsuarioController->index2()
 3 SYSTEMPATH\CodeIgniter.php(494): CodeIgniter\CodeIgniter->runController(Object(App\Controllers\Coordinador\UsuarioController))
 4 SYSTEMPATH\CodeIgniter.php(353): CodeIgniter\CodeIgniter->handleRequest(null, Object(Config\Cache), false)
 5 FCPATH\index.php(79): CodeIgniter\CodeIgniter->run()
 6 SYSTEMPATH\Commands\Server\rewrite.php(47): require_once('C:\\Users\\development\\dev\\upn212horarios\\public\\index.php')
INFO - 2023-11-20 16:07:10 --> Session: Class initialized using 'CodeIgniter\Session\Handlers\FileHandler' driver.
WARNING - 2023-11-20 16:07:10 --> [DEPRECATED] Creation of dynamic property App\Controllers\Coordinador\UsuarioController::$session is deprecated in APPPATH\Controllers\Coordinador\UsuarioController.php on line 17.
 1 SYSTEMPATH\CodeIgniter.php(891): App\Controllers\Coordinador\UsuarioController->__construct()
 2 SYSTEMPATH\CodeIgniter.php(485): CodeIgniter\CodeIgniter->createController()
 3 SYSTEMPATH\CodeIgniter.php(353): CodeIgniter\CodeIgniter->handleRequest(null, Object(Config\Cache), false)
 4 FCPATH\index.php(79): CodeIgniter\CodeIgniter->run()
 5 SYSTEMPATH\Commands\Server\rewrite.php(47): require_once('C:\\Users\\development\\dev\\upn212horarios\\public\\index.php')
ERROR - 2023-11-20 16:07:10 --> mysqli_sql_exception: You have an error in your SQL syntax; check the manual that corresponds to your MariaDB server version for the right syntax to use near '' at line 1 in C:\Users\development\dev\upn212horarios\system\Database\MySQLi\Connection.php:306
Stack trace:
#0 C:\Users\development\dev\upn212horarios\system\Database\MySQLi\Connection.php(306): mysqli->query('select * from d...', 0)
#1 C:\Users\development\dev\upn212horarios\system\Database\BaseConnection.php(692): CodeIgniter\Database\MySQLi\Connection->execute('select * from d...')
#2 C:\Users\development\dev\upn212horarios\system\Database\BaseConnection.php(606): CodeIgniter\Database\BaseConnection->simpleQuery('select * from d...')
#3 C:\Users\development\dev\upn212horarios\app\Controllers\Coordinador\UsuarioController.php(188): CodeIgniter\Database\BaseConnection->query('select * from d...', NULL)
#4 C:\Users\development\dev\upn212horarios\system\CodeIgniter.php(919): App\Controllers\Coordinador\UsuarioController->index2()
#5 C:\Users\development\dev\upn212horarios\system\CodeIgniter.php(494): CodeIgniter\CodeIgniter->runController(Object(App\Controllers\Coordinador\UsuarioController))
#6 C:\Users\development\dev\upn212horarios\system\CodeIgniter.php(353): CodeIgniter\CodeIgniter->handleRequest(NULL, Object(Config\Cache), false)
#7 C:\Users\development\dev\upn212horarios\public\index.php(79): CodeIgniter\CodeIgniter->run()
#8 C:\Users\development\dev\upn212horarios\system\Commands\Server\rewrite.php(47): require_once('C:\\Users\\develo...')
#9 {main}
CRITICAL - 2023-11-20 16:07:10 --> You have an error in your SQL syntax; check the manual that corresponds to your MariaDB server version for the right syntax to use near '' at line 1
in SYSTEMPATH\Database\BaseConnection.php on line 646.
 1 APPPATH\Controllers\Coordinador\UsuarioController.php(188): CodeIgniter\Database\BaseConnection->query('select * from docentes_carreras where carrera =', null)
 2 SYSTEMPATH\CodeIgniter.php(919): App\Controllers\Coordinador\UsuarioController->index2()
 3 SYSTEMPATH\CodeIgniter.php(494): CodeIgniter\CodeIgniter->runController(Object(App\Controllers\Coordinador\UsuarioController))
 4 SYSTEMPATH\CodeIgniter.php(353): CodeIgniter\CodeIgniter->handleRequest(null, Object(Config\Cache), false)
 5 FCPATH\index.php(79): CodeIgniter\CodeIgniter->run()
 6 SYSTEMPATH\Commands\Server\rewrite.php(47): require_once('C:\\Users\\development\\dev\\upn212horarios\\public\\index.php')
INFO - 2023-11-20 16:08:02 --> Session: Class initialized using 'CodeIgniter\Session\Handlers\FileHandler' driver.
WARNING - 2023-11-20 16:08:02 --> [DEPRECATED] Creation of dynamic property App\Controllers\Coordinador\UsuarioController::$session is deprecated in APPPATH\Controllers\Coordinador\UsuarioController.php on line 17.
 1 SYSTEMPATH\CodeIgniter.php(891): App\Controllers\Coordinador\UsuarioController->__construct()
 2 SYSTEMPATH\CodeIgniter.php(485): CodeIgniter\CodeIgniter->createController()
 3 SYSTEMPATH\CodeIgniter.php(353): CodeIgniter\CodeIgniter->handleRequest(null, Object(Config\Cache), false)
 4 FCPATH\index.php(79): CodeIgniter\CodeIgniter->run()
 5 SYSTEMPATH\Commands\Server\rewrite.php(47): require_once('C:\\Users\\development\\dev\\upn212horarios\\public\\index.php')
INFO - 2023-11-20 16:08:50 --> Session: Class initialized using 'CodeIgniter\Session\Handlers\FileHandler' driver.
WARNING - 2023-11-20 16:08:50 --> [DEPRECATED] Creation of dynamic property App\Controllers\Coordinador\UsuarioController::$session is deprecated in APPPATH\Controllers\Coordinador\UsuarioController.php on line 17.
 1 SYSTEMPATH\CodeIgniter.php(891): App\Controllers\Coordinador\UsuarioController->__construct()
 2 SYSTEMPATH\CodeIgniter.php(485): CodeIgniter\CodeIgniter->createController()
 3 SYSTEMPATH\CodeIgniter.php(353): CodeIgniter\CodeIgniter->handleRequest(null, Object(Config\Cache), false)
 4 FCPATH\index.php(79): CodeIgniter\CodeIgniter->run()
 5 SYSTEMPATH\Commands\Server\rewrite.php(47): require_once('C:\\Users\\development\\dev\\upn212horarios\\public\\index.php')
INFO - 2023-11-20 16:09:31 --> Session: Class initialized using 'CodeIgniter\Session\Handlers\FileHandler' driver.
WARNING - 2023-11-20 16:09:31 --> [DEPRECATED] Creation of dynamic property App\Controllers\Coordinador\UsuarioController::$session is deprecated in APPPATH\Controllers\Coordinador\UsuarioController.php on line 17.
 1 SYSTEMPATH\CodeIgniter.php(891): App\Controllers\Coordinador\UsuarioController->__construct()
 2 SYSTEMPATH\CodeIgniter.php(485): CodeIgniter\CodeIgniter->createController()
 3 SYSTEMPATH\CodeIgniter.php(353): CodeIgniter\CodeIgniter->handleRequest(null, Object(Config\Cache), false)
 4 FCPATH\index.php(79): CodeIgniter\CodeIgniter->run()
 5 SYSTEMPATH\Commands\Server\rewrite.php(47): require_once('C:\\Users\\development\\dev\\upn212horarios\\public\\index.php')
INFO - 2023-11-20 16:11:39 --> Session: Class initialized using 'CodeIgniter\Session\Handlers\FileHandler' driver.
WARNING - 2023-11-20 16:11:39 --> [DEPRECATED] Creation of dynamic property App\Controllers\Coordinador\UsuarioController::$session is deprecated in APPPATH\Controllers\Coordinador\UsuarioController.php on line 17.
 1 SYSTEMPATH\CodeIgniter.php(891): App\Controllers\Coordinador\UsuarioController->__construct()
 2 SYSTEMPATH\CodeIgniter.php(485): CodeIgniter\CodeIgniter->createController()
 3 SYSTEMPATH\CodeIgniter.php(353): CodeIgniter\CodeIgniter->handleRequest(null, Object(Config\Cache), false)
 4 FCPATH\index.php(79): CodeIgniter\CodeIgniter->run()
 5 SYSTEMPATH\Commands\Server\rewrite.php(47): require_once('C:\\Users\\development\\dev\\upn212horarios\\public\\index.php')
INFO - 2023-11-20 16:12:21 --> Session: Class initialized using 'CodeIgniter\Session\Handlers\FileHandler' driver.
WARNING - 2023-11-20 16:12:21 --> [DEPRECATED] Creation of dynamic property App\Controllers\Coordinador\UsuarioController::$session is deprecated in APPPATH\Controllers\Coordinador\UsuarioController.php on line 17.
 1 SYSTEMPATH\CodeIgniter.php(891): App\Controllers\Coordinador\UsuarioController->__construct()
 2 SYSTEMPATH\CodeIgniter.php(485): CodeIgniter\CodeIgniter->createController()
 3 SYSTEMPATH\CodeIgniter.php(353): CodeIgniter\CodeIgniter->handleRequest(null, Object(Config\Cache), false)
 4 FCPATH\index.php(79): CodeIgniter\CodeIgniter->run()
 5 SYSTEMPATH\Commands\Server\rewrite.php(47): require_once('C:\\Users\\development\\dev\\upn212horarios\\public\\index.php')
INFO - 2023-11-20 16:13:43 --> Session: Class initialized using 'CodeIgniter\Session\Handlers\FileHandler' driver.
WARNING - 2023-11-20 16:13:43 --> [DEPRECATED] Creation of dynamic property App\Controllers\Coordinador\UsuarioController::$session is deprecated in APPPATH\Controllers\Coordinador\UsuarioController.php on line 17.
 1 SYSTEMPATH\CodeIgniter.php(891): App\Controllers\Coordinador\UsuarioController->__construct()
 2 SYSTEMPATH\CodeIgniter.php(485): CodeIgniter\CodeIgniter->createController()
 3 SYSTEMPATH\CodeIgniter.php(353): CodeIgniter\CodeIgniter->handleRequest(null, Object(Config\Cache), false)
 4 FCPATH\index.php(79): CodeIgniter\CodeIgniter->run()
 5 SYSTEMPATH\Commands\Server\rewrite.php(47): require_once('C:\\Users\\development\\dev\\upn212horarios\\public\\index.php')
INFO - 2023-11-20 16:14:51 --> Session: Class initialized using 'CodeIgniter\Session\Handlers\FileHandler' driver.
WARNING - 2023-11-20 16:14:51 --> [DEPRECATED] Creation of dynamic property App\Controllers\Coordinador\UsuarioController::$session is deprecated in APPPATH\Controllers\Coordinador\UsuarioController.php on line 17.
 1 SYSTEMPATH\CodeIgniter.php(891): App\Controllers\Coordinador\UsuarioController->__construct()
 2 SYSTEMPATH\CodeIgniter.php(485): CodeIgniter\CodeIgniter->createController()
 3 SYSTEMPATH\CodeIgniter.php(353): CodeIgniter\CodeIgniter->handleRequest(null, Object(Config\Cache), false)
 4 FCPATH\index.php(79): CodeIgniter\CodeIgniter->run()
 5 SYSTEMPATH\Commands\Server\rewrite.php(47): require_once('C:\\Users\\development\\dev\\upn212horarios\\public\\index.php')
INFO - 2023-11-20 16:16:00 --> Session: Class initialized using 'CodeIgniter\Session\Handlers\FileHandler' driver.
WARNING - 2023-11-20 16:16:00 --> [DEPRECATED] Creation of dynamic property App\Controllers\Coordinador\UsuarioController::$session is deprecated in APPPATH\Controllers\Coordinador\UsuarioController.php on line 17.
 1 SYSTEMPATH\CodeIgniter.php(891): App\Controllers\Coordinador\UsuarioController->__construct()
 2 SYSTEMPATH\CodeIgniter.php(485): CodeIgniter\CodeIgniter->createController()
 3 SYSTEMPATH\CodeIgniter.php(353): CodeIgniter\CodeIgniter->handleRequest(null, Object(Config\Cache), false)
 4 FCPATH\index.php(79): CodeIgniter\CodeIgniter->run()
 5 SYSTEMPATH\Commands\Server\rewrite.php(47): require_once('C:\\Users\\development\\dev\\upn212horarios\\public\\index.php')
INFO - 2023-11-20 16:16:53 --> Session: Class initialized using 'CodeIgniter\Session\Handlers\FileHandler' driver.
WARNING - 2023-11-20 16:16:53 --> [DEPRECATED] Creation of dynamic property App\Controllers\Coordinador\UsuarioController::$session is deprecated in APPPATH\Controllers\Coordinador\UsuarioController.php on line 17.
 1 SYSTEMPATH\CodeIgniter.php(891): App\Controllers\Coordinador\UsuarioController->__construct()
 2 SYSTEMPATH\CodeIgniter.php(485): CodeIgniter\CodeIgniter->createController()
 3 SYSTEMPATH\CodeIgniter.php(353): CodeIgniter\CodeIgniter->handleRequest(null, Object(Config\Cache), false)
 4 FCPATH\index.php(79): CodeIgniter\CodeIgniter->run()
 5 SYSTEMPATH\Commands\Server\rewrite.php(47): require_once('C:\\Users\\development\\dev\\upn212horarios\\public\\index.php')
