INFO - 2023-10-16 16:56:48 --> Session: Class initialized using 'CodeIgniter\Session\Handlers\FileHandler' driver.
INFO - 2023-10-16 16:57:58 --> Session: Class initialized using 'CodeIgniter\Session\Handlers\FileHandler' driver.
INFO - 2023-10-16 16:58:10 --> Session: Class initialized using 'CodeIgniter\Session\Handlers\FileHandler' driver.
INFO - 2023-10-16 16:58:10 --> Session: Class initialized using 'CodeIgniter\Session\Handlers\FileHandler' driver.
INFO - 2023-10-16 16:58:24 --> Session: Class initialized using 'CodeIgniter\Session\Handlers\FileHandler' driver.
INFO - 2023-10-16 16:58:25 --> Session: Class initialized using 'CodeIgniter\Session\Handlers\FileHandler' driver.
WARNING - 2023-10-16 16:58:25 --> [DEPRECATED] Creation of dynamic property App\Controllers\Admin\UsuarioController::$session is deprecated in APPPATH/Controllers/Admin/UsuarioController.php on line 15.
 1 SYSTEMPATH/CodeIgniter.php(891): App\Controllers\Admin\UsuarioController->__construct()
 2 SYSTEMPATH/CodeIgniter.php(485): CodeIgniter\CodeIgniter->createController()
 3 SYSTEMPATH/CodeIgniter.php(353): CodeIgniter\CodeIgniter->handleRequest(null, Object(Config\Cache), false)
 4 FCPATH/index.php(79): CodeIgniter\CodeIgniter->run()
 5 SYSTEMPATH/Commands/Server/rewrite.php(47): require_once('/run/media/degante/DEVELOPMENT/dev/horarios/public/index.php')
INFO - 2023-10-16 16:58:28 --> Session: Class initialized using 'CodeIgniter\Session\Handlers\FileHandler' driver.
INFO - 2023-10-16 16:58:30 --> Session: Class initialized using 'CodeIgniter\Session\Handlers\FileHandler' driver.
INFO - 2023-10-16 16:58:31 --> Session: Class initialized using 'CodeIgniter\Session\Handlers\FileHandler' driver.
INFO - 2023-10-16 18:41:00 --> Session: Class initialized using 'CodeIgniter\Session\Handlers\FileHandler' driver.
INFO - 2023-10-16 18:41:00 --> Session: Class initialized using 'CodeIgniter\Session\Handlers\FileHandler' driver.
INFO - 2023-10-16 18:41:02 --> Session: Class initialized using 'CodeIgniter\Session\Handlers\FileHandler' driver.
INFO - 2023-10-16 18:41:03 --> Session: Class initialized using 'CodeIgniter\Session\Handlers\FileHandler' driver.
INFO - 2023-10-16 18:41:11 --> Session: Class initialized using 'CodeIgniter\Session\Handlers\FileHandler' driver.
INFO - 2023-10-16 18:58:41 --> Session: Class initialized using 'CodeIgniter\Session\Handlers\FileHandler' driver.
ERROR - 2023-10-16 18:58:41 --> mysqli_sql_exception: Unknown column 'username' in 'where clause' in /run/media/degante/DEVELOPMENT/dev/horarios/system/Database/MySQLi/Connection.php:306
Stack trace:
#0 /run/media/degante/DEVELOPMENT/dev/horarios/system/Database/MySQLi/Connection.php(306): mysqli->query()
#1 /run/media/degante/DEVELOPMENT/dev/horarios/system/Database/BaseConnection.php(692): CodeIgniter\Database\MySQLi\Connection->execute()
#2 /run/media/degante/DEVELOPMENT/dev/horarios/system/Database/BaseConnection.php(606): CodeIgniter\Database\BaseConnection->simpleQuery()
#3 /run/media/degante/DEVELOPMENT/dev/horarios/system/Database/BaseBuilder.php(1615): CodeIgniter\Database\BaseConnection->query()
#4 /run/media/degante/DEVELOPMENT/dev/horarios/system/Model.php(264): CodeIgniter\Database\BaseBuilder->get()
#5 /run/media/degante/DEVELOPMENT/dev/horarios/system/BaseModel.php(662): CodeIgniter\Model->doFirst()
#6 /run/media/degante/DEVELOPMENT/dev/horarios/app/Validation/Userrules.php(14): CodeIgniter\BaseModel->first()
#7 /run/media/degante/DEVELOPMENT/dev/horarios/system/Validation/Validation.php(309): App\Validation\Userrules->validateUser()
#8 /run/media/degante/DEVELOPMENT/dev/horarios/system/Validation/Validation.php(195): CodeIgniter\Validation\Validation->processRules()
#9 /run/media/degante/DEVELOPMENT/dev/horarios/system/Controller.php(150): CodeIgniter\Validation\Validation->run()
#10 /run/media/degante/DEVELOPMENT/dev/horarios/app/Controllers/UserController.php(29): CodeIgniter\Controller->validate()
#11 /run/media/degante/DEVELOPMENT/dev/horarios/system/CodeIgniter.php(919): App\Controllers\UserController->login()
#12 /run/media/degante/DEVELOPMENT/dev/horarios/system/CodeIgniter.php(494): CodeIgniter\CodeIgniter->runController()
#13 /run/media/degante/DEVELOPMENT/dev/horarios/system/CodeIgniter.php(353): CodeIgniter\CodeIgniter->handleRequest()
#14 /run/media/degante/DEVELOPMENT/dev/horarios/public/index.php(79): CodeIgniter\CodeIgniter->run()
#15 /run/media/degante/DEVELOPMENT/dev/horarios/system/Commands/Server/rewrite.php(47): require_once('...')
#16 {main}
CRITICAL - 2023-10-16 18:58:41 --> Unknown column 'username' in 'where clause'
in SYSTEMPATH/Database/BaseConnection.php on line 646.
 1 SYSTEMPATH/Database/BaseBuilder.php(1615): CodeIgniter\Database\BaseConnection->query()
 2 SYSTEMPATH/Model.php(264): CodeIgniter\Database\BaseBuilder->get()
 3 SYSTEMPATH/BaseModel.php(662): CodeIgniter\Model->doFirst()
 4 APPPATH/Validation/Userrules.php(14): CodeIgniter\BaseModel->first()
 5 SYSTEMPATH/Validation/Validation.php(309): App\Validation\Userrules->validateUser()
 6 SYSTEMPATH/Validation/Validation.php(195): CodeIgniter\Validation\Validation->processRules()
 7 SYSTEMPATH/Controller.php(150): CodeIgniter\Validation\Validation->run()
 8 APPPATH/Controllers/UserController.php(29): CodeIgniter\Controller->validate()
 9 SYSTEMPATH/CodeIgniter.php(919): App\Controllers\UserController->login()
10 SYSTEMPATH/CodeIgniter.php(494): CodeIgniter\CodeIgniter->runController()
11 SYSTEMPATH/CodeIgniter.php(353): CodeIgniter\CodeIgniter->handleRequest()
12 FCPATH/index.php(79): CodeIgniter\CodeIgniter->run()
13 SYSTEMPATH/Commands/Server/rewrite.php(47): require_once('/run/media/degante/DEVELOPMENT/dev/horarios/public/index.php')
INFO - 2023-10-16 19:02:18 --> Session: Class initialized using 'CodeIgniter\Session\Handlers\FileHandler' driver.
INFO - 2023-10-16 19:02:28 --> Session: Class initialized using 'CodeIgniter\Session\Handlers\FileHandler' driver.
ERROR - 2023-10-16 19:02:28 --> mysqli_sql_exception: Unknown column 'username' in 'where clause' in /run/media/degante/DEVELOPMENT/dev/horarios/system/Database/MySQLi/Connection.php:306
Stack trace:
#0 /run/media/degante/DEVELOPMENT/dev/horarios/system/Database/MySQLi/Connection.php(306): mysqli->query()
#1 /run/media/degante/DEVELOPMENT/dev/horarios/system/Database/BaseConnection.php(692): CodeIgniter\Database\MySQLi\Connection->execute()
#2 /run/media/degante/DEVELOPMENT/dev/horarios/system/Database/BaseConnection.php(606): CodeIgniter\Database\BaseConnection->simpleQuery()
#3 /run/media/degante/DEVELOPMENT/dev/horarios/system/Database/BaseBuilder.php(1615): CodeIgniter\Database\BaseConnection->query()
#4 /run/media/degante/DEVELOPMENT/dev/horarios/system/Model.php(264): CodeIgniter\Database\BaseBuilder->get()
#5 /run/media/degante/DEVELOPMENT/dev/horarios/system/BaseModel.php(662): CodeIgniter\Model->doFirst()
#6 /run/media/degante/DEVELOPMENT/dev/horarios/app/Validation/Userrules.php(14): CodeIgniter\BaseModel->first()
#7 /run/media/degante/DEVELOPMENT/dev/horarios/system/Validation/Validation.php(309): App\Validation\Userrules->validateUser()
#8 /run/media/degante/DEVELOPMENT/dev/horarios/system/Validation/Validation.php(195): CodeIgniter\Validation\Validation->processRules()
#9 /run/media/degante/DEVELOPMENT/dev/horarios/system/Controller.php(150): CodeIgniter\Validation\Validation->run()
#10 /run/media/degante/DEVELOPMENT/dev/horarios/app/Controllers/UserController.php(29): CodeIgniter\Controller->validate()
#11 /run/media/degante/DEVELOPMENT/dev/horarios/system/CodeIgniter.php(919): App\Controllers\UserController->login()
#12 /run/media/degante/DEVELOPMENT/dev/horarios/system/CodeIgniter.php(494): CodeIgniter\CodeIgniter->runController()
#13 /run/media/degante/DEVELOPMENT/dev/horarios/system/CodeIgniter.php(353): CodeIgniter\CodeIgniter->handleRequest()
#14 /run/media/degante/DEVELOPMENT/dev/horarios/public/index.php(79): CodeIgniter\CodeIgniter->run()
#15 /run/media/degante/DEVELOPMENT/dev/horarios/system/Commands/Server/rewrite.php(47): require_once('...')
#16 {main}
CRITICAL - 2023-10-16 19:02:28 --> Unknown column 'username' in 'where clause'
in SYSTEMPATH/Database/BaseConnection.php on line 646.
 1 SYSTEMPATH/Database/BaseBuilder.php(1615): CodeIgniter\Database\BaseConnection->query()
 2 SYSTEMPATH/Model.php(264): CodeIgniter\Database\BaseBuilder->get()
 3 SYSTEMPATH/BaseModel.php(662): CodeIgniter\Model->doFirst()
 4 APPPATH/Validation/Userrules.php(14): CodeIgniter\BaseModel->first()
 5 SYSTEMPATH/Validation/Validation.php(309): App\Validation\Userrules->validateUser()
 6 SYSTEMPATH/Validation/Validation.php(195): CodeIgniter\Validation\Validation->processRules()
 7 SYSTEMPATH/Controller.php(150): CodeIgniter\Validation\Validation->run()
 8 APPPATH/Controllers/UserController.php(29): CodeIgniter\Controller->validate()
 9 SYSTEMPATH/CodeIgniter.php(919): App\Controllers\UserController->login()
10 SYSTEMPATH/CodeIgniter.php(494): CodeIgniter\CodeIgniter->runController()
11 SYSTEMPATH/CodeIgniter.php(353): CodeIgniter\CodeIgniter->handleRequest()
12 FCPATH/index.php(79): CodeIgniter\CodeIgniter->run()
13 SYSTEMPATH/Commands/Server/rewrite.php(47): require_once('/run/media/degante/DEVELOPMENT/dev/horarios/public/index.php')
INFO - 2023-10-16 19:06:07 --> Session: Class initialized using 'CodeIgniter\Session\Handlers\FileHandler' driver.
INFO - 2023-10-16 19:06:15 --> Session: Class initialized using 'CodeIgniter\Session\Handlers\FileHandler' driver.
INFO - 2023-10-16 19:06:47 --> Session: Class initialized using 'CodeIgniter\Session\Handlers\FileHandler' driver.
INFO - 2023-10-16 19:07:17 --> Session: Class initialized using 'CodeIgniter\Session\Handlers\FileHandler' driver.
INFO - 2023-10-16 19:07:28 --> Session: Class initialized using 'CodeIgniter\Session\Handlers\FileHandler' driver.
INFO - 2023-10-16 19:10:18 --> Session: Class initialized using 'CodeIgniter\Session\Handlers\FileHandler' driver.
INFO - 2023-10-16 19:10:27 --> Session: Class initialized using 'CodeIgniter\Session\Handlers\FileHandler' driver.
INFO - 2023-10-16 19:14:35 --> Session: Class initialized using 'CodeIgniter\Session\Handlers\FileHandler' driver.
CRITICAL - 2023-10-16 19:14:35 --> syntax error, unexpected variable "$errors"
in APPPATH/Controllers/UserController.php on line 23.
 1 SYSTEMPATH/Autoloader/Autoloader.php(285): CodeIgniter\Autoloader\Autoloader->includeFile()
 2 SYSTEMPATH/Autoloader/Autoloader.php(263): CodeIgniter\Autoloader\Autoloader->loadInNamespace()
 3 [internal function]: CodeIgniter\Autoloader\Autoloader->loadClass()
 4 SYSTEMPATH/CodeIgniter.php(877): class_exists()
 5 SYSTEMPATH/CodeIgniter.php(481): CodeIgniter\CodeIgniter->startController()
 6 SYSTEMPATH/CodeIgniter.php(353): CodeIgniter\CodeIgniter->handleRequest()
 7 FCPATH/index.php(79): CodeIgniter\CodeIgniter->run()
 8 SYSTEMPATH/Commands/Server/rewrite.php(47): require_once('/run/media/degante/DEVELOPMENT/dev/horarios/public/index.php')
INFO - 2023-10-16 19:16:21 --> Session: Class initialized using 'CodeIgniter\Session\Handlers\FileHandler' driver.
INFO - 2023-10-16 19:16:33 --> Session: Class initialized using 'CodeIgniter\Session\Handlers\FileHandler' driver.
INFO - 2023-10-16 19:16:42 --> Session: Class initialized using 'CodeIgniter\Session\Handlers\FileHandler' driver.
INFO - 2023-10-16 19:18:05 --> Session: Class initialized using 'CodeIgniter\Session\Handlers\FileHandler' driver.
INFO - 2023-10-16 19:18:52 --> Session: Class initialized using 'CodeIgniter\Session\Handlers\FileHandler' driver.
INFO - 2023-10-16 19:19:01 --> Session: Class initialized using 'CodeIgniter\Session\Handlers\FileHandler' driver.
INFO - 2023-10-16 19:19:56 --> Session: Class initialized using 'CodeIgniter\Session\Handlers\FileHandler' driver.
CRITICAL - 2023-10-16 19:19:56 --> Trying to access array offset on value of type null
in APPPATH/Controllers/UserController.php on line 69.
 1 APPPATH/Controllers/UserController.php(69): CodeIgniter\Debug\Exceptions->errorHandler()
 2 APPPATH/Controllers/UserController.php(43): App\Controllers\UserController->setUserSession()
 3 SYSTEMPATH/CodeIgniter.php(919): App\Controllers\UserController->login()
 4 SYSTEMPATH/CodeIgniter.php(494): CodeIgniter\CodeIgniter->runController()
 5 SYSTEMPATH/CodeIgniter.php(353): CodeIgniter\CodeIgniter->handleRequest()
 6 FCPATH/index.php(79): CodeIgniter\CodeIgniter->run()
 7 SYSTEMPATH/Commands/Server/rewrite.php(47): require_once('/run/media/degante/DEVELOPMENT/dev/horarios/public/index.php')
INFO - 2023-10-16 19:20:27 --> Session: Class initialized using 'CodeIgniter\Session\Handlers\FileHandler' driver.
INFO - 2023-10-16 19:20:28 --> Session: Class initialized using 'CodeIgniter\Session\Handlers\FileHandler' driver.
INFO - 2023-10-16 21:47:12 --> Session: Class initialized using 'CodeIgniter\Session\Handlers\FileHandler' driver.
INFO - 2023-10-16 21:47:12 --> Session: Class initialized using 'CodeIgniter\Session\Handlers\FileHandler' driver.
INFO - 2023-10-16 21:47:20 --> Session: Class initialized using 'CodeIgniter\Session\Handlers\FileHandler' driver.
INFO - 2023-10-16 21:49:11 --> Session: Class initialized using 'CodeIgniter\Session\Handlers\FileHandler' driver.
INFO - 2023-10-16 21:49:23 --> Session: Class initialized using 'CodeIgniter\Session\Handlers\FileHandler' driver.
INFO - 2023-10-16 21:49:23 --> Session: Class initialized using 'CodeIgniter\Session\Handlers\FileHandler' driver.
INFO - 2023-10-16 21:55:09 --> Session: Class initialized using 'CodeIgniter\Session\Handlers\FileHandler' driver.
INFO - 2023-10-16 21:56:09 --> Session: Class initialized using 'CodeIgniter\Session\Handlers\FileHandler' driver.
INFO - 2023-10-16 21:56:17 --> Session: Class initialized using 'CodeIgniter\Session\Handlers\FileHandler' driver.
INFO - 2023-10-16 21:57:16 --> Session: Class initialized using 'CodeIgniter\Session\Handlers\FileHandler' driver.
INFO - 2023-10-16 21:57:18 --> Session: Class initialized using 'CodeIgniter\Session\Handlers\FileHandler' driver.
INFO - 2023-10-16 21:57:19 --> Session: Class initialized using 'CodeIgniter\Session\Handlers\FileHandler' driver.
INFO - 2023-10-16 21:57:26 --> Session: Class initialized using 'CodeIgniter\Session\Handlers\FileHandler' driver.
INFO - 2023-10-16 22:02:09 --> Session: Class initialized using 'CodeIgniter\Session\Handlers\FileHandler' driver.
INFO - 2023-10-16 22:02:11 --> Session: Class initialized using 'CodeIgniter\Session\Handlers\FileHandler' driver.
CRITICAL - 2023-10-16 22:02:11 --> Invalid file: "docentes/logind.php"
in SYSTEMPATH/Exceptions/FrameworkException.php on line 39.
 1 SYSTEMPATH/View/View.php(214): CodeIgniter\Exceptions\FrameworkException::forInvalidFile()
 2 SYSTEMPATH/Common.php(1188): CodeIgniter\View\View->render()
 3 APPPATH/Controllers/DocenteController.php(46): view()
 4 SYSTEMPATH/CodeIgniter.php(919): App\Controllers\DocenteController->logind()
 5 SYSTEMPATH/CodeIgniter.php(494): CodeIgniter\CodeIgniter->runController()
 6 SYSTEMPATH/CodeIgniter.php(353): CodeIgniter\CodeIgniter->handleRequest()
 7 FCPATH/index.php(79): CodeIgniter\CodeIgniter->run()
 8 SYSTEMPATH/Commands/Server/rewrite.php(47): require_once('/run/media/degante/DEVELOPMENT/dev/horarios/public/index.php')
INFO - 2023-10-16 22:02:27 --> Session: Class initialized using 'CodeIgniter\Session\Handlers\FileHandler' driver.
INFO - 2023-10-16 22:06:57 --> Session: Class initialized using 'CodeIgniter\Session\Handlers\FileHandler' driver.
INFO - 2023-10-16 22:07:05 --> Session: Class initialized using 'CodeIgniter\Session\Handlers\FileHandler' driver.
INFO - 2023-10-16 22:12:08 --> Session: Class initialized using 'CodeIgniter\Session\Handlers\FileHandler' driver.
INFO - 2023-10-16 22:12:15 --> Session: Class initialized using 'CodeIgniter\Session\Handlers\FileHandler' driver.
INFO - 2023-10-16 22:13:14 --> Session: Class initialized using 'CodeIgniter\Session\Handlers\FileHandler' driver.
CRITICAL - 2023-10-16 22:18:37 --> "noauthd" filter must have a matching alias defined.
in SYSTEMPATH/Filters/Filters.php on line 350.
 1 SYSTEMPATH/Filters/Filters.php(350): CodeIgniter\Filters\Exceptions\FilterException::forNoAlias()
 2 SYSTEMPATH/CodeIgniter.php(459): CodeIgniter\Filters\Filters->enableFilter()
 3 SYSTEMPATH/CodeIgniter.php(353): CodeIgniter\CodeIgniter->handleRequest()
 4 FCPATH/index.php(79): CodeIgniter\CodeIgniter->run()
 5 SYSTEMPATH/Commands/Server/rewrite.php(47): require_once('/run/media/degante/DEVELOPMENT/dev/horarios/public/index.php')
INFO - 2023-10-16 22:19:27 --> Session: Class initialized using 'CodeIgniter\Session\Handlers\FileHandler' driver.
INFO - 2023-10-16 22:19:36 --> Session: Class initialized using 'CodeIgniter\Session\Handlers\FileHandler' driver.
INFO - 2023-10-16 22:19:57 --> Session: Class initialized using 'CodeIgniter\Session\Handlers\FileHandler' driver.
INFO - 2023-10-16 22:20:40 --> Session: Class initialized using 'CodeIgniter\Session\Handlers\FileHandler' driver.
INFO - 2023-10-16 22:20:48 --> Session: Class initialized using 'CodeIgniter\Session\Handlers\FileHandler' driver.
INFO - 2023-10-16 22:22:54 --> Session: Class initialized using 'CodeIgniter\Session\Handlers\FileHandler' driver.
INFO - 2023-10-16 22:23:02 --> Session: Class initialized using 'CodeIgniter\Session\Handlers\FileHandler' driver.
