INFO - 2023-11-09 14:47:07 --> Session: Class initialized using 'CodeIgniter\Session\Handlers\FileHandler' driver.
ERROR - 2023-11-09 14:47:07 --> Error connecting to the database: mysqli_sql_exception: Access denied for user 'root'@'localhost' in /run/media/degante/DEVELOPMENT/dev/horarios/system/Database/MySQLi/Connection.php:184
Stack trace:
#0 /run/media/degante/DEVELOPMENT/dev/horarios/system/Database/MySQLi/Connection.php(184): mysqli->real_connect()
#1 /run/media/degante/DEVELOPMENT/dev/horarios/system/Database/BaseConnection.php(391): CodeIgniter\Database\MySQLi\Connection->connect()
#2 /run/media/degante/DEVELOPMENT/dev/horarios/system/Database/BaseConnection.php(574): CodeIgniter\Database\BaseConnection->initialize()
#3 /run/media/degante/DEVELOPMENT/dev/horarios/system/Database/BaseBuilder.php(1615): CodeIgniter\Database\BaseConnection->query()
#4 /run/media/degante/DEVELOPMENT/dev/horarios/system/Model.php(264): CodeIgniter\Database\BaseBuilder->get()
#5 /run/media/degante/DEVELOPMENT/dev/horarios/system/BaseModel.php(662): CodeIgniter\Model->doFirst()
#6 /run/media/degante/DEVELOPMENT/dev/horarios/app/Validation/Userrules.php(11): CodeIgniter\BaseModel->first()
#7 /run/media/degante/DEVELOPMENT/dev/horarios/system/Validation/Validation.php(309): App\Validation\Userrules->validateUser()
#8 /run/media/degante/DEVELOPMENT/dev/horarios/system/Validation/Validation.php(195): CodeIgniter\Validation\Validation->processRules()
#9 /run/media/degante/DEVELOPMENT/dev/horarios/system/Controller.php(150): CodeIgniter\Validation\Validation->run()
#10 /run/media/degante/DEVELOPMENT/dev/horarios/app/Controllers/UserController.php(28): CodeIgniter\Controller->validate()
#11 /run/media/degante/DEVELOPMENT/dev/horarios/system/CodeIgniter.php(919): App\Controllers\UserController->login()
#12 /run/media/degante/DEVELOPMENT/dev/horarios/system/CodeIgniter.php(494): CodeIgniter\CodeIgniter->runController()
#13 /run/media/degante/DEVELOPMENT/dev/horarios/system/CodeIgniter.php(353): CodeIgniter\CodeIgniter->handleRequest()
#14 /run/media/degante/DEVELOPMENT/dev/horarios/public/index.php(79): CodeIgniter\CodeIgniter->run()
#15 /run/media/degante/DEVELOPMENT/dev/horarios/system/Commands/Server/rewrite.php(47): require_once('...')
#16 {main}

Next CodeIgniter\Database\Exceptions\DatabaseException: Access denied for user '****'@'localhost' in /run/media/degante/DEVELOPMENT/dev/horarios/system/Database/MySQLi/Connection.php:229
Stack trace:
#0 /run/media/degante/DEVELOPMENT/dev/horarios/system/Database/BaseConnection.php(391): CodeIgniter\Database\MySQLi\Connection->connect()
#1 /run/media/degante/DEVELOPMENT/dev/horarios/system/Database/BaseConnection.php(574): CodeIgniter\Database\BaseConnection->initialize()
#2 /run/media/degante/DEVELOPMENT/dev/horarios/system/Database/BaseBuilder.php(1615): CodeIgniter\Database\BaseConnection->query()
#3 /run/media/degante/DEVELOPMENT/dev/horarios/system/Model.php(264): CodeIgniter\Database\BaseBuilder->get()
#4 /run/media/degante/DEVELOPMENT/dev/horarios/system/BaseModel.php(662): CodeIgniter\Model->doFirst()
#5 /run/media/degante/DEVELOPMENT/dev/horarios/app/Validation/Userrules.php(11): CodeIgniter\BaseModel->first()
#6 /run/media/degante/DEVELOPMENT/dev/horarios/system/Validation/Validation.php(309): App\Validation\Userrules->validateUser()
#7 /run/media/degante/DEVELOPMENT/dev/horarios/system/Validation/Validation.php(195): CodeIgniter\Validation\Validation->processRules()
#8 /run/media/degante/DEVELOPMENT/dev/horarios/system/Controller.php(150): CodeIgniter\Validation\Validation->run()
#9 /run/media/degante/DEVELOPMENT/dev/horarios/app/Controllers/UserController.php(28): CodeIgniter\Controller->validate()
#10 /run/media/degante/DEVELOPMENT/dev/horarios/system/CodeIgniter.php(919): App\Controllers\UserController->login()
#11 /run/media/degante/DEVELOPMENT/dev/horarios/system/CodeIgniter.php(494): CodeIgniter\CodeIgniter->runController()
#12 /run/media/degante/DEVELOPMENT/dev/horarios/system/CodeIgniter.php(353): CodeIgniter\CodeIgniter->handleRequest()
#13 /run/media/degante/DEVELOPMENT/dev/horarios/public/index.php(79): CodeIgniter\CodeIgniter->run()
#14 /run/media/degante/DEVELOPMENT/dev/horarios/system/Commands/Server/rewrite.php(47): require_once('...')
#15 {main}
CRITICAL - 2023-11-09 14:47:07 --> Unable to connect to the database.
Main connection [MySQLi]: Access denied for user '****'@'localhost'
in SYSTEMPATH/Database/BaseConnection.php on line 427.
 1 SYSTEMPATH/Database/BaseConnection.php(574): CodeIgniter\Database\BaseConnection->initialize()
 2 SYSTEMPATH/Database/BaseBuilder.php(1615): CodeIgniter\Database\BaseConnection->query()
 3 SYSTEMPATH/Model.php(264): CodeIgniter\Database\BaseBuilder->get()
 4 SYSTEMPATH/BaseModel.php(662): CodeIgniter\Model->doFirst()
 5 APPPATH/Validation/Userrules.php(11): CodeIgniter\BaseModel->first()
 6 SYSTEMPATH/Validation/Validation.php(309): App\Validation\Userrules->validateUser()
 7 SYSTEMPATH/Validation/Validation.php(195): CodeIgniter\Validation\Validation->processRules()
 8 SYSTEMPATH/Controller.php(150): CodeIgniter\Validation\Validation->run()
 9 APPPATH/Controllers/UserController.php(28): CodeIgniter\Controller->validate()
10 SYSTEMPATH/CodeIgniter.php(919): App\Controllers\UserController->login()
11 SYSTEMPATH/CodeIgniter.php(494): CodeIgniter\CodeIgniter->runController()
12 SYSTEMPATH/CodeIgniter.php(353): CodeIgniter\CodeIgniter->handleRequest()
13 FCPATH/index.php(79): CodeIgniter\CodeIgniter->run()
14 SYSTEMPATH/Commands/Server/rewrite.php(47): require_once('/run/media/degante/DEVELOPMENT/dev/horarios/public/index.php')
INFO - 2023-11-09 14:47:35 --> Session: Class initialized using 'CodeIgniter\Session\Handlers\FileHandler' driver.
INFO - 2023-11-09 14:47:36 --> Session: Class initialized using 'CodeIgniter\Session\Handlers\FileHandler' driver.
INFO - 2023-11-09 14:47:40 --> Session: Class initialized using 'CodeIgniter\Session\Handlers\FileHandler' driver.
WARNING - 2023-11-09 14:47:40 --> [DEPRECATED] Creation of dynamic property App\Controllers\Admin\UsuarioController::$session is deprecated in APPPATH/Controllers/Admin/UsuarioController.php on line 15.
 1 SYSTEMPATH/CodeIgniter.php(891): App\Controllers\Admin\UsuarioController->__construct()
 2 SYSTEMPATH/CodeIgniter.php(485): CodeIgniter\CodeIgniter->createController()
 3 SYSTEMPATH/CodeIgniter.php(353): CodeIgniter\CodeIgniter->handleRequest(null, Object(Config\Cache), false)
 4 FCPATH/index.php(79): CodeIgniter\CodeIgniter->run()
 5 SYSTEMPATH/Commands/Server/rewrite.php(47): require_once('/run/media/degante/DEVELOPMENT/dev/horarios/public/index.php')
INFO - 2023-11-09 14:47:50 --> Session: Class initialized using 'CodeIgniter\Session\Handlers\FileHandler' driver.
WARNING - 2023-11-09 14:47:50 --> [DEPRECATED] Creation of dynamic property App\Controllers\Admin\UsuarioController::$session is deprecated in APPPATH/Controllers/Admin/UsuarioController.php on line 15.
 1 SYSTEMPATH/CodeIgniter.php(891): App\Controllers\Admin\UsuarioController->__construct()
 2 SYSTEMPATH/CodeIgniter.php(485): CodeIgniter\CodeIgniter->createController()
 3 SYSTEMPATH/CodeIgniter.php(353): CodeIgniter\CodeIgniter->handleRequest(null, Object(Config\Cache), false)
 4 FCPATH/index.php(79): CodeIgniter\CodeIgniter->run()
 5 SYSTEMPATH/Commands/Server/rewrite.php(47): require_once('/run/media/degante/DEVELOPMENT/dev/horarios/public/index.php')
INFO - 2023-11-09 14:48:05 --> Session: Class initialized using 'CodeIgniter\Session\Handlers\FileHandler' driver.
WARNING - 2023-11-09 14:48:05 --> [DEPRECATED] Creation of dynamic property App\Controllers\Admin\UsuarioController::$session is deprecated in APPPATH/Controllers/Admin/UsuarioController.php on line 15.
 1 SYSTEMPATH/CodeIgniter.php(891): App\Controllers\Admin\UsuarioController->__construct()
 2 SYSTEMPATH/CodeIgniter.php(485): CodeIgniter\CodeIgniter->createController()
 3 SYSTEMPATH/CodeIgniter.php(353): CodeIgniter\CodeIgniter->handleRequest(null, Object(Config\Cache), false)
 4 FCPATH/index.php(79): CodeIgniter\CodeIgniter->run()
 5 SYSTEMPATH/Commands/Server/rewrite.php(47): require_once('/run/media/degante/DEVELOPMENT/dev/horarios/public/index.php')
INFO - 2023-11-09 14:48:10 --> Session: Class initialized using 'CodeIgniter\Session\Handlers\FileHandler' driver.
WARNING - 2023-11-09 14:48:10 --> [DEPRECATED] Creation of dynamic property App\Controllers\Admin\UsuarioController::$session is deprecated in APPPATH/Controllers/Admin/UsuarioController.php on line 15.
 1 SYSTEMPATH/CodeIgniter.php(891): App\Controllers\Admin\UsuarioController->__construct()
 2 SYSTEMPATH/CodeIgniter.php(485): CodeIgniter\CodeIgniter->createController()
 3 SYSTEMPATH/CodeIgniter.php(353): CodeIgniter\CodeIgniter->handleRequest(null, Object(Config\Cache), false)
 4 FCPATH/index.php(79): CodeIgniter\CodeIgniter->run()
 5 SYSTEMPATH/Commands/Server/rewrite.php(47): require_once('/run/media/degante/DEVELOPMENT/dev/horarios/public/index.php')
INFO - 2023-11-09 14:50:45 --> Session: Class initialized using 'CodeIgniter\Session\Handlers\FileHandler' driver.
WARNING - 2023-11-09 14:50:45 --> [DEPRECATED] Creation of dynamic property App\Controllers\Admin\UsuarioController::$session is deprecated in APPPATH/Controllers/Admin/UsuarioController.php on line 15.
 1 SYSTEMPATH/CodeIgniter.php(891): App\Controllers\Admin\UsuarioController->__construct()
 2 SYSTEMPATH/CodeIgniter.php(485): CodeIgniter\CodeIgniter->createController()
 3 SYSTEMPATH/CodeIgniter.php(353): CodeIgniter\CodeIgniter->handleRequest(null, Object(Config\Cache), false)
 4 FCPATH/index.php(79): CodeIgniter\CodeIgniter->run()
 5 SYSTEMPATH/Commands/Server/rewrite.php(47): require_once('/run/media/degante/DEVELOPMENT/dev/horarios/public/index.php')
CRITICAL - 2023-11-09 14:50:45 --> syntax error, unexpected token "endforeach", expecting "elseif" or "else" or "endif"
in APPPATH/Views/admin/docentes/index.php on line 57.
 1 SYSTEMPATH/View/View.php(229): CodeIgniter\View\View->CodeIgniter\View\{closure}()
 2 SYSTEMPATH/Common.php(1188): CodeIgniter\View\View->render()
 3 APPPATH/Controllers/Admin/UsuarioController.php(138): view()
 4 SYSTEMPATH/CodeIgniter.php(919): App\Controllers\Admin\UsuarioController->usuariosDocentes()
 5 SYSTEMPATH/CodeIgniter.php(494): CodeIgniter\CodeIgniter->runController()
 6 SYSTEMPATH/CodeIgniter.php(353): CodeIgniter\CodeIgniter->handleRequest()
 7 FCPATH/index.php(79): CodeIgniter\CodeIgniter->run()
 8 SYSTEMPATH/Commands/Server/rewrite.php(47): require_once('/run/media/degante/DEVELOPMENT/dev/horarios/public/index.php')
INFO - 2023-11-09 14:51:00 --> Session: Class initialized using 'CodeIgniter\Session\Handlers\FileHandler' driver.
WARNING - 2023-11-09 14:51:00 --> [DEPRECATED] Creation of dynamic property App\Controllers\Admin\UsuarioController::$session is deprecated in APPPATH/Controllers/Admin/UsuarioController.php on line 15.
 1 SYSTEMPATH/CodeIgniter.php(891): App\Controllers\Admin\UsuarioController->__construct()
 2 SYSTEMPATH/CodeIgniter.php(485): CodeIgniter\CodeIgniter->createController()
 3 SYSTEMPATH/CodeIgniter.php(353): CodeIgniter\CodeIgniter->handleRequest(null, Object(Config\Cache), false)
 4 FCPATH/index.php(79): CodeIgniter\CodeIgniter->run()
 5 SYSTEMPATH/Commands/Server/rewrite.php(47): require_once('/run/media/degante/DEVELOPMENT/dev/horarios/public/index.php')
CRITICAL - 2023-11-09 14:51:00 --> Undefined array key "licenciatura"
in APPPATH/Views/admin/docentes/index.php on line 33.
 1 APPPATH/Views/admin/docentes/index.php(33): CodeIgniter\Debug\Exceptions->errorHandler()
 2 SYSTEMPATH/View/View.php(226): include('/run/media/degante/DEVELOPMENT/dev/horarios/app/Views/admin/docentes/index.php')
 3 SYSTEMPATH/View/View.php(229): CodeIgniter\View\View->CodeIgniter\View\{closure}()
 4 SYSTEMPATH/Common.php(1188): CodeIgniter\View\View->render()
 5 APPPATH/Controllers/Admin/UsuarioController.php(138): view()
 6 SYSTEMPATH/CodeIgniter.php(919): App\Controllers\Admin\UsuarioController->usuariosDocentes()
 7 SYSTEMPATH/CodeIgniter.php(494): CodeIgniter\CodeIgniter->runController()
 8 SYSTEMPATH/CodeIgniter.php(353): CodeIgniter\CodeIgniter->handleRequest()
 9 FCPATH/index.php(79): CodeIgniter\CodeIgniter->run()
10 SYSTEMPATH/Commands/Server/rewrite.php(47): require_once('/run/media/degante/DEVELOPMENT/dev/horarios/public/index.php')
INFO - 2023-11-09 14:51:40 --> Session: Class initialized using 'CodeIgniter\Session\Handlers\FileHandler' driver.
WARNING - 2023-11-09 14:51:40 --> [DEPRECATED] Creation of dynamic property App\Controllers\Admin\UsuarioController::$session is deprecated in APPPATH/Controllers/Admin/UsuarioController.php on line 15.
 1 SYSTEMPATH/CodeIgniter.php(891): App\Controllers\Admin\UsuarioController->__construct()
 2 SYSTEMPATH/CodeIgniter.php(485): CodeIgniter\CodeIgniter->createController()
 3 SYSTEMPATH/CodeIgniter.php(353): CodeIgniter\CodeIgniter->handleRequest(null, Object(Config\Cache), false)
 4 FCPATH/index.php(79): CodeIgniter\CodeIgniter->run()
 5 SYSTEMPATH/Commands/Server/rewrite.php(47): require_once('/run/media/degante/DEVELOPMENT/dev/horarios/public/index.php')
CRITICAL - 2023-11-09 14:51:40 --> Undefined array key "licenciatura"
in APPPATH/Views/admin/docentes/index.php on line 33.
 1 APPPATH/Views/admin/docentes/index.php(33): CodeIgniter\Debug\Exceptions->errorHandler()
 2 SYSTEMPATH/View/View.php(226): include('/run/media/degante/DEVELOPMENT/dev/horarios/app/Views/admin/docentes/index.php')
 3 SYSTEMPATH/View/View.php(229): CodeIgniter\View\View->CodeIgniter\View\{closure}()
 4 SYSTEMPATH/Common.php(1188): CodeIgniter\View\View->render()
 5 APPPATH/Controllers/Admin/UsuarioController.php(138): view()
 6 SYSTEMPATH/CodeIgniter.php(919): App\Controllers\Admin\UsuarioController->usuariosDocentes()
 7 SYSTEMPATH/CodeIgniter.php(494): CodeIgniter\CodeIgniter->runController()
 8 SYSTEMPATH/CodeIgniter.php(353): CodeIgniter\CodeIgniter->handleRequest()
 9 FCPATH/index.php(79): CodeIgniter\CodeIgniter->run()
10 SYSTEMPATH/Commands/Server/rewrite.php(47): require_once('/run/media/degante/DEVELOPMENT/dev/horarios/public/index.php')
INFO - 2023-11-09 14:54:34 --> Session: Class initialized using 'CodeIgniter\Session\Handlers\FileHandler' driver.
WARNING - 2023-11-09 14:54:34 --> [DEPRECATED] Creation of dynamic property App\Controllers\Admin\UsuarioController::$session is deprecated in APPPATH/Controllers/Admin/UsuarioController.php on line 15.
 1 SYSTEMPATH/CodeIgniter.php(891): App\Controllers\Admin\UsuarioController->__construct()
 2 SYSTEMPATH/CodeIgniter.php(485): CodeIgniter\CodeIgniter->createController()
 3 SYSTEMPATH/CodeIgniter.php(353): CodeIgniter\CodeIgniter->handleRequest(null, Object(Config\Cache), false)
 4 FCPATH/index.php(79): CodeIgniter\CodeIgniter->run()
 5 SYSTEMPATH/Commands/Server/rewrite.php(47): require_once('/run/media/degante/DEVELOPMENT/dev/horarios/public/index.php')
CRITICAL - 2023-11-09 14:54:35 --> Undefined array key "licenciatura"
in APPPATH/Views/admin/docentes/index.php on line 33.
 1 APPPATH/Views/admin/docentes/index.php(33): CodeIgniter\Debug\Exceptions->errorHandler()
 2 SYSTEMPATH/View/View.php(226): include('/run/media/degante/DEVELOPMENT/dev/horarios/app/Views/admin/docentes/index.php')
 3 SYSTEMPATH/View/View.php(229): CodeIgniter\View\View->CodeIgniter\View\{closure}()
 4 SYSTEMPATH/Common.php(1188): CodeIgniter\View\View->render()
 5 APPPATH/Controllers/Admin/UsuarioController.php(138): view()
 6 SYSTEMPATH/CodeIgniter.php(919): App\Controllers\Admin\UsuarioController->usuariosDocentes()
 7 SYSTEMPATH/CodeIgniter.php(494): CodeIgniter\CodeIgniter->runController()
 8 SYSTEMPATH/CodeIgniter.php(353): CodeIgniter\CodeIgniter->handleRequest()
 9 FCPATH/index.php(79): CodeIgniter\CodeIgniter->run()
10 SYSTEMPATH/Commands/Server/rewrite.php(47): require_once('/run/media/degante/DEVELOPMENT/dev/horarios/public/index.php')
INFO - 2023-11-09 14:54:40 --> Session: Class initialized using 'CodeIgniter\Session\Handlers\FileHandler' driver.
WARNING - 2023-11-09 14:54:40 --> [DEPRECATED] Creation of dynamic property App\Controllers\Admin\UsuarioController::$session is deprecated in APPPATH/Controllers/Admin/UsuarioController.php on line 15.
 1 SYSTEMPATH/CodeIgniter.php(891): App\Controllers\Admin\UsuarioController->__construct()
 2 SYSTEMPATH/CodeIgniter.php(485): CodeIgniter\CodeIgniter->createController()
 3 SYSTEMPATH/CodeIgniter.php(353): CodeIgniter\CodeIgniter->handleRequest(null, Object(Config\Cache), false)
 4 FCPATH/index.php(79): CodeIgniter\CodeIgniter->run()
 5 SYSTEMPATH/Commands/Server/rewrite.php(47): require_once('/run/media/degante/DEVELOPMENT/dev/horarios/public/index.php')
INFO - 2023-11-09 14:56:22 --> Session: Class initialized using 'CodeIgniter\Session\Handlers\FileHandler' driver.
WARNING - 2023-11-09 14:56:22 --> [DEPRECATED] Creation of dynamic property App\Controllers\Admin\UsuarioController::$session is deprecated in APPPATH/Controllers/Admin/UsuarioController.php on line 15.
 1 SYSTEMPATH/CodeIgniter.php(891): App\Controllers\Admin\UsuarioController->__construct()
 2 SYSTEMPATH/CodeIgniter.php(485): CodeIgniter\CodeIgniter->createController()
 3 SYSTEMPATH/CodeIgniter.php(353): CodeIgniter\CodeIgniter->handleRequest(null, Object(Config\Cache), false)
 4 FCPATH/index.php(79): CodeIgniter\CodeIgniter->run()
 5 SYSTEMPATH/Commands/Server/rewrite.php(47): require_once('/run/media/degante/DEVELOPMENT/dev/horarios/public/index.php')
INFO - 2023-11-09 14:57:29 --> Session: Class initialized using 'CodeIgniter\Session\Handlers\FileHandler' driver.
WARNING - 2023-11-09 14:57:29 --> [DEPRECATED] Creation of dynamic property App\Controllers\Admin\UsuarioController::$session is deprecated in APPPATH/Controllers/Admin/UsuarioController.php on line 15.
 1 SYSTEMPATH/CodeIgniter.php(891): App\Controllers\Admin\UsuarioController->__construct()
 2 SYSTEMPATH/CodeIgniter.php(485): CodeIgniter\CodeIgniter->createController()
 3 SYSTEMPATH/CodeIgniter.php(353): CodeIgniter\CodeIgniter->handleRequest(null, Object(Config\Cache), false)
 4 FCPATH/index.php(79): CodeIgniter\CodeIgniter->run()
 5 SYSTEMPATH/Commands/Server/rewrite.php(47): require_once('/run/media/degante/DEVELOPMENT/dev/horarios/public/index.php')
INFO - 2023-11-09 14:58:16 --> Session: Class initialized using 'CodeIgniter\Session\Handlers\FileHandler' driver.
WARNING - 2023-11-09 14:58:16 --> [DEPRECATED] Creation of dynamic property App\Controllers\Admin\UsuarioController::$session is deprecated in APPPATH/Controllers/Admin/UsuarioController.php on line 15.
 1 SYSTEMPATH/CodeIgniter.php(891): App\Controllers\Admin\UsuarioController->__construct()
 2 SYSTEMPATH/CodeIgniter.php(485): CodeIgniter\CodeIgniter->createController()
 3 SYSTEMPATH/CodeIgniter.php(353): CodeIgniter\CodeIgniter->handleRequest(null, Object(Config\Cache), false)
 4 FCPATH/index.php(79): CodeIgniter\CodeIgniter->run()
 5 SYSTEMPATH/Commands/Server/rewrite.php(47): require_once('/run/media/degante/DEVELOPMENT/dev/horarios/public/index.php')
INFO - 2023-11-09 14:58:24 --> Session: Class initialized using 'CodeIgniter\Session\Handlers\FileHandler' driver.
WARNING - 2023-11-09 14:58:24 --> [DEPRECATED] Creation of dynamic property App\Controllers\Admin\UsuarioController::$session is deprecated in APPPATH/Controllers/Admin/UsuarioController.php on line 15.
 1 SYSTEMPATH/CodeIgniter.php(891): App\Controllers\Admin\UsuarioController->__construct()
 2 SYSTEMPATH/CodeIgniter.php(485): CodeIgniter\CodeIgniter->createController()
 3 SYSTEMPATH/CodeIgniter.php(353): CodeIgniter\CodeIgniter->handleRequest(null, Object(Config\Cache), false)
 4 FCPATH/index.php(79): CodeIgniter\CodeIgniter->run()
 5 SYSTEMPATH/Commands/Server/rewrite.php(47): require_once('/run/media/degante/DEVELOPMENT/dev/horarios/public/index.php')
INFO - 2023-11-09 14:58:32 --> Session: Class initialized using 'CodeIgniter\Session\Handlers\FileHandler' driver.
WARNING - 2023-11-09 14:58:32 --> [DEPRECATED] Creation of dynamic property App\Controllers\Admin\UsuarioController::$session is deprecated in APPPATH/Controllers/Admin/UsuarioController.php on line 15.
 1 SYSTEMPATH/CodeIgniter.php(891): App\Controllers\Admin\UsuarioController->__construct()
 2 SYSTEMPATH/CodeIgniter.php(485): CodeIgniter\CodeIgniter->createController()
 3 SYSTEMPATH/CodeIgniter.php(353): CodeIgniter\CodeIgniter->handleRequest(null, Object(Config\Cache), false)
 4 FCPATH/index.php(79): CodeIgniter\CodeIgniter->run()
 5 SYSTEMPATH/Commands/Server/rewrite.php(47): require_once('/run/media/degante/DEVELOPMENT/dev/horarios/public/index.php')
INFO - 2023-11-09 14:59:01 --> Session: Class initialized using 'CodeIgniter\Session\Handlers\FileHandler' driver.
WARNING - 2023-11-09 14:59:01 --> [DEPRECATED] Creation of dynamic property App\Controllers\Admin\UsuarioController::$session is deprecated in APPPATH/Controllers/Admin/UsuarioController.php on line 15.
 1 SYSTEMPATH/CodeIgniter.php(891): App\Controllers\Admin\UsuarioController->__construct()
 2 SYSTEMPATH/CodeIgniter.php(485): CodeIgniter\CodeIgniter->createController()
 3 SYSTEMPATH/CodeIgniter.php(353): CodeIgniter\CodeIgniter->handleRequest(null, Object(Config\Cache), false)
 4 FCPATH/index.php(79): CodeIgniter\CodeIgniter->run()
 5 SYSTEMPATH/Commands/Server/rewrite.php(47): require_once('/run/media/degante/DEVELOPMENT/dev/horarios/public/index.php')
INFO - 2023-11-09 15:03:18 --> Session: Class initialized using 'CodeIgniter\Session\Handlers\FileHandler' driver.
WARNING - 2023-11-09 15:03:18 --> [DEPRECATED] Creation of dynamic property App\Controllers\Admin\UsuarioController::$session is deprecated in APPPATH/Controllers/Admin/UsuarioController.php on line 15.
 1 SYSTEMPATH/CodeIgniter.php(891): App\Controllers\Admin\UsuarioController->__construct()
 2 SYSTEMPATH/CodeIgniter.php(485): CodeIgniter\CodeIgniter->createController()
 3 SYSTEMPATH/CodeIgniter.php(353): CodeIgniter\CodeIgniter->handleRequest(null, Object(Config\Cache), false)
 4 FCPATH/index.php(79): CodeIgniter\CodeIgniter->run()
 5 SYSTEMPATH/Commands/Server/rewrite.php(47): require_once('/run/media/degante/DEVELOPMENT/dev/horarios/public/index.php')
INFO - 2023-11-09 15:03:48 --> Session: Class initialized using 'CodeIgniter\Session\Handlers\FileHandler' driver.
WARNING - 2023-11-09 15:03:48 --> [DEPRECATED] Creation of dynamic property App\Controllers\Admin\UsuarioController::$session is deprecated in APPPATH/Controllers/Admin/UsuarioController.php on line 15.
 1 SYSTEMPATH/CodeIgniter.php(891): App\Controllers\Admin\UsuarioController->__construct()
 2 SYSTEMPATH/CodeIgniter.php(485): CodeIgniter\CodeIgniter->createController()
 3 SYSTEMPATH/CodeIgniter.php(353): CodeIgniter\CodeIgniter->handleRequest(null, Object(Config\Cache), false)
 4 FCPATH/index.php(79): CodeIgniter\CodeIgniter->run()
 5 SYSTEMPATH/Commands/Server/rewrite.php(47): require_once('/run/media/degante/DEVELOPMENT/dev/horarios/public/index.php')
INFO - 2023-11-09 15:04:33 --> Session: Class initialized using 'CodeIgniter\Session\Handlers\FileHandler' driver.
WARNING - 2023-11-09 15:04:33 --> [DEPRECATED] Creation of dynamic property App\Controllers\Admin\UsuarioController::$session is deprecated in APPPATH/Controllers/Admin/UsuarioController.php on line 15.
 1 SYSTEMPATH/CodeIgniter.php(891): App\Controllers\Admin\UsuarioController->__construct()
 2 SYSTEMPATH/CodeIgniter.php(485): CodeIgniter\CodeIgniter->createController()
 3 SYSTEMPATH/CodeIgniter.php(353): CodeIgniter\CodeIgniter->handleRequest(null, Object(Config\Cache), false)
 4 FCPATH/index.php(79): CodeIgniter\CodeIgniter->run()
 5 SYSTEMPATH/Commands/Server/rewrite.php(47): require_once('/run/media/degante/DEVELOPMENT/dev/horarios/public/index.php')
INFO - 2023-11-09 15:04:49 --> Session: Class initialized using 'CodeIgniter\Session\Handlers\FileHandler' driver.
WARNING - 2023-11-09 15:04:49 --> [DEPRECATED] Creation of dynamic property App\Controllers\Admin\UsuarioController::$session is deprecated in APPPATH/Controllers/Admin/UsuarioController.php on line 15.
 1 SYSTEMPATH/CodeIgniter.php(891): App\Controllers\Admin\UsuarioController->__construct()
 2 SYSTEMPATH/CodeIgniter.php(485): CodeIgniter\CodeIgniter->createController()
 3 SYSTEMPATH/CodeIgniter.php(353): CodeIgniter\CodeIgniter->handleRequest(null, Object(Config\Cache), false)
 4 FCPATH/index.php(79): CodeIgniter\CodeIgniter->run()
 5 SYSTEMPATH/Commands/Server/rewrite.php(47): require_once('/run/media/degante/DEVELOPMENT/dev/horarios/public/index.php')
INFO - 2023-11-09 19:19:38 --> Session: Class initialized using 'CodeIgniter\Session\Handlers\FileHandler' driver.
INFO - 2023-11-09 19:19:38 --> Session: Class initialized using 'CodeIgniter\Session\Handlers\FileHandler' driver.
INFO - 2023-11-09 19:19:45 --> Session: Class initialized using 'CodeIgniter\Session\Handlers\FileHandler' driver.
INFO - 2023-11-09 19:19:45 --> Session: Class initialized using 'CodeIgniter\Session\Handlers\FileHandler' driver.
INFO - 2023-11-09 19:19:50 --> Session: Class initialized using 'CodeIgniter\Session\Handlers\FileHandler' driver.
INFO - 2023-11-09 19:22:31 --> Session: Class initialized using 'CodeIgniter\Session\Handlers\FileHandler' driver.
WARNING - 2023-11-09 19:22:31 --> [DEPRECATED] Creation of dynamic property App\Controllers\Admin\DocenteController::$estatusDelPersonalModel is deprecated in APPPATH/Controllers/Admin/DocenteController.php on line 19.
 1 SYSTEMPATH/CodeIgniter.php(891): App\Controllers\Admin\DocenteController->__construct()
 2 SYSTEMPATH/CodeIgniter.php(485): CodeIgniter\CodeIgniter->createController()
 3 SYSTEMPATH/CodeIgniter.php(353): CodeIgniter\CodeIgniter->handleRequest(null, Object(Config\Cache), false)
 4 FCPATH/index.php(79): CodeIgniter\CodeIgniter->run()
 5 SYSTEMPATH/Commands/Server/rewrite.php(47): require_once('/run/media/degante/DEVELOPMENT/dev/horarios/public/index.php')
INFO - 2023-11-09 19:22:42 --> Session: Class initialized using 'CodeIgniter\Session\Handlers\FileHandler' driver.
WARNING - 2023-11-09 19:22:42 --> [DEPRECATED] Creation of dynamic property App\Controllers\Admin\UsuarioController::$session is deprecated in APPPATH/Controllers/Admin/UsuarioController.php on line 15.
 1 SYSTEMPATH/CodeIgniter.php(891): App\Controllers\Admin\UsuarioController->__construct()
 2 SYSTEMPATH/CodeIgniter.php(485): CodeIgniter\CodeIgniter->createController()
 3 SYSTEMPATH/CodeIgniter.php(353): CodeIgniter\CodeIgniter->handleRequest(null, Object(Config\Cache), false)
 4 FCPATH/index.php(79): CodeIgniter\CodeIgniter->run()
 5 SYSTEMPATH/Commands/Server/rewrite.php(47): require_once('/run/media/degante/DEVELOPMENT/dev/horarios/public/index.php')
INFO - 2023-11-09 19:23:27 --> Session: Class initialized using 'CodeIgniter\Session\Handlers\FileHandler' driver.
WARNING - 2023-11-09 19:23:27 --> [DEPRECATED] Creation of dynamic property App\Controllers\Admin\UsuarioController::$session is deprecated in APPPATH/Controllers/Admin/UsuarioController.php on line 15.
 1 SYSTEMPATH/CodeIgniter.php(891): App\Controllers\Admin\UsuarioController->__construct()
 2 SYSTEMPATH/CodeIgniter.php(485): CodeIgniter\CodeIgniter->createController()
 3 SYSTEMPATH/CodeIgniter.php(353): CodeIgniter\CodeIgniter->handleRequest(null, Object(Config\Cache), false)
 4 FCPATH/index.php(79): CodeIgniter\CodeIgniter->run()
 5 SYSTEMPATH/Commands/Server/rewrite.php(47): require_once('/run/media/degante/DEVELOPMENT/dev/horarios/public/index.php')
INFO - 2023-11-09 19:28:11 --> Session: Class initialized using 'CodeIgniter\Session\Handlers\FileHandler' driver.
WARNING - 2023-11-09 19:28:11 --> [DEPRECATED] Creation of dynamic property App\Controllers\Admin\UsuarioController::$session is deprecated in APPPATH/Controllers/Admin/UsuarioController.php on line 15.
 1 SYSTEMPATH/CodeIgniter.php(891): App\Controllers\Admin\UsuarioController->__construct()
 2 SYSTEMPATH/CodeIgniter.php(485): CodeIgniter\CodeIgniter->createController()
 3 SYSTEMPATH/CodeIgniter.php(353): CodeIgniter\CodeIgniter->handleRequest(null, Object(Config\Cache), false)
 4 FCPATH/index.php(79): CodeIgniter\CodeIgniter->run()
 5 SYSTEMPATH/Commands/Server/rewrite.php(47): require_once('/run/media/degante/DEVELOPMENT/dev/horarios/public/index.php')
INFO - 2023-11-09 19:38:55 --> Session: Class initialized using 'CodeIgniter\Session\Handlers\FileHandler' driver.
WARNING - 2023-11-09 19:38:55 --> [DEPRECATED] Creation of dynamic property App\Controllers\Admin\UsuarioController::$session is deprecated in APPPATH/Controllers/Admin/UsuarioController.php on line 15.
 1 SYSTEMPATH/CodeIgniter.php(891): App\Controllers\Admin\UsuarioController->__construct()
 2 SYSTEMPATH/CodeIgniter.php(485): CodeIgniter\CodeIgniter->createController()
 3 SYSTEMPATH/CodeIgniter.php(353): CodeIgniter\CodeIgniter->handleRequest(null, Object(Config\Cache), false)
 4 FCPATH/index.php(79): CodeIgniter\CodeIgniter->run()
 5 SYSTEMPATH/Commands/Server/rewrite.php(47): require_once('/run/media/degante/DEVELOPMENT/dev/horarios/public/index.php')
INFO - 2023-11-09 19:38:59 --> Session: Class initialized using 'CodeIgniter\Session\Handlers\FileHandler' driver.
WARNING - 2023-11-09 19:38:59 --> [DEPRECATED] Creation of dynamic property App\Controllers\Admin\UsuarioController::$session is deprecated in APPPATH/Controllers/Admin/UsuarioController.php on line 15.
 1 SYSTEMPATH/CodeIgniter.php(891): App\Controllers\Admin\UsuarioController->__construct()
 2 SYSTEMPATH/CodeIgniter.php(485): CodeIgniter\CodeIgniter->createController()
 3 SYSTEMPATH/CodeIgniter.php(353): CodeIgniter\CodeIgniter->handleRequest(null, Object(Config\Cache), false)
 4 FCPATH/index.php(79): CodeIgniter\CodeIgniter->run()
 5 SYSTEMPATH/Commands/Server/rewrite.php(47): require_once('/run/media/degante/DEVELOPMENT/dev/horarios/public/index.php')
CRITICAL - 2023-11-09 19:38:59 --> Undefined variable $infoDocente
in APPPATH/Views/admin/docentes/showDocente.php on line 27.
 1 APPPATH/Views/admin/docentes/showDocente.php(27): CodeIgniter\Debug\Exceptions->errorHandler()
 2 SYSTEMPATH/View/View.php(226): include('/run/media/degante/DEVELOPMENT/dev/horarios/app/Views/admin/docentes/showDocente.php')
 3 SYSTEMPATH/View/View.php(229): CodeIgniter\View\View->CodeIgniter\View\{closure}()
 4 SYSTEMPATH/Common.php(1188): CodeIgniter\View\View->render()
 5 APPPATH/Controllers/Admin/UsuarioController.php(150): view()
 6 SYSTEMPATH/CodeIgniter.php(919): App\Controllers\Admin\UsuarioController->showDocente()
 7 SYSTEMPATH/CodeIgniter.php(494): CodeIgniter\CodeIgniter->runController()
 8 SYSTEMPATH/CodeIgniter.php(353): CodeIgniter\CodeIgniter->handleRequest()
 9 FCPATH/index.php(79): CodeIgniter\CodeIgniter->run()
10 SYSTEMPATH/Commands/Server/rewrite.php(47): require_once('/run/media/degante/DEVELOPMENT/dev/horarios/public/index.php')
INFO - 2023-11-09 19:39:13 --> Session: Class initialized using 'CodeIgniter\Session\Handlers\FileHandler' driver.
WARNING - 2023-11-09 19:39:13 --> [DEPRECATED] Creation of dynamic property App\Controllers\Admin\UsuarioController::$session is deprecated in APPPATH/Controllers/Admin/UsuarioController.php on line 15.
 1 SYSTEMPATH/CodeIgniter.php(891): App\Controllers\Admin\UsuarioController->__construct()
 2 SYSTEMPATH/CodeIgniter.php(485): CodeIgniter\CodeIgniter->createController()
 3 SYSTEMPATH/CodeIgniter.php(353): CodeIgniter\CodeIgniter->handleRequest(null, Object(Config\Cache), false)
 4 FCPATH/index.php(79): CodeIgniter\CodeIgniter->run()
 5 SYSTEMPATH/Commands/Server/rewrite.php(47): require_once('/run/media/degante/DEVELOPMENT/dev/horarios/public/index.php')
INFO - 2023-11-09 19:39:42 --> Session: Class initialized using 'CodeIgniter\Session\Handlers\FileHandler' driver.
WARNING - 2023-11-09 19:39:42 --> [DEPRECATED] Creation of dynamic property App\Controllers\Admin\UsuarioController::$session is deprecated in APPPATH/Controllers/Admin/UsuarioController.php on line 15.
 1 SYSTEMPATH/CodeIgniter.php(891): App\Controllers\Admin\UsuarioController->__construct()
 2 SYSTEMPATH/CodeIgniter.php(485): CodeIgniter\CodeIgniter->createController()
 3 SYSTEMPATH/CodeIgniter.php(353): CodeIgniter\CodeIgniter->handleRequest(null, Object(Config\Cache), false)
 4 FCPATH/index.php(79): CodeIgniter\CodeIgniter->run()
 5 SYSTEMPATH/Commands/Server/rewrite.php(47): require_once('/run/media/degante/DEVELOPMENT/dev/horarios/public/index.php')
INFO - 2023-11-09 19:39:45 --> Session: Class initialized using 'CodeIgniter\Session\Handlers\FileHandler' driver.
WARNING - 2023-11-09 19:39:45 --> [DEPRECATED] Creation of dynamic property App\Controllers\Admin\UsuarioController::$session is deprecated in APPPATH/Controllers/Admin/UsuarioController.php on line 15.
 1 SYSTEMPATH/CodeIgniter.php(891): App\Controllers\Admin\UsuarioController->__construct()
 2 SYSTEMPATH/CodeIgniter.php(485): CodeIgniter\CodeIgniter->createController()
 3 SYSTEMPATH/CodeIgniter.php(353): CodeIgniter\CodeIgniter->handleRequest(null, Object(Config\Cache), false)
 4 FCPATH/index.php(79): CodeIgniter\CodeIgniter->run()
 5 SYSTEMPATH/Commands/Server/rewrite.php(47): require_once('/run/media/degante/DEVELOPMENT/dev/horarios/public/index.php')
CRITICAL - 2023-11-09 19:39:45 --> Undefined variable $infoDocente
in APPPATH/Views/admin/docentes/showDocente.php on line 27.
 1 APPPATH/Views/admin/docentes/showDocente.php(27): CodeIgniter\Debug\Exceptions->errorHandler()
 2 SYSTEMPATH/View/View.php(226): include('/run/media/degante/DEVELOPMENT/dev/horarios/app/Views/admin/docentes/showDocente.php')
 3 SYSTEMPATH/View/View.php(229): CodeIgniter\View\View->CodeIgniter\View\{closure}()
 4 SYSTEMPATH/Common.php(1188): CodeIgniter\View\View->render()
 5 APPPATH/Controllers/Admin/UsuarioController.php(150): view()
 6 SYSTEMPATH/CodeIgniter.php(919): App\Controllers\Admin\UsuarioController->showDocente()
 7 SYSTEMPATH/CodeIgniter.php(494): CodeIgniter\CodeIgniter->runController()
 8 SYSTEMPATH/CodeIgniter.php(353): CodeIgniter\CodeIgniter->handleRequest()
 9 FCPATH/index.php(79): CodeIgniter\CodeIgniter->run()
10 SYSTEMPATH/Commands/Server/rewrite.php(47): require_once('/run/media/degante/DEVELOPMENT/dev/horarios/public/index.php')
INFO - 2023-11-09 19:40:17 --> Session: Class initialized using 'CodeIgniter\Session\Handlers\FileHandler' driver.
WARNING - 2023-11-09 19:40:17 --> [DEPRECATED] Creation of dynamic property App\Controllers\Admin\UsuarioController::$session is deprecated in APPPATH/Controllers/Admin/UsuarioController.php on line 15.
 1 SYSTEMPATH/CodeIgniter.php(891): App\Controllers\Admin\UsuarioController->__construct()
 2 SYSTEMPATH/CodeIgniter.php(485): CodeIgniter\CodeIgniter->createController()
 3 SYSTEMPATH/CodeIgniter.php(353): CodeIgniter\CodeIgniter->handleRequest(null, Object(Config\Cache), false)
 4 FCPATH/index.php(79): CodeIgniter\CodeIgniter->run()
 5 SYSTEMPATH/Commands/Server/rewrite.php(47): require_once('/run/media/degante/DEVELOPMENT/dev/horarios/public/index.php')
INFO - 2023-11-09 19:40:25 --> Session: Class initialized using 'CodeIgniter\Session\Handlers\FileHandler' driver.
WARNING - 2023-11-09 19:40:25 --> [DEPRECATED] Creation of dynamic property App\Controllers\Admin\UsuarioController::$session is deprecated in APPPATH/Controllers/Admin/UsuarioController.php on line 15.
 1 SYSTEMPATH/CodeIgniter.php(891): App\Controllers\Admin\UsuarioController->__construct()
 2 SYSTEMPATH/CodeIgniter.php(485): CodeIgniter\CodeIgniter->createController()
 3 SYSTEMPATH/CodeIgniter.php(353): CodeIgniter\CodeIgniter->handleRequest(null, Object(Config\Cache), false)
 4 FCPATH/index.php(79): CodeIgniter\CodeIgniter->run()
 5 SYSTEMPATH/Commands/Server/rewrite.php(47): require_once('/run/media/degante/DEVELOPMENT/dev/horarios/public/index.php')
INFO - 2023-11-09 19:40:31 --> Session: Class initialized using 'CodeIgniter\Session\Handlers\FileHandler' driver.
WARNING - 2023-11-09 19:40:31 --> [DEPRECATED] Creation of dynamic property App\Controllers\Admin\UsuarioController::$session is deprecated in APPPATH/Controllers/Admin/UsuarioController.php on line 15.
 1 SYSTEMPATH/CodeIgniter.php(891): App\Controllers\Admin\UsuarioController->__construct()
 2 SYSTEMPATH/CodeIgniter.php(485): CodeIgniter\CodeIgniter->createController()
 3 SYSTEMPATH/CodeIgniter.php(353): CodeIgniter\CodeIgniter->handleRequest(null, Object(Config\Cache), false)
 4 FCPATH/index.php(79): CodeIgniter\CodeIgniter->run()
 5 SYSTEMPATH/Commands/Server/rewrite.php(47): require_once('/run/media/degante/DEVELOPMENT/dev/horarios/public/index.php')
INFO - 2023-11-09 19:40:36 --> Session: Class initialized using 'CodeIgniter\Session\Handlers\FileHandler' driver.
WARNING - 2023-11-09 19:40:36 --> [DEPRECATED] Creation of dynamic property App\Controllers\Admin\UsuarioController::$session is deprecated in APPPATH/Controllers/Admin/UsuarioController.php on line 15.
 1 SYSTEMPATH/CodeIgniter.php(891): App\Controllers\Admin\UsuarioController->__construct()
 2 SYSTEMPATH/CodeIgniter.php(485): CodeIgniter\CodeIgniter->createController()
 3 SYSTEMPATH/CodeIgniter.php(353): CodeIgniter\CodeIgniter->handleRequest(null, Object(Config\Cache), false)
 4 FCPATH/index.php(79): CodeIgniter\CodeIgniter->run()
 5 SYSTEMPATH/Commands/Server/rewrite.php(47): require_once('/run/media/degante/DEVELOPMENT/dev/horarios/public/index.php')
INFO - 2023-11-09 19:43:45 --> Session: Class initialized using 'CodeIgniter\Session\Handlers\FileHandler' driver.
WARNING - 2023-11-09 19:43:45 --> [DEPRECATED] Creation of dynamic property App\Controllers\Admin\UsuarioController::$session is deprecated in APPPATH/Controllers/Admin/UsuarioController.php on line 15.
 1 SYSTEMPATH/CodeIgniter.php(891): App\Controllers\Admin\UsuarioController->__construct()
 2 SYSTEMPATH/CodeIgniter.php(485): CodeIgniter\CodeIgniter->createController()
 3 SYSTEMPATH/CodeIgniter.php(353): CodeIgniter\CodeIgniter->handleRequest(null, Object(Config\Cache), false)
 4 FCPATH/index.php(79): CodeIgniter\CodeIgniter->run()
 5 SYSTEMPATH/Commands/Server/rewrite.php(47): require_once('/run/media/degante/DEVELOPMENT/dev/horarios/public/index.php')
INFO - 2023-11-09 19:48:04 --> Session: Class initialized using 'CodeIgniter\Session\Handlers\FileHandler' driver.
WARNING - 2023-11-09 19:48:04 --> [DEPRECATED] Creation of dynamic property App\Controllers\Admin\UsuarioController::$session is deprecated in APPPATH/Controllers/Admin/UsuarioController.php on line 15.
 1 SYSTEMPATH/CodeIgniter.php(891): App\Controllers\Admin\UsuarioController->__construct()
 2 SYSTEMPATH/CodeIgniter.php(485): CodeIgniter\CodeIgniter->createController()
 3 SYSTEMPATH/CodeIgniter.php(353): CodeIgniter\CodeIgniter->handleRequest(null, Object(Config\Cache), false)
 4 FCPATH/index.php(79): CodeIgniter\CodeIgniter->run()
 5 SYSTEMPATH/Commands/Server/rewrite.php(47): require_once('/run/media/degante/DEVELOPMENT/dev/horarios/public/index.php')
INFO - 2023-11-09 19:51:00 --> Session: Class initialized using 'CodeIgniter\Session\Handlers\FileHandler' driver.
WARNING - 2023-11-09 19:51:00 --> [DEPRECATED] Creation of dynamic property App\Controllers\Admin\UsuarioController::$session is deprecated in APPPATH/Controllers/Admin/UsuarioController.php on line 15.
 1 SYSTEMPATH/CodeIgniter.php(891): App\Controllers\Admin\UsuarioController->__construct()
 2 SYSTEMPATH/CodeIgniter.php(485): CodeIgniter\CodeIgniter->createController()
 3 SYSTEMPATH/CodeIgniter.php(353): CodeIgniter\CodeIgniter->handleRequest(null, Object(Config\Cache), false)
 4 FCPATH/index.php(79): CodeIgniter\CodeIgniter->run()
 5 SYSTEMPATH/Commands/Server/rewrite.php(47): require_once('/run/media/degante/DEVELOPMENT/dev/horarios/public/index.php')
INFO - 2023-11-09 19:51:14 --> Session: Class initialized using 'CodeIgniter\Session\Handlers\FileHandler' driver.
WARNING - 2023-11-09 19:51:14 --> [DEPRECATED] Creation of dynamic property App\Controllers\Admin\UsuarioController::$session is deprecated in APPPATH/Controllers/Admin/UsuarioController.php on line 15.
 1 SYSTEMPATH/CodeIgniter.php(891): App\Controllers\Admin\UsuarioController->__construct()
 2 SYSTEMPATH/CodeIgniter.php(485): CodeIgniter\CodeIgniter->createController()
 3 SYSTEMPATH/CodeIgniter.php(353): CodeIgniter\CodeIgniter->handleRequest(null, Object(Config\Cache), false)
 4 FCPATH/index.php(79): CodeIgniter\CodeIgniter->run()
 5 SYSTEMPATH/Commands/Server/rewrite.php(47): require_once('/run/media/degante/DEVELOPMENT/dev/horarios/public/index.php')
INFO - 2023-11-09 19:51:48 --> Session: Class initialized using 'CodeIgniter\Session\Handlers\FileHandler' driver.
WARNING - 2023-11-09 19:51:48 --> [DEPRECATED] Creation of dynamic property App\Controllers\Admin\UsuarioController::$session is deprecated in APPPATH/Controllers/Admin/UsuarioController.php on line 15.
 1 SYSTEMPATH/CodeIgniter.php(891): App\Controllers\Admin\UsuarioController->__construct()
 2 SYSTEMPATH/CodeIgniter.php(485): CodeIgniter\CodeIgniter->createController()
 3 SYSTEMPATH/CodeIgniter.php(353): CodeIgniter\CodeIgniter->handleRequest(null, Object(Config\Cache), false)
 4 FCPATH/index.php(79): CodeIgniter\CodeIgniter->run()
 5 SYSTEMPATH/Commands/Server/rewrite.php(47): require_once('/run/media/degante/DEVELOPMENT/dev/horarios/public/index.php')
INFO - 2023-11-09 19:52:38 --> Session: Class initialized using 'CodeIgniter\Session\Handlers\FileHandler' driver.
WARNING - 2023-11-09 19:52:38 --> [DEPRECATED] Creation of dynamic property App\Controllers\Admin\UsuarioController::$session is deprecated in APPPATH/Controllers/Admin/UsuarioController.php on line 15.
 1 SYSTEMPATH/CodeIgniter.php(891): App\Controllers\Admin\UsuarioController->__construct()
 2 SYSTEMPATH/CodeIgniter.php(485): CodeIgniter\CodeIgniter->createController()
 3 SYSTEMPATH/CodeIgniter.php(353): CodeIgniter\CodeIgniter->handleRequest(null, Object(Config\Cache), false)
 4 FCPATH/index.php(79): CodeIgniter\CodeIgniter->run()
 5 SYSTEMPATH/Commands/Server/rewrite.php(47): require_once('/run/media/degante/DEVELOPMENT/dev/horarios/public/index.php')
INFO - 2023-11-09 19:52:47 --> Session: Class initialized using 'CodeIgniter\Session\Handlers\FileHandler' driver.
WARNING - 2023-11-09 19:52:47 --> [DEPRECATED] Creation of dynamic property App\Controllers\Admin\UsuarioController::$session is deprecated in APPPATH/Controllers/Admin/UsuarioController.php on line 15.
 1 SYSTEMPATH/CodeIgniter.php(891): App\Controllers\Admin\UsuarioController->__construct()
 2 SYSTEMPATH/CodeIgniter.php(485): CodeIgniter\CodeIgniter->createController()
 3 SYSTEMPATH/CodeIgniter.php(353): CodeIgniter\CodeIgniter->handleRequest(null, Object(Config\Cache), false)
 4 FCPATH/index.php(79): CodeIgniter\CodeIgniter->run()
 5 SYSTEMPATH/Commands/Server/rewrite.php(47): require_once('/run/media/degante/DEVELOPMENT/dev/horarios/public/index.php')
INFO - 2023-11-09 20:05:32 --> Session: Class initialized using 'CodeIgniter\Session\Handlers\FileHandler' driver.
WARNING - 2023-11-09 20:05:32 --> [DEPRECATED] Creation of dynamic property App\Controllers\Admin\UsuarioController::$session is deprecated in APPPATH/Controllers/Admin/UsuarioController.php on line 15.
 1 SYSTEMPATH/CodeIgniter.php(891): App\Controllers\Admin\UsuarioController->__construct()
 2 SYSTEMPATH/CodeIgniter.php(485): CodeIgniter\CodeIgniter->createController()
 3 SYSTEMPATH/CodeIgniter.php(353): CodeIgniter\CodeIgniter->handleRequest(null, Object(Config\Cache), false)
 4 FCPATH/index.php(79): CodeIgniter\CodeIgniter->run()
 5 SYSTEMPATH/Commands/Server/rewrite.php(47): require_once('/run/media/degante/DEVELOPMENT/dev/horarios/public/index.php')
INFO - 2023-11-09 20:05:35 --> Session: Class initialized using 'CodeIgniter\Session\Handlers\FileHandler' driver.
WARNING - 2023-11-09 20:05:35 --> [DEPRECATED] Creation of dynamic property App\Controllers\Admin\UsuarioController::$session is deprecated in APPPATH/Controllers/Admin/UsuarioController.php on line 15.
 1 SYSTEMPATH/CodeIgniter.php(891): App\Controllers\Admin\UsuarioController->__construct()
 2 SYSTEMPATH/CodeIgniter.php(485): CodeIgniter\CodeIgniter->createController()
 3 SYSTEMPATH/CodeIgniter.php(353): CodeIgniter\CodeIgniter->handleRequest(null, Object(Config\Cache), false)
 4 FCPATH/index.php(79): CodeIgniter\CodeIgniter->run()
 5 SYSTEMPATH/Commands/Server/rewrite.php(47): require_once('/run/media/degante/DEVELOPMENT/dev/horarios/public/index.php')
INFO - 2023-11-09 20:05:51 --> Session: Class initialized using 'CodeIgniter\Session\Handlers\FileHandler' driver.
WARNING - 2023-11-09 20:05:51 --> [DEPRECATED] Creation of dynamic property App\Controllers\Admin\UsuarioController::$session is deprecated in APPPATH/Controllers/Admin/UsuarioController.php on line 15.
 1 SYSTEMPATH/CodeIgniter.php(891): App\Controllers\Admin\UsuarioController->__construct()
 2 SYSTEMPATH/CodeIgniter.php(485): CodeIgniter\CodeIgniter->createController()
 3 SYSTEMPATH/CodeIgniter.php(353): CodeIgniter\CodeIgniter->handleRequest(null, Object(Config\Cache), false)
 4 FCPATH/index.php(79): CodeIgniter\CodeIgniter->run()
 5 SYSTEMPATH/Commands/Server/rewrite.php(47): require_once('/run/media/degante/DEVELOPMENT/dev/horarios/public/index.php')
INFO - 2023-11-09 20:05:51 --> Session: Class initialized using 'CodeIgniter\Session\Handlers\FileHandler' driver.
WARNING - 2023-11-09 20:05:51 --> [DEPRECATED] Creation of dynamic property App\Controllers\Admin\UsuarioController::$session is deprecated in APPPATH/Controllers/Admin/UsuarioController.php on line 15.
 1 SYSTEMPATH/CodeIgniter.php(891): App\Controllers\Admin\UsuarioController->__construct()
 2 SYSTEMPATH/CodeIgniter.php(485): CodeIgniter\CodeIgniter->createController()
 3 SYSTEMPATH/CodeIgniter.php(353): CodeIgniter\CodeIgniter->handleRequest(null, Object(Config\Cache), false)
 4 FCPATH/index.php(79): CodeIgniter\CodeIgniter->run()
 5 SYSTEMPATH/Commands/Server/rewrite.php(47): require_once('/run/media/degante/DEVELOPMENT/dev/horarios/public/index.php')
INFO - 2023-11-09 20:15:51 --> Session: Class initialized using 'CodeIgniter\Session\Handlers\FileHandler' driver.
WARNING - 2023-11-09 20:15:51 --> [DEPRECATED] Creation of dynamic property App\Controllers\Admin\UsuarioController::$session is deprecated in APPPATH/Controllers/Admin/UsuarioController.php on line 15.
 1 SYSTEMPATH/CodeIgniter.php(891): App\Controllers\Admin\UsuarioController->__construct()
 2 SYSTEMPATH/CodeIgniter.php(485): CodeIgniter\CodeIgniter->createController()
 3 SYSTEMPATH/CodeIgniter.php(353): CodeIgniter\CodeIgniter->handleRequest(null, Object(Config\Cache), false)
 4 FCPATH/index.php(79): CodeIgniter\CodeIgniter->run()
 5 SYSTEMPATH/Commands/Server/rewrite.php(47): require_once('/run/media/degante/DEVELOPMENT/dev/horarios/public/index.php')
INFO - 2023-11-09 20:16:27 --> Session: Class initialized using 'CodeIgniter\Session\Handlers\FileHandler' driver.
WARNING - 2023-11-09 20:16:27 --> [DEPRECATED] Creation of dynamic property App\Controllers\Admin\UsuarioController::$session is deprecated in APPPATH/Controllers/Admin/UsuarioController.php on line 15.
 1 SYSTEMPATH/CodeIgniter.php(891): App\Controllers\Admin\UsuarioController->__construct()
 2 SYSTEMPATH/CodeIgniter.php(485): CodeIgniter\CodeIgniter->createController()
 3 SYSTEMPATH/CodeIgniter.php(353): CodeIgniter\CodeIgniter->handleRequest(null, Object(Config\Cache), false)
 4 FCPATH/index.php(79): CodeIgniter\CodeIgniter->run()
 5 SYSTEMPATH/Commands/Server/rewrite.php(47): require_once('/run/media/degante/DEVELOPMENT/dev/horarios/public/index.php')
INFO - 2023-11-09 20:16:58 --> Session: Class initialized using 'CodeIgniter\Session\Handlers\FileHandler' driver.
WARNING - 2023-11-09 20:16:58 --> [DEPRECATED] Creation of dynamic property App\Controllers\Admin\UsuarioController::$session is deprecated in APPPATH/Controllers/Admin/UsuarioController.php on line 15.
 1 SYSTEMPATH/CodeIgniter.php(891): App\Controllers\Admin\UsuarioController->__construct()
 2 SYSTEMPATH/CodeIgniter.php(485): CodeIgniter\CodeIgniter->createController()
 3 SYSTEMPATH/CodeIgniter.php(353): CodeIgniter\CodeIgniter->handleRequest(null, Object(Config\Cache), false)
 4 FCPATH/index.php(79): CodeIgniter\CodeIgniter->run()
 5 SYSTEMPATH/Commands/Server/rewrite.php(47): require_once('/run/media/degante/DEVELOPMENT/dev/horarios/public/index.php')
INFO - 2023-11-09 20:17:41 --> Session: Class initialized using 'CodeIgniter\Session\Handlers\FileHandler' driver.
WARNING - 2023-11-09 20:17:41 --> [DEPRECATED] Creation of dynamic property App\Controllers\Admin\UsuarioController::$session is deprecated in APPPATH/Controllers/Admin/UsuarioController.php on line 15.
 1 SYSTEMPATH/CodeIgniter.php(891): App\Controllers\Admin\UsuarioController->__construct()
 2 SYSTEMPATH/CodeIgniter.php(485): CodeIgniter\CodeIgniter->createController()
 3 SYSTEMPATH/CodeIgniter.php(353): CodeIgniter\CodeIgniter->handleRequest(null, Object(Config\Cache), false)
 4 FCPATH/index.php(79): CodeIgniter\CodeIgniter->run()
 5 SYSTEMPATH/Commands/Server/rewrite.php(47): require_once('/run/media/degante/DEVELOPMENT/dev/horarios/public/index.php')
INFO - 2023-11-09 20:18:38 --> Session: Class initialized using 'CodeIgniter\Session\Handlers\FileHandler' driver.
WARNING - 2023-11-09 20:18:38 --> [DEPRECATED] Creation of dynamic property App\Controllers\Admin\UsuarioController::$session is deprecated in APPPATH/Controllers/Admin/UsuarioController.php on line 15.
 1 SYSTEMPATH/CodeIgniter.php(891): App\Controllers\Admin\UsuarioController->__construct()
 2 SYSTEMPATH/CodeIgniter.php(485): CodeIgniter\CodeIgniter->createController()
 3 SYSTEMPATH/CodeIgniter.php(353): CodeIgniter\CodeIgniter->handleRequest(null, Object(Config\Cache), false)
 4 FCPATH/index.php(79): CodeIgniter\CodeIgniter->run()
 5 SYSTEMPATH/Commands/Server/rewrite.php(47): require_once('/run/media/degante/DEVELOPMENT/dev/horarios/public/index.php')
INFO - 2023-11-09 20:19:48 --> Session: Class initialized using 'CodeIgniter\Session\Handlers\FileHandler' driver.
WARNING - 2023-11-09 20:19:48 --> [DEPRECATED] Creation of dynamic property App\Controllers\Admin\UsuarioController::$session is deprecated in APPPATH/Controllers/Admin/UsuarioController.php on line 15.
 1 SYSTEMPATH/CodeIgniter.php(891): App\Controllers\Admin\UsuarioController->__construct()
 2 SYSTEMPATH/CodeIgniter.php(485): CodeIgniter\CodeIgniter->createController()
 3 SYSTEMPATH/CodeIgniter.php(353): CodeIgniter\CodeIgniter->handleRequest(null, Object(Config\Cache), false)
 4 FCPATH/index.php(79): CodeIgniter\CodeIgniter->run()
 5 SYSTEMPATH/Commands/Server/rewrite.php(47): require_once('/run/media/degante/DEVELOPMENT/dev/horarios/public/index.php')
INFO - 2023-11-09 20:20:12 --> Session: Class initialized using 'CodeIgniter\Session\Handlers\FileHandler' driver.
WARNING - 2023-11-09 20:20:12 --> [DEPRECATED] Creation of dynamic property App\Controllers\Admin\UsuarioController::$session is deprecated in APPPATH/Controllers/Admin/UsuarioController.php on line 15.
 1 SYSTEMPATH/CodeIgniter.php(891): App\Controllers\Admin\UsuarioController->__construct()
 2 SYSTEMPATH/CodeIgniter.php(485): CodeIgniter\CodeIgniter->createController()
 3 SYSTEMPATH/CodeIgniter.php(353): CodeIgniter\CodeIgniter->handleRequest(null, Object(Config\Cache), false)
 4 FCPATH/index.php(79): CodeIgniter\CodeIgniter->run()
 5 SYSTEMPATH/Commands/Server/rewrite.php(47): require_once('/run/media/degante/DEVELOPMENT/dev/horarios/public/index.php')
INFO - 2023-11-09 20:20:36 --> Session: Class initialized using 'CodeIgniter\Session\Handlers\FileHandler' driver.
WARNING - 2023-11-09 20:20:36 --> [DEPRECATED] Creation of dynamic property App\Controllers\Admin\UsuarioController::$session is deprecated in APPPATH/Controllers/Admin/UsuarioController.php on line 15.
 1 SYSTEMPATH/CodeIgniter.php(891): App\Controllers\Admin\UsuarioController->__construct()
 2 SYSTEMPATH/CodeIgniter.php(485): CodeIgniter\CodeIgniter->createController()
 3 SYSTEMPATH/CodeIgniter.php(353): CodeIgniter\CodeIgniter->handleRequest(null, Object(Config\Cache), false)
 4 FCPATH/index.php(79): CodeIgniter\CodeIgniter->run()
 5 SYSTEMPATH/Commands/Server/rewrite.php(47): require_once('/run/media/degante/DEVELOPMENT/dev/horarios/public/index.php')
INFO - 2023-11-09 20:21:08 --> Session: Class initialized using 'CodeIgniter\Session\Handlers\FileHandler' driver.
WARNING - 2023-11-09 20:21:08 --> [DEPRECATED] Creation of dynamic property App\Controllers\Admin\UsuarioController::$session is deprecated in APPPATH/Controllers/Admin/UsuarioController.php on line 15.
 1 SYSTEMPATH/CodeIgniter.php(891): App\Controllers\Admin\UsuarioController->__construct()
 2 SYSTEMPATH/CodeIgniter.php(485): CodeIgniter\CodeIgniter->createController()
 3 SYSTEMPATH/CodeIgniter.php(353): CodeIgniter\CodeIgniter->handleRequest(null, Object(Config\Cache), false)
 4 FCPATH/index.php(79): CodeIgniter\CodeIgniter->run()
 5 SYSTEMPATH/Commands/Server/rewrite.php(47): require_once('/run/media/degante/DEVELOPMENT/dev/horarios/public/index.php')
INFO - 2023-11-09 20:22:01 --> Session: Class initialized using 'CodeIgniter\Session\Handlers\FileHandler' driver.
WARNING - 2023-11-09 20:22:01 --> [DEPRECATED] Creation of dynamic property App\Controllers\Admin\UsuarioController::$session is deprecated in APPPATH/Controllers/Admin/UsuarioController.php on line 15.
 1 SYSTEMPATH/CodeIgniter.php(891): App\Controllers\Admin\UsuarioController->__construct()
 2 SYSTEMPATH/CodeIgniter.php(485): CodeIgniter\CodeIgniter->createController()
 3 SYSTEMPATH/CodeIgniter.php(353): CodeIgniter\CodeIgniter->handleRequest(null, Object(Config\Cache), false)
 4 FCPATH/index.php(79): CodeIgniter\CodeIgniter->run()
 5 SYSTEMPATH/Commands/Server/rewrite.php(47): require_once('/run/media/degante/DEVELOPMENT/dev/horarios/public/index.php')
INFO - 2023-11-09 20:22:22 --> Session: Class initialized using 'CodeIgniter\Session\Handlers\FileHandler' driver.
WARNING - 2023-11-09 20:22:22 --> [DEPRECATED] Creation of dynamic property App\Controllers\Admin\UsuarioController::$session is deprecated in APPPATH/Controllers/Admin/UsuarioController.php on line 15.
 1 SYSTEMPATH/CodeIgniter.php(891): App\Controllers\Admin\UsuarioController->__construct()
 2 SYSTEMPATH/CodeIgniter.php(485): CodeIgniter\CodeIgniter->createController()
 3 SYSTEMPATH/CodeIgniter.php(353): CodeIgniter\CodeIgniter->handleRequest(null, Object(Config\Cache), false)
 4 FCPATH/index.php(79): CodeIgniter\CodeIgniter->run()
 5 SYSTEMPATH/Commands/Server/rewrite.php(47): require_once('/run/media/degante/DEVELOPMENT/dev/horarios/public/index.php')
INFO - 2023-11-09 20:23:15 --> Session: Class initialized using 'CodeIgniter\Session\Handlers\FileHandler' driver.
WARNING - 2023-11-09 20:23:15 --> [DEPRECATED] Creation of dynamic property App\Controllers\Admin\UsuarioController::$session is deprecated in APPPATH/Controllers/Admin/UsuarioController.php on line 15.
 1 SYSTEMPATH/CodeIgniter.php(891): App\Controllers\Admin\UsuarioController->__construct()
 2 SYSTEMPATH/CodeIgniter.php(485): CodeIgniter\CodeIgniter->createController()
 3 SYSTEMPATH/CodeIgniter.php(353): CodeIgniter\CodeIgniter->handleRequest(null, Object(Config\Cache), false)
 4 FCPATH/index.php(79): CodeIgniter\CodeIgniter->run()
 5 SYSTEMPATH/Commands/Server/rewrite.php(47): require_once('/run/media/degante/DEVELOPMENT/dev/horarios/public/index.php')
INFO - 2023-11-09 20:25:11 --> Session: Class initialized using 'CodeIgniter\Session\Handlers\FileHandler' driver.
WARNING - 2023-11-09 20:25:11 --> [DEPRECATED] Creation of dynamic property App\Controllers\Admin\UsuarioController::$session is deprecated in APPPATH/Controllers/Admin/UsuarioController.php on line 15.
 1 SYSTEMPATH/CodeIgniter.php(891): App\Controllers\Admin\UsuarioController->__construct()
 2 SYSTEMPATH/CodeIgniter.php(485): CodeIgniter\CodeIgniter->createController()
 3 SYSTEMPATH/CodeIgniter.php(353): CodeIgniter\CodeIgniter->handleRequest(null, Object(Config\Cache), false)
 4 FCPATH/index.php(79): CodeIgniter\CodeIgniter->run()
 5 SYSTEMPATH/Commands/Server/rewrite.php(47): require_once('/run/media/degante/DEVELOPMENT/dev/horarios/public/index.php')
