INFO - 2023-10-17 02:24:18 --> Session: Class initialized using 'CodeIgniter\Session\Handlers\FileHandler' driver.
INFO - 2023-10-17 02:24:18 --> Session: Class initialized using 'CodeIgniter\Session\Handlers\FileHandler' driver.
INFO - 2023-10-17 02:24:26 --> Session: Class initialized using 'CodeIgniter\Session\Handlers\FileHandler' driver.
INFO - 2023-10-17 02:24:30 --> Session: Class initialized using 'CodeIgniter\Session\Handlers\FileHandler' driver.
INFO - 2023-10-17 02:24:39 --> Session: Class initialized using 'CodeIgniter\Session\Handlers\FileHandler' driver.
INFO - 2023-10-17 03:35:03 --> Session: Class initialized using 'CodeIgniter\Session\Handlers\FileHandler' driver.
INFO - 2023-10-17 03:35:49 --> Session: Class initialized using 'CodeIgniter\Session\Handlers\FileHandler' driver.
INFO - 2023-10-17 03:40:37 --> Session: Class initialized using 'CodeIgniter\Session\Handlers\FileHandler' driver.
INFO - 2023-10-17 03:40:48 --> Session: Class initialized using 'CodeIgniter\Session\Handlers\FileHandler' driver.
INFO - 2023-10-17 03:44:53 --> Session: Class initialized using 'CodeIgniter\Session\Handlers\FileHandler' driver.
INFO - 2023-10-17 03:45:02 --> Session: Class initialized using 'CodeIgniter\Session\Handlers\FileHandler' driver.
INFO - 2023-10-17 03:45:25 --> Session: Class initialized using 'CodeIgniter\Session\Handlers\FileHandler' driver.
INFO - 2023-10-17 03:45:26 --> Session: Class initialized using 'CodeIgniter\Session\Handlers\FileHandler' driver.
INFO - 2023-10-17 03:45:38 --> Session: Class initialized using 'CodeIgniter\Session\Handlers\FileHandler' driver.
INFO - 2023-10-17 03:49:27 --> Session: Class initialized using 'CodeIgniter\Session\Handlers\FileHandler' driver.
INFO - 2023-10-17 03:49:37 --> Session: Class initialized using 'CodeIgniter\Session\Handlers\FileHandler' driver.
INFO - 2023-10-17 03:49:46 --> Session: Class initialized using 'CodeIgniter\Session\Handlers\FileHandler' driver.
INFO - 2023-10-17 03:50:55 --> Session: Class initialized using 'CodeIgniter\Session\Handlers\FileHandler' driver.
INFO - 2023-10-17 03:54:55 --> Session: Class initialized using 'CodeIgniter\Session\Handlers\FileHandler' driver.
INFO - 2023-10-17 03:55:04 --> Session: Class initialized using 'CodeIgniter\Session\Handlers\FileHandler' driver.
INFO - 2023-10-17 03:58:06 --> Session: Class initialized using 'CodeIgniter\Session\Handlers\FileHandler' driver.
INFO - 2023-10-17 03:58:16 --> Session: Class initialized using 'CodeIgniter\Session\Handlers\FileHandler' driver.
INFO - 2023-10-17 03:58:28 --> Session: Class initialized using 'CodeIgniter\Session\Handlers\FileHandler' driver.
INFO - 2023-10-17 03:59:42 --> Session: Class initialized using 'CodeIgniter\Session\Handlers\FileHandler' driver.
INFO - 2023-10-17 04:00:34 --> Session: Class initialized using 'CodeIgniter\Session\Handlers\FileHandler' driver.
INFO - 2023-10-17 04:00:43 --> Session: Class initialized using 'CodeIgniter\Session\Handlers\FileHandler' driver.
INFO - 2023-10-17 04:00:51 --> Session: Class initialized using 'CodeIgniter\Session\Handlers\FileHandler' driver.
INFO - 2023-10-17 04:00:58 --> Session: Class initialized using 'CodeIgniter\Session\Handlers\FileHandler' driver.
INFO - 2023-10-17 04:02:01 --> Session: Class initialized using 'CodeIgniter\Session\Handlers\FileHandler' driver.
INFO - 2023-10-17 04:02:09 --> Session: Class initialized using 'CodeIgniter\Session\Handlers\FileHandler' driver.
INFO - 2023-10-17 04:02:57 --> Session: Class initialized using 'CodeIgniter\Session\Handlers\FileHandler' driver.
INFO - 2023-10-17 04:02:57 --> Session: Class initialized using 'CodeIgniter\Session\Handlers\FileHandler' driver.
INFO - 2023-10-17 04:03:00 --> Session: Class initialized using 'CodeIgniter\Session\Handlers\FileHandler' driver.
INFO - 2023-10-17 04:03:00 --> Session: Class initialized using 'CodeIgniter\Session\Handlers\FileHandler' driver.
INFO - 2023-10-17 04:03:05 --> Session: Class initialized using 'CodeIgniter\Session\Handlers\FileHandler' driver.
INFO - 2023-10-17 04:03:13 --> Session: Class initialized using 'CodeIgniter\Session\Handlers\FileHandler' driver.
INFO - 2023-10-17 04:05:37 --> Session: Class initialized using 'CodeIgniter\Session\Handlers\FileHandler' driver.
INFO - 2023-10-17 04:05:49 --> Session: Class initialized using 'CodeIgniter\Session\Handlers\FileHandler' driver.
INFO - 2023-10-17 04:09:31 --> Session: Class initialized using 'CodeIgniter\Session\Handlers\FileHandler' driver.
INFO - 2023-10-17 04:09:37 --> Session: Class initialized using 'CodeIgniter\Session\Handlers\FileHandler' driver.
INFO - 2023-10-17 04:12:34 --> Session: Class initialized using 'CodeIgniter\Session\Handlers\FileHandler' driver.
INFO - 2023-10-17 04:12:44 --> Session: Class initialized using 'CodeIgniter\Session\Handlers\FileHandler' driver.
INFO - 2023-10-17 04:18:47 --> Session: Class initialized using 'CodeIgniter\Session\Handlers\FileHandler' driver.
INFO - 2023-10-17 04:18:56 --> Session: Class initialized using 'CodeIgniter\Session\Handlers\FileHandler' driver.
INFO - 2023-10-17 04:18:57 --> Session: Class initialized using 'CodeIgniter\Session\Handlers\FileHandler' driver.
INFO - 2023-10-17 04:23:03 --> Session: Class initialized using 'CodeIgniter\Session\Handlers\FileHandler' driver.
INFO - 2023-10-17 04:23:03 --> Session: Class initialized using 'CodeIgniter\Session\Handlers\FileHandler' driver.
INFO - 2023-10-17 04:23:07 --> Session: Class initialized using 'CodeIgniter\Session\Handlers\FileHandler' driver.
INFO - 2023-10-17 04:23:16 --> Session: Class initialized using 'CodeIgniter\Session\Handlers\FileHandler' driver.
INFO - 2023-10-17 04:27:38 --> Session: Class initialized using 'CodeIgniter\Session\Handlers\FileHandler' driver.
INFO - 2023-10-17 04:31:03 --> Session: Class initialized using 'CodeIgniter\Session\Handlers\FileHandler' driver.
INFO - 2023-10-17 04:31:12 --> Session: Class initialized using 'CodeIgniter\Session\Handlers\FileHandler' driver.
INFO - 2023-10-17 04:32:25 --> Session: Class initialized using 'CodeIgniter\Session\Handlers\FileHandler' driver.
INFO - 2023-10-17 04:32:33 --> Session: Class initialized using 'CodeIgniter\Session\Handlers\FileHandler' driver.
INFO - 2023-10-17 04:32:52 --> Session: Class initialized using 'CodeIgniter\Session\Handlers\FileHandler' driver.
INFO - 2023-10-17 04:40:21 --> Session: Class initialized using 'CodeIgniter\Session\Handlers\FileHandler' driver.
INFO - 2023-10-17 04:40:30 --> Session: Class initialized using 'CodeIgniter\Session\Handlers\FileHandler' driver.
INFO - 2023-10-17 04:40:39 --> Session: Class initialized using 'CodeIgniter\Session\Handlers\FileHandler' driver.
INFO - 2023-10-17 18:45:45 --> Session: Class initialized using 'CodeIgniter\Session\Handlers\FileHandler' driver.
INFO - 2023-10-17 18:50:31 --> Session: Class initialized using 'CodeIgniter\Session\Handlers\FileHandler' driver.
INFO - 2023-10-17 18:50:39 --> Session: Class initialized using 'CodeIgniter\Session\Handlers\FileHandler' driver.
INFO - 2023-10-17 18:50:54 --> Session: Class initialized using 'CodeIgniter\Session\Handlers\FileHandler' driver.
INFO - 2023-10-17 19:31:27 --> Session: Class initialized using 'CodeIgniter\Session\Handlers\FileHandler' driver.
INFO - 2023-10-17 19:31:36 --> Session: Class initialized using 'CodeIgniter\Session\Handlers\FileHandler' driver.
INFO - 2023-10-17 19:31:36 --> Session: Class initialized using 'CodeIgniter\Session\Handlers\FileHandler' driver.
INFO - 2023-10-17 19:47:37 --> Session: Class initialized using 'CodeIgniter\Session\Handlers\FileHandler' driver.
INFO - 2023-10-17 19:48:23 --> Session: Class initialized using 'CodeIgniter\Session\Handlers\FileHandler' driver.
WARNING - 2023-10-17 19:48:23 --> [DEPRECATED] Creation of dynamic property App\Controllers\Admin\MapaCurricular::$session is deprecated in APPPATH/Controllers/Admin/MapaCurricular.php on line 14.
 1 SYSTEMPATH/CodeIgniter.php(919): App\Controllers\Admin\MapaCurricular->index()
 2 SYSTEMPATH/CodeIgniter.php(494): CodeIgniter\CodeIgniter->runController(Object(App\Controllers\Admin\MapaCurricular))
 3 SYSTEMPATH/CodeIgniter.php(353): CodeIgniter\CodeIgniter->handleRequest(null, Object(Config\Cache), false)
 4 FCPATH/index.php(79): CodeIgniter\CodeIgniter->run()
 5 SYSTEMPATH/Commands/Server/rewrite.php(47): require_once('/run/media/degante/DEVELOPMENT/dev/horarios/public/index.php')
ERROR - 2023-10-17 19:48:23 --> mysqli_sql_exception: You have an error in your SQL syntax; check the manual that corresponds to your MariaDB server version for the right syntax to use near '' at line 1 in /run/media/degante/DEVELOPMENT/dev/horarios/system/Database/MySQLi/Connection.php:306
Stack trace:
#0 /run/media/degante/DEVELOPMENT/dev/horarios/system/Database/MySQLi/Connection.php(306): mysqli->query()
#1 /run/media/degante/DEVELOPMENT/dev/horarios/system/Database/BaseConnection.php(692): CodeIgniter\Database\MySQLi\Connection->execute()
#2 /run/media/degante/DEVELOPMENT/dev/horarios/system/Database/BaseConnection.php(606): CodeIgniter\Database\BaseConnection->simpleQuery()
#3 /run/media/degante/DEVELOPMENT/dev/horarios/app/Controllers/Admin/MapaCurricular.php(21): CodeIgniter\Database\BaseConnection->query()
#4 /run/media/degante/DEVELOPMENT/dev/horarios/system/CodeIgniter.php(919): App\Controllers\Admin\MapaCurricular->index()
#5 /run/media/degante/DEVELOPMENT/dev/horarios/system/CodeIgniter.php(494): CodeIgniter\CodeIgniter->runController()
#6 /run/media/degante/DEVELOPMENT/dev/horarios/system/CodeIgniter.php(353): CodeIgniter\CodeIgniter->handleRequest()
#7 /run/media/degante/DEVELOPMENT/dev/horarios/public/index.php(79): CodeIgniter\CodeIgniter->run()
#8 /run/media/degante/DEVELOPMENT/dev/horarios/system/Commands/Server/rewrite.php(47): require_once('...')
#9 {main}
CRITICAL - 2023-10-17 19:48:23 --> You have an error in your SQL syntax; check the manual that corresponds to your MariaDB server version for the right syntax to use near '' at line 1
in SYSTEMPATH/Database/BaseConnection.php on line 646.
 1 APPPATH/Controllers/Admin/MapaCurricular.php(21): CodeIgniter\Database\BaseConnection->query()
 2 SYSTEMPATH/CodeIgniter.php(919): App\Controllers\Admin\MapaCurricular->index()
 3 SYSTEMPATH/CodeIgniter.php(494): CodeIgniter\CodeIgniter->runController()
 4 SYSTEMPATH/CodeIgniter.php(353): CodeIgniter\CodeIgniter->handleRequest()
 5 FCPATH/index.php(79): CodeIgniter\CodeIgniter->run()
 6 SYSTEMPATH/Commands/Server/rewrite.php(47): require_once('/run/media/degante/DEVELOPMENT/dev/horarios/public/index.php')
INFO - 2023-10-17 19:49:28 --> Session: Class initialized using 'CodeIgniter\Session\Handlers\FileHandler' driver.
WARNING - 2023-10-17 19:49:28 --> [DEPRECATED] Creation of dynamic property App\Controllers\Admin\MapaCurricular::$session is deprecated in APPPATH/Controllers/Admin/MapaCurricular.php on line 14.
 1 SYSTEMPATH/CodeIgniter.php(919): App\Controllers\Admin\MapaCurricular->index()
 2 SYSTEMPATH/CodeIgniter.php(494): CodeIgniter\CodeIgniter->runController(Object(App\Controllers\Admin\MapaCurricular))
 3 SYSTEMPATH/CodeIgniter.php(353): CodeIgniter\CodeIgniter->handleRequest(null, Object(Config\Cache), false)
 4 FCPATH/index.php(79): CodeIgniter\CodeIgniter->run()
 5 SYSTEMPATH/Commands/Server/rewrite.php(47): require_once('/run/media/degante/DEVELOPMENT/dev/horarios/public/index.php')
ERROR - 2023-10-17 19:49:28 --> mysqli_sql_exception: You have an error in your SQL syntax; check the manual that corresponds to your MariaDB server version for the right syntax to use near '' at line 1 in /run/media/degante/DEVELOPMENT/dev/horarios/system/Database/MySQLi/Connection.php:306
Stack trace:
#0 /run/media/degante/DEVELOPMENT/dev/horarios/system/Database/MySQLi/Connection.php(306): mysqli->query()
#1 /run/media/degante/DEVELOPMENT/dev/horarios/system/Database/BaseConnection.php(692): CodeIgniter\Database\MySQLi\Connection->execute()
#2 /run/media/degante/DEVELOPMENT/dev/horarios/system/Database/BaseConnection.php(606): CodeIgniter\Database\BaseConnection->simpleQuery()
#3 /run/media/degante/DEVELOPMENT/dev/horarios/app/Controllers/Admin/MapaCurricular.php(21): CodeIgniter\Database\BaseConnection->query()
#4 /run/media/degante/DEVELOPMENT/dev/horarios/system/CodeIgniter.php(919): App\Controllers\Admin\MapaCurricular->index()
#5 /run/media/degante/DEVELOPMENT/dev/horarios/system/CodeIgniter.php(494): CodeIgniter\CodeIgniter->runController()
#6 /run/media/degante/DEVELOPMENT/dev/horarios/system/CodeIgniter.php(353): CodeIgniter\CodeIgniter->handleRequest()
#7 /run/media/degante/DEVELOPMENT/dev/horarios/public/index.php(79): CodeIgniter\CodeIgniter->run()
#8 /run/media/degante/DEVELOPMENT/dev/horarios/system/Commands/Server/rewrite.php(47): require_once('...')
#9 {main}
CRITICAL - 2023-10-17 19:49:28 --> You have an error in your SQL syntax; check the manual that corresponds to your MariaDB server version for the right syntax to use near '' at line 1
in SYSTEMPATH/Database/BaseConnection.php on line 646.
 1 APPPATH/Controllers/Admin/MapaCurricular.php(21): CodeIgniter\Database\BaseConnection->query()
 2 SYSTEMPATH/CodeIgniter.php(919): App\Controllers\Admin\MapaCurricular->index()
 3 SYSTEMPATH/CodeIgniter.php(494): CodeIgniter\CodeIgniter->runController()
 4 SYSTEMPATH/CodeIgniter.php(353): CodeIgniter\CodeIgniter->handleRequest()
 5 FCPATH/index.php(79): CodeIgniter\CodeIgniter->run()
 6 SYSTEMPATH/Commands/Server/rewrite.php(47): require_once('/run/media/degante/DEVELOPMENT/dev/horarios/public/index.php')
INFO - 2023-10-17 19:51:31 --> Session: Class initialized using 'CodeIgniter\Session\Handlers\FileHandler' driver.
WARNING - 2023-10-17 19:51:31 --> [DEPRECATED] Creation of dynamic property App\Controllers\Admin\MapaCurricular::$session is deprecated in APPPATH/Controllers/Admin/MapaCurricular.php on line 14.
 1 SYSTEMPATH/CodeIgniter.php(919): App\Controllers\Admin\MapaCurricular->index()
 2 SYSTEMPATH/CodeIgniter.php(494): CodeIgniter\CodeIgniter->runController(Object(App\Controllers\Admin\MapaCurricular))
 3 SYSTEMPATH/CodeIgniter.php(353): CodeIgniter\CodeIgniter->handleRequest(null, Object(Config\Cache), false)
 4 FCPATH/index.php(79): CodeIgniter\CodeIgniter->run()
 5 SYSTEMPATH/Commands/Server/rewrite.php(47): require_once('/run/media/degante/DEVELOPMENT/dev/horarios/public/index.php')
CRITICAL - 2023-10-17 19:51:31 --> Class "1" not found
in SYSTEMPATH/Database/BaseConnection.php on line 580.
 1 APPPATH/Controllers/Admin/MapaCurricular.php(21): CodeIgniter\Database\BaseConnection->query()
 2 SYSTEMPATH/CodeIgniter.php(919): App\Controllers\Admin\MapaCurricular->index()
 3 SYSTEMPATH/CodeIgniter.php(494): CodeIgniter\CodeIgniter->runController()
 4 SYSTEMPATH/CodeIgniter.php(353): CodeIgniter\CodeIgniter->handleRequest()
 5 FCPATH/index.php(79): CodeIgniter\CodeIgniter->run()
 6 SYSTEMPATH/Commands/Server/rewrite.php(47): require_once('/run/media/degante/DEVELOPMENT/dev/horarios/public/index.php')
INFO - 2023-10-17 19:52:14 --> Session: Class initialized using 'CodeIgniter\Session\Handlers\FileHandler' driver.
WARNING - 2023-10-17 19:52:14 --> [DEPRECATED] Creation of dynamic property App\Controllers\Admin\MapaCurricular::$session is deprecated in APPPATH/Controllers/Admin/MapaCurricular.php on line 14.
 1 SYSTEMPATH/CodeIgniter.php(919): App\Controllers\Admin\MapaCurricular->index()
 2 SYSTEMPATH/CodeIgniter.php(494): CodeIgniter\CodeIgniter->runController(Object(App\Controllers\Admin\MapaCurricular))
 3 SYSTEMPATH/CodeIgniter.php(353): CodeIgniter\CodeIgniter->handleRequest(null, Object(Config\Cache), false)
 4 FCPATH/index.php(79): CodeIgniter\CodeIgniter->run()
 5 SYSTEMPATH/Commands/Server/rewrite.php(47): require_once('/run/media/degante/DEVELOPMENT/dev/horarios/public/index.php')
INFO - 2023-10-17 20:12:41 --> Session: Class initialized using 'CodeIgniter\Session\Handlers\FileHandler' driver.
WARNING - 2023-10-17 20:12:41 --> [DEPRECATED] Creation of dynamic property App\Controllers\Admin\MapaCurricular::$session is deprecated in APPPATH/Controllers/Admin/MapaCurricular.php on line 14.
 1 SYSTEMPATH/CodeIgniter.php(919): App\Controllers\Admin\MapaCurricular->index()
 2 SYSTEMPATH/CodeIgniter.php(494): CodeIgniter\CodeIgniter->runController(Object(App\Controllers\Admin\MapaCurricular))
 3 SYSTEMPATH/CodeIgniter.php(353): CodeIgniter\CodeIgniter->handleRequest(null, Object(Config\Cache), false)
 4 FCPATH/index.php(79): CodeIgniter\CodeIgniter->run()
 5 SYSTEMPATH/Commands/Server/rewrite.php(47): require_once('/run/media/degante/DEVELOPMENT/dev/horarios/public/index.php')
INFO - 2023-10-17 20:34:39 --> Session: Class initialized using 'CodeIgniter\Session\Handlers\FileHandler' driver.
WARNING - 2023-10-17 20:34:39 --> [DEPRECATED] Creation of dynamic property App\Controllers\Admin\MapaCurricular::$session is deprecated in APPPATH/Controllers/Admin/MapaCurricular.php on line 14.
 1 SYSTEMPATH/CodeIgniter.php(919): App\Controllers\Admin\MapaCurricular->index()
 2 SYSTEMPATH/CodeIgniter.php(494): CodeIgniter\CodeIgniter->runController(Object(App\Controllers\Admin\MapaCurricular))
 3 SYSTEMPATH/CodeIgniter.php(353): CodeIgniter\CodeIgniter->handleRequest(null, Object(Config\Cache), false)
 4 FCPATH/index.php(79): CodeIgniter\CodeIgniter->run()
 5 SYSTEMPATH/Commands/Server/rewrite.php(47): require_once('/run/media/degante/DEVELOPMENT/dev/horarios/public/index.php')
INFO - 2023-10-17 20:35:04 --> Session: Class initialized using 'CodeIgniter\Session\Handlers\FileHandler' driver.
WARNING - 2023-10-17 20:35:04 --> [DEPRECATED] Creation of dynamic property App\Controllers\Admin\MapaCurricular::$session is deprecated in APPPATH/Controllers/Admin/MapaCurricular.php on line 14.
 1 SYSTEMPATH/CodeIgniter.php(919): App\Controllers\Admin\MapaCurricular->index()
 2 SYSTEMPATH/CodeIgniter.php(494): CodeIgniter\CodeIgniter->runController(Object(App\Controllers\Admin\MapaCurricular))
 3 SYSTEMPATH/CodeIgniter.php(353): CodeIgniter\CodeIgniter->handleRequest(null, Object(Config\Cache), false)
 4 FCPATH/index.php(79): CodeIgniter\CodeIgniter->run()
 5 SYSTEMPATH/Commands/Server/rewrite.php(47): require_once('/run/media/degante/DEVELOPMENT/dev/horarios/public/index.php')
INFO - 2023-10-17 20:37:07 --> Session: Class initialized using 'CodeIgniter\Session\Handlers\FileHandler' driver.
WARNING - 2023-10-17 20:37:07 --> [DEPRECATED] Creation of dynamic property App\Controllers\Admin\MapaCurricular::$session is deprecated in APPPATH/Controllers/Admin/MapaCurricular.php on line 14.
 1 SYSTEMPATH/CodeIgniter.php(919): App\Controllers\Admin\MapaCurricular->index()
 2 SYSTEMPATH/CodeIgniter.php(494): CodeIgniter\CodeIgniter->runController(Object(App\Controllers\Admin\MapaCurricular))
 3 SYSTEMPATH/CodeIgniter.php(353): CodeIgniter\CodeIgniter->handleRequest(null, Object(Config\Cache), false)
 4 FCPATH/index.php(79): CodeIgniter\CodeIgniter->run()
 5 SYSTEMPATH/Commands/Server/rewrite.php(47): require_once('/run/media/degante/DEVELOPMENT/dev/horarios/public/index.php')
INFO - 2023-10-17 20:40:15 --> Session: Class initialized using 'CodeIgniter\Session\Handlers\FileHandler' driver.
WARNING - 2023-10-17 20:40:15 --> [DEPRECATED] Creation of dynamic property App\Controllers\Admin\MapaCurricular::$session is deprecated in APPPATH/Controllers/Admin/MapaCurricular.php on line 14.
 1 SYSTEMPATH/CodeIgniter.php(919): App\Controllers\Admin\MapaCurricular->index()
 2 SYSTEMPATH/CodeIgniter.php(494): CodeIgniter\CodeIgniter->runController(Object(App\Controllers\Admin\MapaCurricular))
 3 SYSTEMPATH/CodeIgniter.php(353): CodeIgniter\CodeIgniter->handleRequest(null, Object(Config\Cache), false)
 4 FCPATH/index.php(79): CodeIgniter\CodeIgniter->run()
 5 SYSTEMPATH/Commands/Server/rewrite.php(47): require_once('/run/media/degante/DEVELOPMENT/dev/horarios/public/index.php')
