CRITICAL - 2023-10-11 03:05:38 --> Class "App\models\ExpedienteModel" not found
in APPPATH/Controllers/ExpedienteController.php on line 15.
 1 SYSTEMPATH/CodeIgniter.php(891): App\Controllers\ExpedienteController->__construct()
 2 SYSTEMPATH/CodeIgniter.php(485): CodeIgniter\CodeIgniter->createController()
 3 SYSTEMPATH/CodeIgniter.php(353): CodeIgniter\CodeIgniter->handleRequest()
 4 FCPATH/index.php(79): CodeIgniter\CodeIgniter->run()
 5 SYSTEMPATH/Commands/Server/rewrite.php(47): require_once('/run/media/degante/DEVELOPMENT/dev/horarios/public/index.php')
CRITICAL - 2023-10-11 03:20:48 --> Invalid file: "docentes/index.php"
in SYSTEMPATH/Exceptions/FrameworkException.php on line 39.
 1 SYSTEMPATH/View/View.php(214): CodeIgniter\Exceptions\FrameworkException::forInvalidFile()
 2 SYSTEMPATH/Common.php(1188): CodeIgniter\View\View->render()
 3 APPPATH/Controllers/DocenteController.php(23): view()
 4 SYSTEMPATH/CodeIgniter.php(919): App\Controllers\DocenteController->index()
 5 SYSTEMPATH/CodeIgniter.php(494): CodeIgniter\CodeIgniter->runController()
 6 SYSTEMPATH/CodeIgniter.php(353): CodeIgniter\CodeIgniter->handleRequest()
 7 FCPATH/index.php(79): CodeIgniter\CodeIgniter->run()
 8 SYSTEMPATH/Commands/Server/rewrite.php(47): require_once('/run/media/degante/DEVELOPMENT/dev/horarios/public/index.php')
CRITICAL - 2023-10-11 03:49:01 --> Class "App\Models\docenteInfoModel" not found
in APPPATH/Controllers/DocenteInfoController.php on line 15.
 1 SYSTEMPATH/CodeIgniter.php(891): App\Controllers\DocenteInfoController->__construct()
 2 SYSTEMPATH/CodeIgniter.php(485): CodeIgniter\CodeIgniter->createController()
 3 SYSTEMPATH/CodeIgniter.php(353): CodeIgniter\CodeIgniter->handleRequest()
 4 FCPATH/index.php(79): CodeIgniter\CodeIgniter->run()
 5 SYSTEMPATH/Commands/Server/rewrite.php(47): require_once('/run/media/degante/DEVELOPMENT/dev/horarios/public/index.php')
CRITICAL - 2023-10-11 03:58:02 --> syntax error, unexpected identifier "BaseController", expecting "{"
in APPPATH/Controllers/EstatusDelPersonalController.php on line 8.
 1 SYSTEMPATH/Autoloader/Autoloader.php(285): CodeIgniter\Autoloader\Autoloader->includeFile()
 2 SYSTEMPATH/Autoloader/Autoloader.php(263): CodeIgniter\Autoloader\Autoloader->loadInNamespace()
 3 [internal function]: CodeIgniter\Autoloader\Autoloader->loadClass()
 4 SYSTEMPATH/CodeIgniter.php(877): class_exists()
 5 SYSTEMPATH/CodeIgniter.php(481): CodeIgniter\CodeIgniter->startController()
 6 SYSTEMPATH/CodeIgniter.php(353): CodeIgniter\CodeIgniter->handleRequest()
 7 FCPATH/index.php(79): CodeIgniter\CodeIgniter->run()
 8 SYSTEMPATH/Commands/Server/rewrite.php(47): require_once('/run/media/degante/DEVELOPMENT/dev/horarios/public/index.php')
CRITICAL - 2023-10-11 04:24:34 --> Call to undefined method App\Models\EstatusDelPersonalModel::getEstatusDelPersonal
in SYSTEMPATH/Model.php on line 873.
 1 APPPATH/Controllers/EstatusDelPersonalController.php(22): CodeIgniter\Model->__call()
 2 SYSTEMPATH/CodeIgniter.php(919): App\Controllers\EstatusDelPersonalController->index()
 3 SYSTEMPATH/CodeIgniter.php(494): CodeIgniter\CodeIgniter->runController()
 4 SYSTEMPATH/CodeIgniter.php(353): CodeIgniter\CodeIgniter->handleRequest()
 5 FCPATH/index.php(79): CodeIgniter\CodeIgniter->run()
 6 SYSTEMPATH/Commands/Server/rewrite.php(47): require_once('/run/media/degante/DEVELOPMENT/dev/horarios/public/index.php')
CRITICAL - 2023-10-11 04:24:55 --> Invalid file: "estatusDelPersonal/index.php"
in SYSTEMPATH/Exceptions/FrameworkException.php on line 39.
 1 SYSTEMPATH/View/View.php(214): CodeIgniter\Exceptions\FrameworkException::forInvalidFile()
 2 SYSTEMPATH/Common.php(1188): CodeIgniter\View\View->render()
 3 APPPATH/Controllers/EstatusDelPersonalController.php(24): view()
 4 SYSTEMPATH/CodeIgniter.php(919): App\Controllers\EstatusDelPersonalController->index()
 5 SYSTEMPATH/CodeIgniter.php(494): CodeIgniter\CodeIgniter->runController()
 6 SYSTEMPATH/CodeIgniter.php(353): CodeIgniter\CodeIgniter->handleRequest()
 7 FCPATH/index.php(79): CodeIgniter\CodeIgniter->run()
 8 SYSTEMPATH/Commands/Server/rewrite.php(47): require_once('/run/media/degante/DEVELOPMENT/dev/horarios/public/index.php')
CRITICAL - 2023-10-11 05:11:50 --> syntax error, unexpected token "]"
in APPPATH/Controllers/DocenteController.php on line 52.
 1 SYSTEMPATH/Autoloader/Autoloader.php(285): CodeIgniter\Autoloader\Autoloader->includeFile()
 2 SYSTEMPATH/Autoloader/Autoloader.php(263): CodeIgniter\Autoloader\Autoloader->loadInNamespace()
 3 [internal function]: CodeIgniter\Autoloader\Autoloader->loadClass()
 4 SYSTEMPATH/CodeIgniter.php(877): class_exists()
 5 SYSTEMPATH/CodeIgniter.php(481): CodeIgniter\CodeIgniter->startController()
 6 SYSTEMPATH/CodeIgniter.php(353): CodeIgniter\CodeIgniter->handleRequest()
 7 FCPATH/index.php(79): CodeIgniter\CodeIgniter->run()
 8 SYSTEMPATH/Commands/Server/rewrite.php(47): require_once('/run/media/degante/DEVELOPMENT/dev/horarios/public/index.php')
WARNING - 2023-10-11 05:16:20 --> [DEPRECATED] Creation of dynamic property App\Controllers\DocenteController::$estatusDelPersonalModel is deprecated in APPPATH/Controllers/DocenteController.php on line 18.
 1 SYSTEMPATH/CodeIgniter.php(891): App\Controllers\DocenteController->__construct()
 2 SYSTEMPATH/CodeIgniter.php(485): CodeIgniter\CodeIgniter->createController()
 3 SYSTEMPATH/CodeIgniter.php(353): CodeIgniter\CodeIgniter->handleRequest(null, Object(Config\Cache), false)
 4 FCPATH/index.php(79): CodeIgniter\CodeIgniter->run()
 5 SYSTEMPATH/Commands/Server/rewrite.php(47): require_once('/run/media/degante/DEVELOPMENT/dev/horarios/public/index.php')
WARNING - 2023-10-11 05:16:39 --> [DEPRECATED] Creation of dynamic property App\Controllers\DocenteController::$estatusDelPersonalModel is deprecated in APPPATH/Controllers/DocenteController.php on line 18.
 1 SYSTEMPATH/CodeIgniter.php(891): App\Controllers\DocenteController->__construct()
 2 SYSTEMPATH/CodeIgniter.php(485): CodeIgniter\CodeIgniter->createController()
 3 SYSTEMPATH/CodeIgniter.php(353): CodeIgniter\CodeIgniter->handleRequest(null, Object(Config\Cache), false)
 4 FCPATH/index.php(79): CodeIgniter\CodeIgniter->run()
 5 SYSTEMPATH/Commands/Server/rewrite.php(47): require_once('/run/media/degante/DEVELOPMENT/dev/horarios/public/index.php')
WARNING - 2023-10-11 05:17:01 --> [DEPRECATED] Creation of dynamic property App\Controllers\DocenteController::$estatusDelPersonalModel is deprecated in APPPATH/Controllers/DocenteController.php on line 18.
 1 SYSTEMPATH/CodeIgniter.php(891): App\Controllers\DocenteController->__construct()
 2 SYSTEMPATH/CodeIgniter.php(485): CodeIgniter\CodeIgniter->createController()
 3 SYSTEMPATH/CodeIgniter.php(353): CodeIgniter\CodeIgniter->handleRequest(null, Object(Config\Cache), false)
 4 FCPATH/index.php(79): CodeIgniter\CodeIgniter->run()
 5 SYSTEMPATH/Commands/Server/rewrite.php(47): require_once('/run/media/degante/DEVELOPMENT/dev/horarios/public/index.php')
WARNING - 2023-10-11 05:18:17 --> [DEPRECATED] Creation of dynamic property App\Controllers\DocenteController::$estatusDelPersonalModel is deprecated in APPPATH/Controllers/DocenteController.php on line 18.
 1 SYSTEMPATH/CodeIgniter.php(891): App\Controllers\DocenteController->__construct()
 2 SYSTEMPATH/CodeIgniter.php(485): CodeIgniter\CodeIgniter->createController()
 3 SYSTEMPATH/CodeIgniter.php(353): CodeIgniter\CodeIgniter->handleRequest(null, Object(Config\Cache), false)
 4 FCPATH/index.php(79): CodeIgniter\CodeIgniter->run()
 5 SYSTEMPATH/Commands/Server/rewrite.php(47): require_once('/run/media/degante/DEVELOPMENT/dev/horarios/public/index.php')
WARNING - 2023-10-11 05:18:34 --> [DEPRECATED] Creation of dynamic property App\Controllers\DocenteController::$estatusDelPersonalModel is deprecated in APPPATH/Controllers/DocenteController.php on line 18.
 1 SYSTEMPATH/CodeIgniter.php(891): App\Controllers\DocenteController->__construct()
 2 SYSTEMPATH/CodeIgniter.php(485): CodeIgniter\CodeIgniter->createController()
 3 SYSTEMPATH/CodeIgniter.php(353): CodeIgniter\CodeIgniter->handleRequest(null, Object(Config\Cache), false)
 4 FCPATH/index.php(79): CodeIgniter\CodeIgniter->run()
 5 SYSTEMPATH/Commands/Server/rewrite.php(47): require_once('/run/media/degante/DEVELOPMENT/dev/horarios/public/index.php')
WARNING - 2023-10-11 05:18:45 --> [DEPRECATED] Creation of dynamic property App\Controllers\DocenteController::$estatusDelPersonalModel is deprecated in APPPATH/Controllers/DocenteController.php on line 18.
 1 SYSTEMPATH/CodeIgniter.php(891): App\Controllers\DocenteController->__construct()
 2 SYSTEMPATH/CodeIgniter.php(485): CodeIgniter\CodeIgniter->createController()
 3 SYSTEMPATH/CodeIgniter.php(353): CodeIgniter\CodeIgniter->handleRequest(null, Object(Config\Cache), false)
 4 FCPATH/index.php(79): CodeIgniter\CodeIgniter->run()
 5 SYSTEMPATH/Commands/Server/rewrite.php(47): require_once('/run/media/degante/DEVELOPMENT/dev/horarios/public/index.php')
WARNING - 2023-10-11 05:20:27 --> [DEPRECATED] Creation of dynamic property App\Controllers\DocenteController::$estatusDelPersonalModel is deprecated in APPPATH/Controllers/DocenteController.php on line 18.
 1 SYSTEMPATH/CodeIgniter.php(891): App\Controllers\DocenteController->__construct()
 2 SYSTEMPATH/CodeIgniter.php(485): CodeIgniter\CodeIgniter->createController()
 3 SYSTEMPATH/CodeIgniter.php(353): CodeIgniter\CodeIgniter->handleRequest(null, Object(Config\Cache), false)
 4 FCPATH/index.php(79): CodeIgniter\CodeIgniter->run()
 5 SYSTEMPATH/Commands/Server/rewrite.php(47): require_once('/run/media/degante/DEVELOPMENT/dev/horarios/public/index.php')
WARNING - 2023-10-11 05:20:31 --> [DEPRECATED] Creation of dynamic property App\Controllers\DocenteController::$estatusDelPersonalModel is deprecated in APPPATH/Controllers/DocenteController.php on line 18.
 1 SYSTEMPATH/CodeIgniter.php(891): App\Controllers\DocenteController->__construct()
 2 SYSTEMPATH/CodeIgniter.php(485): CodeIgniter\CodeIgniter->createController()
 3 SYSTEMPATH/CodeIgniter.php(353): CodeIgniter\CodeIgniter->handleRequest(null, Object(Config\Cache), false)
 4 FCPATH/index.php(79): CodeIgniter\CodeIgniter->run()
 5 SYSTEMPATH/Commands/Server/rewrite.php(47): require_once('/run/media/degante/DEVELOPMENT/dev/horarios/public/index.php')
WARNING - 2023-10-11 05:20:32 --> [DEPRECATED] Creation of dynamic property App\Controllers\DocenteController::$estatusDelPersonalModel is deprecated in APPPATH/Controllers/DocenteController.php on line 18.
 1 SYSTEMPATH/CodeIgniter.php(891): App\Controllers\DocenteController->__construct()
 2 SYSTEMPATH/CodeIgniter.php(485): CodeIgniter\CodeIgniter->createController()
 3 SYSTEMPATH/CodeIgniter.php(353): CodeIgniter\CodeIgniter->handleRequest(null, Object(Config\Cache), false)
 4 FCPATH/index.php(79): CodeIgniter\CodeIgniter->run()
 5 SYSTEMPATH/Commands/Server/rewrite.php(47): require_once('/run/media/degante/DEVELOPMENT/dev/horarios/public/index.php')
WARNING - 2023-10-11 05:20:53 --> [DEPRECATED] Creation of dynamic property App\Controllers\DocenteController::$estatusDelPersonalModel is deprecated in APPPATH/Controllers/DocenteController.php on line 18.
 1 SYSTEMPATH/CodeIgniter.php(891): App\Controllers\DocenteController->__construct()
 2 SYSTEMPATH/CodeIgniter.php(485): CodeIgniter\CodeIgniter->createController()
 3 SYSTEMPATH/CodeIgniter.php(353): CodeIgniter\CodeIgniter->handleRequest(null, Object(Config\Cache), false)
 4 FCPATH/index.php(79): CodeIgniter\CodeIgniter->run()
 5 SYSTEMPATH/Commands/Server/rewrite.php(47): require_once('/run/media/degante/DEVELOPMENT/dev/horarios/public/index.php')
WARNING - 2023-10-11 05:24:32 --> [DEPRECATED] Creation of dynamic property App\Controllers\DocenteController::$estatusDelPersonalModel is deprecated in APPPATH/Controllers/DocenteController.php on line 18.
 1 SYSTEMPATH/CodeIgniter.php(891): App\Controllers\DocenteController->__construct()
 2 SYSTEMPATH/CodeIgniter.php(485): CodeIgniter\CodeIgniter->createController()
 3 SYSTEMPATH/CodeIgniter.php(353): CodeIgniter\CodeIgniter->handleRequest(null, Object(Config\Cache), false)
 4 FCPATH/index.php(79): CodeIgniter\CodeIgniter->run()
 5 SYSTEMPATH/Commands/Server/rewrite.php(47): require_once('/run/media/degante/DEVELOPMENT/dev/horarios/public/index.php')
WARNING - 2023-10-11 05:24:49 --> [DEPRECATED] Creation of dynamic property App\Controllers\DocenteController::$estatusDelPersonalModel is deprecated in APPPATH/Controllers/DocenteController.php on line 18.
 1 SYSTEMPATH/CodeIgniter.php(891): App\Controllers\DocenteController->__construct()
 2 SYSTEMPATH/CodeIgniter.php(485): CodeIgniter\CodeIgniter->createController()
 3 SYSTEMPATH/CodeIgniter.php(353): CodeIgniter\CodeIgniter->handleRequest(null, Object(Config\Cache), false)
 4 FCPATH/index.php(79): CodeIgniter\CodeIgniter->run()
 5 SYSTEMPATH/Commands/Server/rewrite.php(47): require_once('/run/media/degante/DEVELOPMENT/dev/horarios/public/index.php')
WARNING - 2023-10-11 05:25:25 --> [DEPRECATED] Creation of dynamic property App\Controllers\DocenteController::$estatusDelPersonalModel is deprecated in APPPATH/Controllers/DocenteController.php on line 18.
 1 SYSTEMPATH/CodeIgniter.php(891): App\Controllers\DocenteController->__construct()
 2 SYSTEMPATH/CodeIgniter.php(485): CodeIgniter\CodeIgniter->createController()
 3 SYSTEMPATH/CodeIgniter.php(353): CodeIgniter\CodeIgniter->handleRequest(null, Object(Config\Cache), false)
 4 FCPATH/index.php(79): CodeIgniter\CodeIgniter->run()
 5 SYSTEMPATH/Commands/Server/rewrite.php(47): require_once('/run/media/degante/DEVELOPMENT/dev/horarios/public/index.php')
WARNING - 2023-10-11 05:25:42 --> [DEPRECATED] Creation of dynamic property App\Controllers\DocenteController::$estatusDelPersonalModel is deprecated in APPPATH/Controllers/DocenteController.php on line 18.
 1 SYSTEMPATH/CodeIgniter.php(891): App\Controllers\DocenteController->__construct()
 2 SYSTEMPATH/CodeIgniter.php(485): CodeIgniter\CodeIgniter->createController()
 3 SYSTEMPATH/CodeIgniter.php(353): CodeIgniter\CodeIgniter->handleRequest(null, Object(Config\Cache), false)
 4 FCPATH/index.php(79): CodeIgniter\CodeIgniter->run()
 5 SYSTEMPATH/Commands/Server/rewrite.php(47): require_once('/run/media/degante/DEVELOPMENT/dev/horarios/public/index.php')
WARNING - 2023-10-11 05:28:11 --> [DEPRECATED] Creation of dynamic property App\Controllers\DocenteController::$estatusDelPersonalModel is deprecated in APPPATH/Controllers/DocenteController.php on line 18.
 1 SYSTEMPATH/CodeIgniter.php(891): App\Controllers\DocenteController->__construct()
 2 SYSTEMPATH/CodeIgniter.php(485): CodeIgniter\CodeIgniter->createController()
 3 SYSTEMPATH/CodeIgniter.php(353): CodeIgniter\CodeIgniter->handleRequest(null, Object(Config\Cache), false)
 4 FCPATH/index.php(79): CodeIgniter\CodeIgniter->run()
 5 SYSTEMPATH/Commands/Server/rewrite.php(47): require_once('/run/media/degante/DEVELOPMENT/dev/horarios/public/index.php')
CRITICAL - 2023-10-11 05:28:11 --> Undefined array key "horas_asignadas"
in APPPATH/Controllers/DocenteController.php on line 62.
 1 APPPATH/Controllers/DocenteController.php(62): CodeIgniter\Debug\Exceptions->errorHandler()
 2 SYSTEMPATH/CodeIgniter.php(919): App\Controllers\DocenteController->store()
 3 SYSTEMPATH/CodeIgniter.php(494): CodeIgniter\CodeIgniter->runController()
 4 SYSTEMPATH/CodeIgniter.php(353): CodeIgniter\CodeIgniter->handleRequest()
 5 FCPATH/index.php(79): CodeIgniter\CodeIgniter->run()
 6 SYSTEMPATH/Commands/Server/rewrite.php(47): require_once('/run/media/degante/DEVELOPMENT/dev/horarios/public/index.php')
WARNING - 2023-10-11 05:28:48 --> [DEPRECATED] Creation of dynamic property App\Controllers\DocenteController::$estatusDelPersonalModel is deprecated in APPPATH/Controllers/DocenteController.php on line 18.
 1 SYSTEMPATH/CodeIgniter.php(891): App\Controllers\DocenteController->__construct()
 2 SYSTEMPATH/CodeIgniter.php(485): CodeIgniter\CodeIgniter->createController()
 3 SYSTEMPATH/CodeIgniter.php(353): CodeIgniter\CodeIgniter->handleRequest(null, Object(Config\Cache), false)
 4 FCPATH/index.php(79): CodeIgniter\CodeIgniter->run()
 5 SYSTEMPATH/Commands/Server/rewrite.php(47): require_once('/run/media/degante/DEVELOPMENT/dev/horarios/public/index.php')
CRITICAL - 2023-10-11 05:28:48 --> Undefined array key "horas_asignadas"
in APPPATH/Controllers/DocenteController.php on line 62.
 1 APPPATH/Controllers/DocenteController.php(62): CodeIgniter\Debug\Exceptions->errorHandler()
 2 SYSTEMPATH/CodeIgniter.php(919): App\Controllers\DocenteController->store()
 3 SYSTEMPATH/CodeIgniter.php(494): CodeIgniter\CodeIgniter->runController()
 4 SYSTEMPATH/CodeIgniter.php(353): CodeIgniter\CodeIgniter->handleRequest()
 5 FCPATH/index.php(79): CodeIgniter\CodeIgniter->run()
 6 SYSTEMPATH/Commands/Server/rewrite.php(47): require_once('/run/media/degante/DEVELOPMENT/dev/horarios/public/index.php')
WARNING - 2023-10-11 05:33:17 --> [DEPRECATED] Creation of dynamic property App\Controllers\DocenteController::$estatusDelPersonalModel is deprecated in APPPATH/Controllers/DocenteController.php on line 18.
 1 SYSTEMPATH/CodeIgniter.php(891): App\Controllers\DocenteController->__construct()
 2 SYSTEMPATH/CodeIgniter.php(485): CodeIgniter\CodeIgniter->createController()
 3 SYSTEMPATH/CodeIgniter.php(353): CodeIgniter\CodeIgniter->handleRequest(null, Object(Config\Cache), false)
 4 FCPATH/index.php(79): CodeIgniter\CodeIgniter->run()
 5 SYSTEMPATH/Commands/Server/rewrite.php(47): require_once('/run/media/degante/DEVELOPMENT/dev/horarios/public/index.php')
CRITICAL - 2023-10-11 05:33:17 --> Undefined variable $estatusDelPersonal
in APPPATH/Views/docentes/create.php on line 37.
 1 APPPATH/Views/docentes/create.php(37): CodeIgniter\Debug\Exceptions->errorHandler()
 2 SYSTEMPATH/View/View.php(226): include('/run/media/degante/DEVELOPMENT/dev/horarios/app/Views/docentes/create.php')
 3 SYSTEMPATH/View/View.php(229): CodeIgniter\View\View->CodeIgniter\View\{closure}()
 4 SYSTEMPATH/Common.php(1188): CodeIgniter\View\View->render()
 5 APPPATH/Controllers/DocenteController.php(62): view()
 6 SYSTEMPATH/CodeIgniter.php(919): App\Controllers\DocenteController->store()
 7 SYSTEMPATH/CodeIgniter.php(494): CodeIgniter\CodeIgniter->runController()
 8 SYSTEMPATH/CodeIgniter.php(353): CodeIgniter\CodeIgniter->handleRequest()
 9 FCPATH/index.php(79): CodeIgniter\CodeIgniter->run()
10 SYSTEMPATH/Commands/Server/rewrite.php(47): require_once('/run/media/degante/DEVELOPMENT/dev/horarios/public/index.php')
WARNING - 2023-10-11 05:33:55 --> [DEPRECATED] Creation of dynamic property App\Controllers\DocenteController::$estatusDelPersonalModel is deprecated in APPPATH/Controllers/DocenteController.php on line 18.
 1 SYSTEMPATH/CodeIgniter.php(891): App\Controllers\DocenteController->__construct()
 2 SYSTEMPATH/CodeIgniter.php(485): CodeIgniter\CodeIgniter->createController()
 3 SYSTEMPATH/CodeIgniter.php(353): CodeIgniter\CodeIgniter->handleRequest(null, Object(Config\Cache), false)
 4 FCPATH/index.php(79): CodeIgniter\CodeIgniter->run()
 5 SYSTEMPATH/Commands/Server/rewrite.php(47): require_once('/run/media/degante/DEVELOPMENT/dev/horarios/public/index.php')
CRITICAL - 2023-10-11 05:33:55 --> Undefined variable $estatusDelPersonal
in APPPATH/Views/docentes/create.php on line 37.
 1 APPPATH/Views/docentes/create.php(37): CodeIgniter\Debug\Exceptions->errorHandler()
 2 SYSTEMPATH/View/View.php(226): include('/run/media/degante/DEVELOPMENT/dev/horarios/app/Views/docentes/create.php')
 3 SYSTEMPATH/View/View.php(229): CodeIgniter\View\View->CodeIgniter\View\{closure}()
 4 SYSTEMPATH/Common.php(1188): CodeIgniter\View\View->render()
 5 APPPATH/Controllers/DocenteController.php(62): view()
 6 SYSTEMPATH/CodeIgniter.php(919): App\Controllers\DocenteController->store()
 7 SYSTEMPATH/CodeIgniter.php(494): CodeIgniter\CodeIgniter->runController()
 8 SYSTEMPATH/CodeIgniter.php(353): CodeIgniter\CodeIgniter->handleRequest()
 9 FCPATH/index.php(79): CodeIgniter\CodeIgniter->run()
10 SYSTEMPATH/Commands/Server/rewrite.php(47): require_once('/run/media/degante/DEVELOPMENT/dev/horarios/public/index.php')
WARNING - 2023-10-11 05:34:43 --> [DEPRECATED] Creation of dynamic property App\Controllers\DocenteController::$estatusDelPersonalModel is deprecated in APPPATH/Controllers/DocenteController.php on line 18.
 1 SYSTEMPATH/CodeIgniter.php(891): App\Controllers\DocenteController->__construct()
 2 SYSTEMPATH/CodeIgniter.php(485): CodeIgniter\CodeIgniter->createController()
 3 SYSTEMPATH/CodeIgniter.php(353): CodeIgniter\CodeIgniter->handleRequest(null, Object(Config\Cache), false)
 4 FCPATH/index.php(79): CodeIgniter\CodeIgniter->run()
 5 SYSTEMPATH/Commands/Server/rewrite.php(47): require_once('/run/media/degante/DEVELOPMENT/dev/horarios/public/index.php')
WARNING - 2023-10-11 05:34:45 --> [DEPRECATED] Creation of dynamic property App\Controllers\DocenteController::$estatusDelPersonalModel is deprecated in APPPATH/Controllers/DocenteController.php on line 18.
 1 SYSTEMPATH/CodeIgniter.php(891): App\Controllers\DocenteController->__construct()
 2 SYSTEMPATH/CodeIgniter.php(485): CodeIgniter\CodeIgniter->createController()
 3 SYSTEMPATH/CodeIgniter.php(353): CodeIgniter\CodeIgniter->handleRequest(null, Object(Config\Cache), false)
 4 FCPATH/index.php(79): CodeIgniter\CodeIgniter->run()
 5 SYSTEMPATH/Commands/Server/rewrite.php(47): require_once('/run/media/degante/DEVELOPMENT/dev/horarios/public/index.php')
WARNING - 2023-10-11 05:34:58 --> [DEPRECATED] Creation of dynamic property App\Controllers\DocenteController::$estatusDelPersonalModel is deprecated in APPPATH/Controllers/DocenteController.php on line 18.
 1 SYSTEMPATH/CodeIgniter.php(891): App\Controllers\DocenteController->__construct()
 2 SYSTEMPATH/CodeIgniter.php(485): CodeIgniter\CodeIgniter->createController()
 3 SYSTEMPATH/CodeIgniter.php(353): CodeIgniter\CodeIgniter->handleRequest(null, Object(Config\Cache), false)
 4 FCPATH/index.php(79): CodeIgniter\CodeIgniter->run()
 5 SYSTEMPATH/Commands/Server/rewrite.php(47): require_once('/run/media/degante/DEVELOPMENT/dev/horarios/public/index.php')
CRITICAL - 2023-10-11 05:34:58 --> Undefined variable $estatusDelPersonal
in APPPATH/Views/docentes/create.php on line 37.
 1 APPPATH/Views/docentes/create.php(37): CodeIgniter\Debug\Exceptions->errorHandler()
 2 SYSTEMPATH/View/View.php(226): include('/run/media/degante/DEVELOPMENT/dev/horarios/app/Views/docentes/create.php')
 3 SYSTEMPATH/View/View.php(229): CodeIgniter\View\View->CodeIgniter\View\{closure}()
 4 SYSTEMPATH/Common.php(1188): CodeIgniter\View\View->render()
 5 APPPATH/Controllers/DocenteController.php(62): view()
 6 SYSTEMPATH/CodeIgniter.php(919): App\Controllers\DocenteController->store()
 7 SYSTEMPATH/CodeIgniter.php(494): CodeIgniter\CodeIgniter->runController()
 8 SYSTEMPATH/CodeIgniter.php(353): CodeIgniter\CodeIgniter->handleRequest()
 9 FCPATH/index.php(79): CodeIgniter\CodeIgniter->run()
10 SYSTEMPATH/Commands/Server/rewrite.php(47): require_once('/run/media/degante/DEVELOPMENT/dev/horarios/public/index.php')
WARNING - 2023-10-11 05:36:56 --> [DEPRECATED] Creation of dynamic property App\Controllers\DocenteController::$estatusDelPersonalModel is deprecated in APPPATH/Controllers/DocenteController.php on line 18.
 1 SYSTEMPATH/CodeIgniter.php(891): App\Controllers\DocenteController->__construct()
 2 SYSTEMPATH/CodeIgniter.php(485): CodeIgniter\CodeIgniter->createController()
 3 SYSTEMPATH/CodeIgniter.php(353): CodeIgniter\CodeIgniter->handleRequest(null, Object(Config\Cache), false)
 4 FCPATH/index.php(79): CodeIgniter\CodeIgniter->run()
 5 SYSTEMPATH/Commands/Server/rewrite.php(47): require_once('/run/media/degante/DEVELOPMENT/dev/horarios/public/index.php')
CRITICAL - 2023-10-11 05:36:56 --> Undefined variable $estatusDelPersonal
in APPPATH/Views/docentes/create.php on line 37.
 1 APPPATH/Views/docentes/create.php(37): CodeIgniter\Debug\Exceptions->errorHandler()
 2 SYSTEMPATH/View/View.php(226): include('/run/media/degante/DEVELOPMENT/dev/horarios/app/Views/docentes/create.php')
 3 SYSTEMPATH/View/View.php(229): CodeIgniter\View\View->CodeIgniter\View\{closure}()
 4 SYSTEMPATH/Common.php(1188): CodeIgniter\View\View->render()
 5 APPPATH/Controllers/DocenteController.php(62): view()
 6 SYSTEMPATH/CodeIgniter.php(919): App\Controllers\DocenteController->store()
 7 SYSTEMPATH/CodeIgniter.php(494): CodeIgniter\CodeIgniter->runController()
 8 SYSTEMPATH/CodeIgniter.php(353): CodeIgniter\CodeIgniter->handleRequest()
 9 FCPATH/index.php(79): CodeIgniter\CodeIgniter->run()
10 SYSTEMPATH/Commands/Server/rewrite.php(47): require_once('/run/media/degante/DEVELOPMENT/dev/horarios/public/index.php')
WARNING - 2023-10-11 05:37:36 --> [DEPRECATED] Creation of dynamic property App\Controllers\DocenteController::$estatusDelPersonalModel is deprecated in APPPATH/Controllers/DocenteController.php on line 18.
 1 SYSTEMPATH/CodeIgniter.php(891): App\Controllers\DocenteController->__construct()
 2 SYSTEMPATH/CodeIgniter.php(485): CodeIgniter\CodeIgniter->createController()
 3 SYSTEMPATH/CodeIgniter.php(353): CodeIgniter\CodeIgniter->handleRequest(null, Object(Config\Cache), false)
 4 FCPATH/index.php(79): CodeIgniter\CodeIgniter->run()
 5 SYSTEMPATH/Commands/Server/rewrite.php(47): require_once('/run/media/degante/DEVELOPMENT/dev/horarios/public/index.php')
WARNING - 2023-10-11 05:38:00 --> [DEPRECATED] Creation of dynamic property App\Controllers\DocenteController::$estatusDelPersonalModel is deprecated in APPPATH/Controllers/DocenteController.php on line 18.
 1 SYSTEMPATH/CodeIgniter.php(891): App\Controllers\DocenteController->__construct()
 2 SYSTEMPATH/CodeIgniter.php(485): CodeIgniter\CodeIgniter->createController()
 3 SYSTEMPATH/CodeIgniter.php(353): CodeIgniter\CodeIgniter->handleRequest(null, Object(Config\Cache), false)
 4 FCPATH/index.php(79): CodeIgniter\CodeIgniter->run()
 5 SYSTEMPATH/Commands/Server/rewrite.php(47): require_once('/run/media/degante/DEVELOPMENT/dev/horarios/public/index.php')
WARNING - 2023-10-11 05:38:44 --> [DEPRECATED] Creation of dynamic property App\Controllers\DocenteController::$estatusDelPersonalModel is deprecated in APPPATH/Controllers/DocenteController.php on line 18.
 1 SYSTEMPATH/CodeIgniter.php(891): App\Controllers\DocenteController->__construct()
 2 SYSTEMPATH/CodeIgniter.php(485): CodeIgniter\CodeIgniter->createController()
 3 SYSTEMPATH/CodeIgniter.php(353): CodeIgniter\CodeIgniter->handleRequest(null, Object(Config\Cache), false)
 4 FCPATH/index.php(79): CodeIgniter\CodeIgniter->run()
 5 SYSTEMPATH/Commands/Server/rewrite.php(47): require_once('/run/media/degante/DEVELOPMENT/dev/horarios/public/index.php')
WARNING - 2023-10-11 05:39:00 --> [DEPRECATED] Creation of dynamic property App\Controllers\DocenteController::$estatusDelPersonalModel is deprecated in APPPATH/Controllers/DocenteController.php on line 18.
 1 SYSTEMPATH/CodeIgniter.php(891): App\Controllers\DocenteController->__construct()
 2 SYSTEMPATH/CodeIgniter.php(485): CodeIgniter\CodeIgniter->createController()
 3 SYSTEMPATH/CodeIgniter.php(353): CodeIgniter\CodeIgniter->handleRequest(null, Object(Config\Cache), false)
 4 FCPATH/index.php(79): CodeIgniter\CodeIgniter->run()
 5 SYSTEMPATH/Commands/Server/rewrite.php(47): require_once('/run/media/degante/DEVELOPMENT/dev/horarios/public/index.php')
WARNING - 2023-10-11 05:40:10 --> [DEPRECATED] Creation of dynamic property App\Controllers\DocenteController::$estatusDelPersonalModel is deprecated in APPPATH/Controllers/DocenteController.php on line 18.
 1 SYSTEMPATH/CodeIgniter.php(891): App\Controllers\DocenteController->__construct()
 2 SYSTEMPATH/CodeIgniter.php(485): CodeIgniter\CodeIgniter->createController()
 3 SYSTEMPATH/CodeIgniter.php(353): CodeIgniter\CodeIgniter->handleRequest(null, Object(Config\Cache), false)
 4 FCPATH/index.php(79): CodeIgniter\CodeIgniter->run()
 5 SYSTEMPATH/Commands/Server/rewrite.php(47): require_once('/run/media/degante/DEVELOPMENT/dev/horarios/public/index.php')
WARNING - 2023-10-11 05:40:20 --> [DEPRECATED] Creation of dynamic property App\Controllers\DocenteController::$estatusDelPersonalModel is deprecated in APPPATH/Controllers/DocenteController.php on line 18.
 1 SYSTEMPATH/CodeIgniter.php(891): App\Controllers\DocenteController->__construct()
 2 SYSTEMPATH/CodeIgniter.php(485): CodeIgniter\CodeIgniter->createController()
 3 SYSTEMPATH/CodeIgniter.php(353): CodeIgniter\CodeIgniter->handleRequest(null, Object(Config\Cache), false)
 4 FCPATH/index.php(79): CodeIgniter\CodeIgniter->run()
 5 SYSTEMPATH/Commands/Server/rewrite.php(47): require_once('/run/media/degante/DEVELOPMENT/dev/horarios/public/index.php')
WARNING - 2023-10-11 05:46:52 --> [DEPRECATED] Creation of dynamic property App\Controllers\DocenteController::$estatusDelPersonalModel is deprecated in APPPATH/Controllers/DocenteController.php on line 18.
 1 SYSTEMPATH/CodeIgniter.php(891): App\Controllers\DocenteController->__construct()
 2 SYSTEMPATH/CodeIgniter.php(485): CodeIgniter\CodeIgniter->createController()
 3 SYSTEMPATH/CodeIgniter.php(353): CodeIgniter\CodeIgniter->handleRequest(null, Object(Config\Cache), false)
 4 FCPATH/index.php(79): CodeIgniter\CodeIgniter->run()
 5 SYSTEMPATH/Commands/Server/rewrite.php(47): require_once('/run/media/degante/DEVELOPMENT/dev/horarios/public/index.php')
WARNING - 2023-10-11 05:47:05 --> [DEPRECATED] Creation of dynamic property App\Controllers\DocenteController::$estatusDelPersonalModel is deprecated in APPPATH/Controllers/DocenteController.php on line 18.
 1 SYSTEMPATH/CodeIgniter.php(891): App\Controllers\DocenteController->__construct()
 2 SYSTEMPATH/CodeIgniter.php(485): CodeIgniter\CodeIgniter->createController()
 3 SYSTEMPATH/CodeIgniter.php(353): CodeIgniter\CodeIgniter->handleRequest(null, Object(Config\Cache), false)
 4 FCPATH/index.php(79): CodeIgniter\CodeIgniter->run()
 5 SYSTEMPATH/Commands/Server/rewrite.php(47): require_once('/run/media/degante/DEVELOPMENT/dev/horarios/public/index.php')
WARNING - 2023-10-11 05:47:32 --> [DEPRECATED] Creation of dynamic property App\Controllers\DocenteController::$estatusDelPersonalModel is deprecated in APPPATH/Controllers/DocenteController.php on line 18.
 1 SYSTEMPATH/CodeIgniter.php(891): App\Controllers\DocenteController->__construct()
 2 SYSTEMPATH/CodeIgniter.php(485): CodeIgniter\CodeIgniter->createController()
 3 SYSTEMPATH/CodeIgniter.php(353): CodeIgniter\CodeIgniter->handleRequest(null, Object(Config\Cache), false)
 4 FCPATH/index.php(79): CodeIgniter\CodeIgniter->run()
 5 SYSTEMPATH/Commands/Server/rewrite.php(47): require_once('/run/media/degante/DEVELOPMENT/dev/horarios/public/index.php')
WARNING - 2023-10-11 05:47:36 --> [DEPRECATED] Creation of dynamic property App\Controllers\DocenteController::$estatusDelPersonalModel is deprecated in APPPATH/Controllers/DocenteController.php on line 18.
 1 SYSTEMPATH/CodeIgniter.php(891): App\Controllers\DocenteController->__construct()
 2 SYSTEMPATH/CodeIgniter.php(485): CodeIgniter\CodeIgniter->createController()
 3 SYSTEMPATH/CodeIgniter.php(353): CodeIgniter\CodeIgniter->handleRequest(null, Object(Config\Cache), false)
 4 FCPATH/index.php(79): CodeIgniter\CodeIgniter->run()
 5 SYSTEMPATH/Commands/Server/rewrite.php(47): require_once('/run/media/degante/DEVELOPMENT/dev/horarios/public/index.php')
WARNING - 2023-10-11 05:47:38 --> [DEPRECATED] Creation of dynamic property App\Controllers\DocenteController::$estatusDelPersonalModel is deprecated in APPPATH/Controllers/DocenteController.php on line 18.
 1 SYSTEMPATH/CodeIgniter.php(891): App\Controllers\DocenteController->__construct()
 2 SYSTEMPATH/CodeIgniter.php(485): CodeIgniter\CodeIgniter->createController()
 3 SYSTEMPATH/CodeIgniter.php(353): CodeIgniter\CodeIgniter->handleRequest(null, Object(Config\Cache), false)
 4 FCPATH/index.php(79): CodeIgniter\CodeIgniter->run()
 5 SYSTEMPATH/Commands/Server/rewrite.php(47): require_once('/run/media/degante/DEVELOPMENT/dev/horarios/public/index.php')
WARNING - 2023-10-11 05:47:50 --> [DEPRECATED] Creation of dynamic property App\Controllers\DocenteController::$estatusDelPersonalModel is deprecated in APPPATH/Controllers/DocenteController.php on line 18.
 1 SYSTEMPATH/CodeIgniter.php(891): App\Controllers\DocenteController->__construct()
 2 SYSTEMPATH/CodeIgniter.php(485): CodeIgniter\CodeIgniter->createController()
 3 SYSTEMPATH/CodeIgniter.php(353): CodeIgniter\CodeIgniter->handleRequest(null, Object(Config\Cache), false)
 4 FCPATH/index.php(79): CodeIgniter\CodeIgniter->run()
 5 SYSTEMPATH/Commands/Server/rewrite.php(47): require_once('/run/media/degante/DEVELOPMENT/dev/horarios/public/index.php')
WARNING - 2023-10-11 05:49:21 --> [DEPRECATED] Creation of dynamic property App\Controllers\DocenteController::$estatusDelPersonalModel is deprecated in APPPATH/Controllers/DocenteController.php on line 18.
 1 SYSTEMPATH/CodeIgniter.php(891): App\Controllers\DocenteController->__construct()
 2 SYSTEMPATH/CodeIgniter.php(485): CodeIgniter\CodeIgniter->createController()
 3 SYSTEMPATH/CodeIgniter.php(353): CodeIgniter\CodeIgniter->handleRequest(null, Object(Config\Cache), false)
 4 FCPATH/index.php(79): CodeIgniter\CodeIgniter->run()
 5 SYSTEMPATH/Commands/Server/rewrite.php(47): require_once('/run/media/degante/DEVELOPMENT/dev/horarios/public/index.php')
WARNING - 2023-10-11 05:49:22 --> [DEPRECATED] Creation of dynamic property App\Controllers\DocenteController::$estatusDelPersonalModel is deprecated in APPPATH/Controllers/DocenteController.php on line 18.
 1 SYSTEMPATH/CodeIgniter.php(891): App\Controllers\DocenteController->__construct()
 2 SYSTEMPATH/CodeIgniter.php(485): CodeIgniter\CodeIgniter->createController()
 3 SYSTEMPATH/CodeIgniter.php(353): CodeIgniter\CodeIgniter->handleRequest(null, Object(Config\Cache), false)
 4 FCPATH/index.php(79): CodeIgniter\CodeIgniter->run()
 5 SYSTEMPATH/Commands/Server/rewrite.php(47): require_once('/run/media/degante/DEVELOPMENT/dev/horarios/public/index.php')
WARNING - 2023-10-11 05:49:34 --> [DEPRECATED] Creation of dynamic property App\Controllers\DocenteController::$estatusDelPersonalModel is deprecated in APPPATH/Controllers/DocenteController.php on line 18.
 1 SYSTEMPATH/CodeIgniter.php(891): App\Controllers\DocenteController->__construct()
 2 SYSTEMPATH/CodeIgniter.php(485): CodeIgniter\CodeIgniter->createController()
 3 SYSTEMPATH/CodeIgniter.php(353): CodeIgniter\CodeIgniter->handleRequest(null, Object(Config\Cache), false)
 4 FCPATH/index.php(79): CodeIgniter\CodeIgniter->run()
 5 SYSTEMPATH/Commands/Server/rewrite.php(47): require_once('/run/media/degante/DEVELOPMENT/dev/horarios/public/index.php')
WARNING - 2023-10-11 05:49:34 --> [DEPRECATED] Creation of dynamic property App\Controllers\DocenteController::$estatusDelPersonalModel is deprecated in APPPATH/Controllers/DocenteController.php on line 18.
 1 SYSTEMPATH/CodeIgniter.php(891): App\Controllers\DocenteController->__construct()
 2 SYSTEMPATH/CodeIgniter.php(485): CodeIgniter\CodeIgniter->createController()
 3 SYSTEMPATH/CodeIgniter.php(353): CodeIgniter\CodeIgniter->handleRequest(null, Object(Config\Cache), false)
 4 FCPATH/index.php(79): CodeIgniter\CodeIgniter->run()
 5 SYSTEMPATH/Commands/Server/rewrite.php(47): require_once('/run/media/degante/DEVELOPMENT/dev/horarios/public/index.php')
WARNING - 2023-10-11 05:51:43 --> [DEPRECATED] Creation of dynamic property App\Controllers\DocenteController::$estatusDelPersonalModel is deprecated in APPPATH/Controllers/DocenteController.php on line 18.
 1 SYSTEMPATH/CodeIgniter.php(891): App\Controllers\DocenteController->__construct()
 2 SYSTEMPATH/CodeIgniter.php(485): CodeIgniter\CodeIgniter->createController()
 3 SYSTEMPATH/CodeIgniter.php(353): CodeIgniter\CodeIgniter->handleRequest(null, Object(Config\Cache), false)
 4 FCPATH/index.php(79): CodeIgniter\CodeIgniter->run()
 5 SYSTEMPATH/Commands/Server/rewrite.php(47): require_once('/run/media/degante/DEVELOPMENT/dev/horarios/public/index.php')
WARNING - 2023-10-11 05:51:55 --> [DEPRECATED] Creation of dynamic property App\Controllers\DocenteController::$estatusDelPersonalModel is deprecated in APPPATH/Controllers/DocenteController.php on line 18.
 1 SYSTEMPATH/CodeIgniter.php(891): App\Controllers\DocenteController->__construct()
 2 SYSTEMPATH/CodeIgniter.php(485): CodeIgniter\CodeIgniter->createController()
 3 SYSTEMPATH/CodeIgniter.php(353): CodeIgniter\CodeIgniter->handleRequest(null, Object(Config\Cache), false)
 4 FCPATH/index.php(79): CodeIgniter\CodeIgniter->run()
 5 SYSTEMPATH/Commands/Server/rewrite.php(47): require_once('/run/media/degante/DEVELOPMENT/dev/horarios/public/index.php')
WARNING - 2023-10-11 05:51:55 --> [DEPRECATED] Creation of dynamic property App\Controllers\DocenteController::$estatusDelPersonalModel is deprecated in APPPATH/Controllers/DocenteController.php on line 18.
 1 SYSTEMPATH/CodeIgniter.php(891): App\Controllers\DocenteController->__construct()
 2 SYSTEMPATH/CodeIgniter.php(485): CodeIgniter\CodeIgniter->createController()
 3 SYSTEMPATH/CodeIgniter.php(353): CodeIgniter\CodeIgniter->handleRequest(null, Object(Config\Cache), false)
 4 FCPATH/index.php(79): CodeIgniter\CodeIgniter->run()
 5 SYSTEMPATH/Commands/Server/rewrite.php(47): require_once('/run/media/degante/DEVELOPMENT/dev/horarios/public/index.php')
WARNING - 2023-10-11 06:20:11 --> [DEPRECATED] Creation of dynamic property App\Controllers\DocenteController::$estatusDelPersonalModel is deprecated in APPPATH/Controllers/DocenteController.php on line 18.
 1 SYSTEMPATH/CodeIgniter.php(891): App\Controllers\DocenteController->__construct()
 2 SYSTEMPATH/CodeIgniter.php(485): CodeIgniter\CodeIgniter->createController()
 3 SYSTEMPATH/CodeIgniter.php(353): CodeIgniter\CodeIgniter->handleRequest(null, Object(Config\Cache), false)
 4 FCPATH/index.php(79): CodeIgniter\CodeIgniter->run()
 5 SYSTEMPATH/Commands/Server/rewrite.php(47): require_once('/run/media/degante/DEVELOPMENT/dev/horarios/public/index.php')
WARNING - 2023-10-11 06:27:07 --> [DEPRECATED] Creation of dynamic property App\Controllers\DocenteController::$estatusDelPersonalModel is deprecated in APPPATH/Controllers/DocenteController.php on line 18.
 1 SYSTEMPATH/CodeIgniter.php(891): App\Controllers\DocenteController->__construct()
 2 SYSTEMPATH/CodeIgniter.php(485): CodeIgniter\CodeIgniter->createController()
 3 SYSTEMPATH/CodeIgniter.php(353): CodeIgniter\CodeIgniter->handleRequest(null, Object(Config\Cache), false)
 4 FCPATH/index.php(79): CodeIgniter\CodeIgniter->run()
 5 SYSTEMPATH/Commands/Server/rewrite.php(47): require_once('/run/media/degante/DEVELOPMENT/dev/horarios/public/index.php')
CRITICAL - 2023-10-11 06:27:07 --> Undefined variable $id
in APPPATH/Controllers/DocenteController.php on line 26.
 1 APPPATH/Controllers/DocenteController.php(26): CodeIgniter\Debug\Exceptions->errorHandler()
 2 SYSTEMPATH/CodeIgniter.php(919): App\Controllers\DocenteController->index()
 3 SYSTEMPATH/CodeIgniter.php(494): CodeIgniter\CodeIgniter->runController()
 4 SYSTEMPATH/CodeIgniter.php(353): CodeIgniter\CodeIgniter->handleRequest()
 5 FCPATH/index.php(79): CodeIgniter\CodeIgniter->run()
 6 SYSTEMPATH/Commands/Server/rewrite.php(47): require_once('/run/media/degante/DEVELOPMENT/dev/horarios/public/index.php')
WARNING - 2023-10-11 06:27:16 --> [DEPRECATED] Creation of dynamic property App\Controllers\DocenteController::$estatusDelPersonalModel is deprecated in APPPATH/Controllers/DocenteController.php on line 18.
 1 SYSTEMPATH/CodeIgniter.php(891): App\Controllers\DocenteController->__construct()
 2 SYSTEMPATH/CodeIgniter.php(485): CodeIgniter\CodeIgniter->createController()
 3 SYSTEMPATH/CodeIgniter.php(353): CodeIgniter\CodeIgniter->handleRequest(null, Object(Config\Cache), false)
 4 FCPATH/index.php(79): CodeIgniter\CodeIgniter->run()
 5 SYSTEMPATH/Commands/Server/rewrite.php(47): require_once('/run/media/degante/DEVELOPMENT/dev/horarios/public/index.php')
CRITICAL - 2023-10-11 06:27:16 --> Call to undefined method App\Models\EstatusDelPersonalModel::getEstatusDelDocente
in SYSTEMPATH/Model.php on line 873.
 1 APPPATH/Controllers/DocenteController.php(26): CodeIgniter\Model->__call()
 2 SYSTEMPATH/CodeIgniter.php(919): App\Controllers\DocenteController->index()
 3 SYSTEMPATH/CodeIgniter.php(494): CodeIgniter\CodeIgniter->runController()
 4 SYSTEMPATH/CodeIgniter.php(353): CodeIgniter\CodeIgniter->handleRequest()
 5 FCPATH/index.php(79): CodeIgniter\CodeIgniter->run()
 6 SYSTEMPATH/Commands/Server/rewrite.php(47): require_once('/run/media/degante/DEVELOPMENT/dev/horarios/public/index.php')
WARNING - 2023-10-11 06:27:38 --> [DEPRECATED] Creation of dynamic property App\Controllers\DocenteController::$estatusDelPersonalModel is deprecated in APPPATH/Controllers/DocenteController.php on line 18.
 1 SYSTEMPATH/CodeIgniter.php(891): App\Controllers\DocenteController->__construct()
 2 SYSTEMPATH/CodeIgniter.php(485): CodeIgniter\CodeIgniter->createController()
 3 SYSTEMPATH/CodeIgniter.php(353): CodeIgniter\CodeIgniter->handleRequest(null, Object(Config\Cache), false)
 4 FCPATH/index.php(79): CodeIgniter\CodeIgniter->run()
 5 SYSTEMPATH/Commands/Server/rewrite.php(47): require_once('/run/media/degante/DEVELOPMENT/dev/horarios/public/index.php')
CRITICAL - 2023-10-11 06:27:38 --> Too few arguments to function App\Models\DocenteModel::getEstatusDelDocente(), 0 passed in /run/media/degante/DEVELOPMENT/dev/horarios/app/Controllers/DocenteController.php on line 26 and exactly 1 expected
in APPPATH/Models/DocenteModel.php on line 49.
 1 APPPATH/Controllers/DocenteController.php(26): App\Models\DocenteModel->getEstatusDelDocente()
 2 SYSTEMPATH/CodeIgniter.php(919): App\Controllers\DocenteController->index()
 3 SYSTEMPATH/CodeIgniter.php(494): CodeIgniter\CodeIgniter->runController()
 4 SYSTEMPATH/CodeIgniter.php(353): CodeIgniter\CodeIgniter->handleRequest()
 5 FCPATH/index.php(79): CodeIgniter\CodeIgniter->run()
 6 SYSTEMPATH/Commands/Server/rewrite.php(47): require_once('/run/media/degante/DEVELOPMENT/dev/horarios/public/index.php')
WARNING - 2023-10-11 06:28:08 --> [DEPRECATED] Creation of dynamic property App\Controllers\DocenteController::$estatusDelPersonalModel is deprecated in APPPATH/Controllers/DocenteController.php on line 18.
 1 SYSTEMPATH/CodeIgniter.php(891): App\Controllers\DocenteController->__construct()
 2 SYSTEMPATH/CodeIgniter.php(485): CodeIgniter\CodeIgniter->createController()
 3 SYSTEMPATH/CodeIgniter.php(353): CodeIgniter\CodeIgniter->handleRequest(null, Object(Config\Cache), false)
 4 FCPATH/index.php(79): CodeIgniter\CodeIgniter->run()
 5 SYSTEMPATH/Commands/Server/rewrite.php(47): require_once('/run/media/degante/DEVELOPMENT/dev/horarios/public/index.php')
CRITICAL - 2023-10-11 06:28:08 --> Too few arguments to function App\Models\DocenteModel::getEstatusDelDocente(), 0 passed in /run/media/degante/DEVELOPMENT/dev/horarios/app/Controllers/DocenteController.php on line 26 and exactly 1 expected
in APPPATH/Models/DocenteModel.php on line 49.
 1 APPPATH/Controllers/DocenteController.php(26): App\Models\DocenteModel->getEstatusDelDocente()
 2 SYSTEMPATH/CodeIgniter.php(919): App\Controllers\DocenteController->index()
 3 SYSTEMPATH/CodeIgniter.php(494): CodeIgniter\CodeIgniter->runController()
 4 SYSTEMPATH/CodeIgniter.php(353): CodeIgniter\CodeIgniter->handleRequest()
 5 FCPATH/index.php(79): CodeIgniter\CodeIgniter->run()
 6 SYSTEMPATH/Commands/Server/rewrite.php(47): require_once('/run/media/degante/DEVELOPMENT/dev/horarios/public/index.php')
WARNING - 2023-10-11 06:28:32 --> [DEPRECATED] Creation of dynamic property App\Controllers\DocenteController::$estatusDelPersonalModel is deprecated in APPPATH/Controllers/DocenteController.php on line 18.
 1 SYSTEMPATH/CodeIgniter.php(891): App\Controllers\DocenteController->__construct()
 2 SYSTEMPATH/CodeIgniter.php(485): CodeIgniter\CodeIgniter->createController()
 3 SYSTEMPATH/CodeIgniter.php(353): CodeIgniter\CodeIgniter->handleRequest(null, Object(Config\Cache), false)
 4 FCPATH/index.php(79): CodeIgniter\CodeIgniter->run()
 5 SYSTEMPATH/Commands/Server/rewrite.php(47): require_once('/run/media/degante/DEVELOPMENT/dev/horarios/public/index.php')
CRITICAL - 2023-10-11 06:28:32 --> Too few arguments to function App\Models\DocenteModel::getEstatusDelDocente(), 0 passed in /run/media/degante/DEVELOPMENT/dev/horarios/app/Controllers/DocenteController.php on line 26 and exactly 1 expected
in APPPATH/Models/DocenteModel.php on line 49.
 1 APPPATH/Controllers/DocenteController.php(26): App\Models\DocenteModel->getEstatusDelDocente()
 2 SYSTEMPATH/CodeIgniter.php(919): App\Controllers\DocenteController->index()
 3 SYSTEMPATH/CodeIgniter.php(494): CodeIgniter\CodeIgniter->runController()
 4 SYSTEMPATH/CodeIgniter.php(353): CodeIgniter\CodeIgniter->handleRequest()
 5 FCPATH/index.php(79): CodeIgniter\CodeIgniter->run()
 6 SYSTEMPATH/Commands/Server/rewrite.php(47): require_once('/run/media/degante/DEVELOPMENT/dev/horarios/public/index.php')
WARNING - 2023-10-11 06:28:42 --> [DEPRECATED] Creation of dynamic property App\Controllers\DocenteController::$estatusDelPersonalModel is deprecated in APPPATH/Controllers/DocenteController.php on line 18.
 1 SYSTEMPATH/CodeIgniter.php(891): App\Controllers\DocenteController->__construct()
 2 SYSTEMPATH/CodeIgniter.php(485): CodeIgniter\CodeIgniter->createController()
 3 SYSTEMPATH/CodeIgniter.php(353): CodeIgniter\CodeIgniter->handleRequest(null, Object(Config\Cache), false)
 4 FCPATH/index.php(79): CodeIgniter\CodeIgniter->run()
 5 SYSTEMPATH/Commands/Server/rewrite.php(47): require_once('/run/media/degante/DEVELOPMENT/dev/horarios/public/index.php')
ERROR - 2023-10-11 06:28:42 --> mysqli_sql_exception: Table 'horarios.estatusDelDocente' doesn't exist in /run/media/degante/DEVELOPMENT/dev/horarios/system/Database/MySQLi/Connection.php:306
Stack trace:
#0 /run/media/degante/DEVELOPMENT/dev/horarios/system/Database/MySQLi/Connection.php(306): mysqli->query()
#1 /run/media/degante/DEVELOPMENT/dev/horarios/system/Database/BaseConnection.php(692): CodeIgniter\Database\MySQLi\Connection->execute()
#2 /run/media/degante/DEVELOPMENT/dev/horarios/system/Database/BaseConnection.php(606): CodeIgniter\Database\BaseConnection->simpleQuery()
#3 /run/media/degante/DEVELOPMENT/dev/horarios/app/Models/DocenteModel.php(53): CodeIgniter\Database\BaseConnection->query()
#4 /run/media/degante/DEVELOPMENT/dev/horarios/app/Controllers/DocenteController.php(26): App\Models\DocenteModel->getEstatusDelDocente()
#5 /run/media/degante/DEVELOPMENT/dev/horarios/system/CodeIgniter.php(919): App\Controllers\DocenteController->index()
#6 /run/media/degante/DEVELOPMENT/dev/horarios/system/CodeIgniter.php(494): CodeIgniter\CodeIgniter->runController()
#7 /run/media/degante/DEVELOPMENT/dev/horarios/system/CodeIgniter.php(353): CodeIgniter\CodeIgniter->handleRequest()
#8 /run/media/degante/DEVELOPMENT/dev/horarios/public/index.php(79): CodeIgniter\CodeIgniter->run()
#9 /run/media/degante/DEVELOPMENT/dev/horarios/system/Commands/Server/rewrite.php(47): require_once('...')
#10 {main}
CRITICAL - 2023-10-11 06:28:42 --> Table 'horarios.estatusDelDocente' doesn't exist
in SYSTEMPATH/Database/BaseConnection.php on line 646.
 1 APPPATH/Models/DocenteModel.php(53): CodeIgniter\Database\BaseConnection->query()
 2 APPPATH/Controllers/DocenteController.php(26): App\Models\DocenteModel->getEstatusDelDocente()
 3 SYSTEMPATH/CodeIgniter.php(919): App\Controllers\DocenteController->index()
 4 SYSTEMPATH/CodeIgniter.php(494): CodeIgniter\CodeIgniter->runController()
 5 SYSTEMPATH/CodeIgniter.php(353): CodeIgniter\CodeIgniter->handleRequest()
 6 FCPATH/index.php(79): CodeIgniter\CodeIgniter->run()
 7 SYSTEMPATH/Commands/Server/rewrite.php(47): require_once('/run/media/degante/DEVELOPMENT/dev/horarios/public/index.php')
WARNING - 2023-10-11 06:29:03 --> [DEPRECATED] Creation of dynamic property App\Controllers\DocenteController::$estatusDelPersonalModel is deprecated in APPPATH/Controllers/DocenteController.php on line 18.
 1 SYSTEMPATH/CodeIgniter.php(891): App\Controllers\DocenteController->__construct()
 2 SYSTEMPATH/CodeIgniter.php(485): CodeIgniter\CodeIgniter->createController()
 3 SYSTEMPATH/CodeIgniter.php(353): CodeIgniter\CodeIgniter->handleRequest(null, Object(Config\Cache), false)
 4 FCPATH/index.php(79): CodeIgniter\CodeIgniter->run()
 5 SYSTEMPATH/Commands/Server/rewrite.php(47): require_once('/run/media/degante/DEVELOPMENT/dev/horarios/public/index.php')
ERROR - 2023-10-11 06:29:03 --> mysqli_sql_exception: Table 'horarios.estatusDelPersonal' doesn't exist in /run/media/degante/DEVELOPMENT/dev/horarios/system/Database/MySQLi/Connection.php:306
Stack trace:
#0 /run/media/degante/DEVELOPMENT/dev/horarios/system/Database/MySQLi/Connection.php(306): mysqli->query()
#1 /run/media/degante/DEVELOPMENT/dev/horarios/system/Database/BaseConnection.php(692): CodeIgniter\Database\MySQLi\Connection->execute()
#2 /run/media/degante/DEVELOPMENT/dev/horarios/system/Database/BaseConnection.php(606): CodeIgniter\Database\BaseConnection->simpleQuery()
#3 /run/media/degante/DEVELOPMENT/dev/horarios/app/Models/DocenteModel.php(53): CodeIgniter\Database\BaseConnection->query()
#4 /run/media/degante/DEVELOPMENT/dev/horarios/app/Controllers/DocenteController.php(26): App\Models\DocenteModel->getEstatusDelDocente()
#5 /run/media/degante/DEVELOPMENT/dev/horarios/system/CodeIgniter.php(919): App\Controllers\DocenteController->index()
#6 /run/media/degante/DEVELOPMENT/dev/horarios/system/CodeIgniter.php(494): CodeIgniter\CodeIgniter->runController()
#7 /run/media/degante/DEVELOPMENT/dev/horarios/system/CodeIgniter.php(353): CodeIgniter\CodeIgniter->handleRequest()
#8 /run/media/degante/DEVELOPMENT/dev/horarios/public/index.php(79): CodeIgniter\CodeIgniter->run()
#9 /run/media/degante/DEVELOPMENT/dev/horarios/system/Commands/Server/rewrite.php(47): require_once('...')
#10 {main}
CRITICAL - 2023-10-11 06:29:03 --> Table 'horarios.estatusDelPersonal' doesn't exist
in SYSTEMPATH/Database/BaseConnection.php on line 646.
 1 APPPATH/Models/DocenteModel.php(53): CodeIgniter\Database\BaseConnection->query()
 2 APPPATH/Controllers/DocenteController.php(26): App\Models\DocenteModel->getEstatusDelDocente()
 3 SYSTEMPATH/CodeIgniter.php(919): App\Controllers\DocenteController->index()
 4 SYSTEMPATH/CodeIgniter.php(494): CodeIgniter\CodeIgniter->runController()
 5 SYSTEMPATH/CodeIgniter.php(353): CodeIgniter\CodeIgniter->handleRequest()
 6 FCPATH/index.php(79): CodeIgniter\CodeIgniter->run()
 7 SYSTEMPATH/Commands/Server/rewrite.php(47): require_once('/run/media/degante/DEVELOPMENT/dev/horarios/public/index.php')
WARNING - 2023-10-11 06:29:17 --> [DEPRECATED] Creation of dynamic property App\Controllers\DocenteController::$estatusDelPersonalModel is deprecated in APPPATH/Controllers/DocenteController.php on line 18.
 1 SYSTEMPATH/CodeIgniter.php(891): App\Controllers\DocenteController->__construct()
 2 SYSTEMPATH/CodeIgniter.php(485): CodeIgniter\CodeIgniter->createController()
 3 SYSTEMPATH/CodeIgniter.php(353): CodeIgniter\CodeIgniter->handleRequest(null, Object(Config\Cache), false)
 4 FCPATH/index.php(79): CodeIgniter\CodeIgniter->run()
 5 SYSTEMPATH/Commands/Server/rewrite.php(47): require_once('/run/media/degante/DEVELOPMENT/dev/horarios/public/index.php')
WARNING - 2023-10-11 06:29:52 --> [DEPRECATED] Creation of dynamic property App\Controllers\DocenteController::$estatusDelPersonalModel is deprecated in APPPATH/Controllers/DocenteController.php on line 18.
 1 SYSTEMPATH/CodeIgniter.php(891): App\Controllers\DocenteController->__construct()
 2 SYSTEMPATH/CodeIgniter.php(485): CodeIgniter\CodeIgniter->createController()
 3 SYSTEMPATH/CodeIgniter.php(353): CodeIgniter\CodeIgniter->handleRequest(null, Object(Config\Cache), false)
 4 FCPATH/index.php(79): CodeIgniter\CodeIgniter->run()
 5 SYSTEMPATH/Commands/Server/rewrite.php(47): require_once('/run/media/degante/DEVELOPMENT/dev/horarios/public/index.php')
CRITICAL - 2023-10-11 06:29:52 --> Undefined array key "estatusDelDocente"
in APPPATH/Views/docentes/index.php on line 23.
 1 APPPATH/Views/docentes/index.php(23): CodeIgniter\Debug\Exceptions->errorHandler()
 2 SYSTEMPATH/View/View.php(226): include('/run/media/degante/DEVELOPMENT/dev/horarios/app/Views/docentes/index.php')
 3 SYSTEMPATH/View/View.php(229): CodeIgniter\View\View->CodeIgniter\View\{closure}()
 4 SYSTEMPATH/Common.php(1188): CodeIgniter\View\View->render()
 5 APPPATH/Controllers/DocenteController.php(28): view()
 6 SYSTEMPATH/CodeIgniter.php(919): App\Controllers\DocenteController->index()
 7 SYSTEMPATH/CodeIgniter.php(494): CodeIgniter\CodeIgniter->runController()
 8 SYSTEMPATH/CodeIgniter.php(353): CodeIgniter\CodeIgniter->handleRequest()
 9 FCPATH/index.php(79): CodeIgniter\CodeIgniter->run()
10 SYSTEMPATH/Commands/Server/rewrite.php(47): require_once('/run/media/degante/DEVELOPMENT/dev/horarios/public/index.php')
WARNING - 2023-10-11 06:30:05 --> [DEPRECATED] Creation of dynamic property App\Controllers\DocenteController::$estatusDelPersonalModel is deprecated in APPPATH/Controllers/DocenteController.php on line 18.
 1 SYSTEMPATH/CodeIgniter.php(891): App\Controllers\DocenteController->__construct()
 2 SYSTEMPATH/CodeIgniter.php(485): CodeIgniter\CodeIgniter->createController()
 3 SYSTEMPATH/CodeIgniter.php(353): CodeIgniter\CodeIgniter->handleRequest(null, Object(Config\Cache), false)
 4 FCPATH/index.php(79): CodeIgniter\CodeIgniter->run()
 5 SYSTEMPATH/Commands/Server/rewrite.php(47): require_once('/run/media/degante/DEVELOPMENT/dev/horarios/public/index.php')
CRITICAL - 2023-10-11 06:30:05 --> Array to string conversion
in APPPATH/Views/docentes/index.php on line 23.
 1 APPPATH/Views/docentes/index.php(23): CodeIgniter\Debug\Exceptions->errorHandler()
 2 SYSTEMPATH/View/View.php(226): include('/run/media/degante/DEVELOPMENT/dev/horarios/app/Views/docentes/index.php')
 3 SYSTEMPATH/View/View.php(229): CodeIgniter\View\View->CodeIgniter\View\{closure}()
 4 SYSTEMPATH/Common.php(1188): CodeIgniter\View\View->render()
 5 APPPATH/Controllers/DocenteController.php(28): view()
 6 SYSTEMPATH/CodeIgniter.php(919): App\Controllers\DocenteController->index()
 7 SYSTEMPATH/CodeIgniter.php(494): CodeIgniter\CodeIgniter->runController()
 8 SYSTEMPATH/CodeIgniter.php(353): CodeIgniter\CodeIgniter->handleRequest()
 9 FCPATH/index.php(79): CodeIgniter\CodeIgniter->run()
10 SYSTEMPATH/Commands/Server/rewrite.php(47): require_once('/run/media/degante/DEVELOPMENT/dev/horarios/public/index.php')
WARNING - 2023-10-11 06:30:26 --> [DEPRECATED] Creation of dynamic property App\Controllers\DocenteController::$estatusDelPersonalModel is deprecated in APPPATH/Controllers/DocenteController.php on line 18.
 1 SYSTEMPATH/CodeIgniter.php(891): App\Controllers\DocenteController->__construct()
 2 SYSTEMPATH/CodeIgniter.php(485): CodeIgniter\CodeIgniter->createController()
 3 SYSTEMPATH/CodeIgniter.php(353): CodeIgniter\CodeIgniter->handleRequest(null, Object(Config\Cache), false)
 4 FCPATH/index.php(79): CodeIgniter\CodeIgniter->run()
 5 SYSTEMPATH/Commands/Server/rewrite.php(47): require_once('/run/media/degante/DEVELOPMENT/dev/horarios/public/index.php')
CRITICAL - 2023-10-11 06:30:26 --> Array to string conversion
in APPPATH/Views/docentes/index.php on line 23.
 1 APPPATH/Views/docentes/index.php(23): CodeIgniter\Debug\Exceptions->errorHandler()
 2 SYSTEMPATH/View/View.php(226): include('/run/media/degante/DEVELOPMENT/dev/horarios/app/Views/docentes/index.php')
 3 SYSTEMPATH/View/View.php(229): CodeIgniter\View\View->CodeIgniter\View\{closure}()
 4 SYSTEMPATH/Common.php(1188): CodeIgniter\View\View->render()
 5 APPPATH/Controllers/DocenteController.php(28): view()
 6 SYSTEMPATH/CodeIgniter.php(919): App\Controllers\DocenteController->index()
 7 SYSTEMPATH/CodeIgniter.php(494): CodeIgniter\CodeIgniter->runController()
 8 SYSTEMPATH/CodeIgniter.php(353): CodeIgniter\CodeIgniter->handleRequest()
 9 FCPATH/index.php(79): CodeIgniter\CodeIgniter->run()
10 SYSTEMPATH/Commands/Server/rewrite.php(47): require_once('/run/media/degante/DEVELOPMENT/dev/horarios/public/index.php')
WARNING - 2023-10-11 06:31:43 --> [DEPRECATED] Creation of dynamic property App\Controllers\DocenteController::$estatusDelPersonalModel is deprecated in APPPATH/Controllers/DocenteController.php on line 18.
 1 SYSTEMPATH/CodeIgniter.php(891): App\Controllers\DocenteController->__construct()
 2 SYSTEMPATH/CodeIgniter.php(485): CodeIgniter\CodeIgniter->createController()
 3 SYSTEMPATH/CodeIgniter.php(353): CodeIgniter\CodeIgniter->handleRequest(null, Object(Config\Cache), false)
 4 FCPATH/index.php(79): CodeIgniter\CodeIgniter->run()
 5 SYSTEMPATH/Commands/Server/rewrite.php(47): require_once('/run/media/degante/DEVELOPMENT/dev/horarios/public/index.php')
CRITICAL - 2023-10-11 06:31:43 --> Undefined array key "nombre"
in APPPATH/Views/docentes/index.php on line 24.
 1 APPPATH/Views/docentes/index.php(24): CodeIgniter\Debug\Exceptions->errorHandler()
 2 SYSTEMPATH/View/View.php(226): include('/run/media/degante/DEVELOPMENT/dev/horarios/app/Views/docentes/index.php')
 3 SYSTEMPATH/View/View.php(229): CodeIgniter\View\View->CodeIgniter\View\{closure}()
 4 SYSTEMPATH/Common.php(1188): CodeIgniter\View\View->render()
 5 APPPATH/Controllers/DocenteController.php(28): view()
 6 SYSTEMPATH/CodeIgniter.php(919): App\Controllers\DocenteController->index()
 7 SYSTEMPATH/CodeIgniter.php(494): CodeIgniter\CodeIgniter->runController()
 8 SYSTEMPATH/CodeIgniter.php(353): CodeIgniter\CodeIgniter->handleRequest()
 9 FCPATH/index.php(79): CodeIgniter\CodeIgniter->run()
10 SYSTEMPATH/Commands/Server/rewrite.php(47): require_once('/run/media/degante/DEVELOPMENT/dev/horarios/public/index.php')
WARNING - 2023-10-11 06:32:16 --> [DEPRECATED] Creation of dynamic property App\Controllers\DocenteController::$estatusDelPersonalModel is deprecated in APPPATH/Controllers/DocenteController.php on line 18.
 1 SYSTEMPATH/CodeIgniter.php(891): App\Controllers\DocenteController->__construct()
 2 SYSTEMPATH/CodeIgniter.php(485): CodeIgniter\CodeIgniter->createController()
 3 SYSTEMPATH/CodeIgniter.php(353): CodeIgniter\CodeIgniter->handleRequest(null, Object(Config\Cache), false)
 4 FCPATH/index.php(79): CodeIgniter\CodeIgniter->run()
 5 SYSTEMPATH/Commands/Server/rewrite.php(47): require_once('/run/media/degante/DEVELOPMENT/dev/horarios/public/index.php')
CRITICAL - 2023-10-11 06:32:16 --> Undefined array key "status"
in APPPATH/Views/docentes/index.php on line 24.
 1 APPPATH/Views/docentes/index.php(24): CodeIgniter\Debug\Exceptions->errorHandler()
 2 SYSTEMPATH/View/View.php(226): include('/run/media/degante/DEVELOPMENT/dev/horarios/app/Views/docentes/index.php')
 3 SYSTEMPATH/View/View.php(229): CodeIgniter\View\View->CodeIgniter\View\{closure}()
 4 SYSTEMPATH/Common.php(1188): CodeIgniter\View\View->render()
 5 APPPATH/Controllers/DocenteController.php(28): view()
 6 SYSTEMPATH/CodeIgniter.php(919): App\Controllers\DocenteController->index()
 7 SYSTEMPATH/CodeIgniter.php(494): CodeIgniter\CodeIgniter->runController()
 8 SYSTEMPATH/CodeIgniter.php(353): CodeIgniter\CodeIgniter->handleRequest()
 9 FCPATH/index.php(79): CodeIgniter\CodeIgniter->run()
10 SYSTEMPATH/Commands/Server/rewrite.php(47): require_once('/run/media/degante/DEVELOPMENT/dev/horarios/public/index.php')
WARNING - 2023-10-11 14:59:17 --> [DEPRECATED] Creation of dynamic property App\Controllers\DocenteController::$estatusDelPersonalModel is deprecated in APPPATH/Controllers/DocenteController.php on line 18.
 1 SYSTEMPATH/CodeIgniter.php(891): App\Controllers\DocenteController->__construct()
 2 SYSTEMPATH/CodeIgniter.php(485): CodeIgniter\CodeIgniter->createController()
 3 SYSTEMPATH/CodeIgniter.php(353): CodeIgniter\CodeIgniter->handleRequest(null, Object(Config\Cache), false)
 4 FCPATH/index.php(79): CodeIgniter\CodeIgniter->run()
 5 SYSTEMPATH/Commands/Server/rewrite.php(47): require_once('/run/media/degante/DEVELOPMENT/dev/horarios/public/index.php')
CRITICAL - 2023-10-11 14:59:17 --> Undefined array key "status"
in APPPATH/Views/docentes/index.php on line 24.
 1 APPPATH/Views/docentes/index.php(24): CodeIgniter\Debug\Exceptions->errorHandler()
 2 SYSTEMPATH/View/View.php(226): include('/run/media/degante/DEVELOPMENT/dev/horarios/app/Views/docentes/index.php')
 3 SYSTEMPATH/View/View.php(229): CodeIgniter\View\View->CodeIgniter\View\{closure}()
 4 SYSTEMPATH/Common.php(1188): CodeIgniter\View\View->render()
 5 APPPATH/Controllers/DocenteController.php(28): view()
 6 SYSTEMPATH/CodeIgniter.php(919): App\Controllers\DocenteController->index()
 7 SYSTEMPATH/CodeIgniter.php(494): CodeIgniter\CodeIgniter->runController()
 8 SYSTEMPATH/CodeIgniter.php(353): CodeIgniter\CodeIgniter->handleRequest()
 9 FCPATH/index.php(79): CodeIgniter\CodeIgniter->run()
10 SYSTEMPATH/Commands/Server/rewrite.php(47): require_once('/run/media/degante/DEVELOPMENT/dev/horarios/public/index.php')
WARNING - 2023-10-11 15:00:30 --> [DEPRECATED] Creation of dynamic property App\Controllers\DocenteController::$estatusDelPersonalModel is deprecated in APPPATH/Controllers/DocenteController.php on line 18.
 1 SYSTEMPATH/CodeIgniter.php(891): App\Controllers\DocenteController->__construct()
 2 SYSTEMPATH/CodeIgniter.php(485): CodeIgniter\CodeIgniter->createController()
 3 SYSTEMPATH/CodeIgniter.php(353): CodeIgniter\CodeIgniter->handleRequest(null, Object(Config\Cache), false)
 4 FCPATH/index.php(79): CodeIgniter\CodeIgniter->run()
 5 SYSTEMPATH/Commands/Server/rewrite.php(47): require_once('/run/media/degante/DEVELOPMENT/dev/horarios/public/index.php')
WARNING - 2023-10-11 15:00:38 --> [DEPRECATED] Creation of dynamic property App\Controllers\DocenteController::$estatusDelPersonalModel is deprecated in APPPATH/Controllers/DocenteController.php on line 18.
 1 SYSTEMPATH/CodeIgniter.php(891): App\Controllers\DocenteController->__construct()
 2 SYSTEMPATH/CodeIgniter.php(485): CodeIgniter\CodeIgniter->createController()
 3 SYSTEMPATH/CodeIgniter.php(353): CodeIgniter\CodeIgniter->handleRequest(null, Object(Config\Cache), false)
 4 FCPATH/index.php(79): CodeIgniter\CodeIgniter->run()
 5 SYSTEMPATH/Commands/Server/rewrite.php(47): require_once('/run/media/degante/DEVELOPMENT/dev/horarios/public/index.php')
WARNING - 2023-10-11 15:04:15 --> [DEPRECATED] Creation of dynamic property App\Controllers\DocenteController::$estatusDelPersonalModel is deprecated in APPPATH/Controllers/DocenteController.php on line 18.
 1 SYSTEMPATH/CodeIgniter.php(891): App\Controllers\DocenteController->__construct()
 2 SYSTEMPATH/CodeIgniter.php(485): CodeIgniter\CodeIgniter->createController()
 3 SYSTEMPATH/CodeIgniter.php(353): CodeIgniter\CodeIgniter->handleRequest(null, Object(Config\Cache), false)
 4 FCPATH/index.php(79): CodeIgniter\CodeIgniter->run()
 5 SYSTEMPATH/Commands/Server/rewrite.php(47): require_once('/run/media/degante/DEVELOPMENT/dev/horarios/public/index.php')
WARNING - 2023-10-11 15:04:21 --> [DEPRECATED] Creation of dynamic property App\Controllers\DocenteController::$estatusDelPersonalModel is deprecated in APPPATH/Controllers/DocenteController.php on line 18.
 1 SYSTEMPATH/CodeIgniter.php(891): App\Controllers\DocenteController->__construct()
 2 SYSTEMPATH/CodeIgniter.php(485): CodeIgniter\CodeIgniter->createController()
 3 SYSTEMPATH/CodeIgniter.php(353): CodeIgniter\CodeIgniter->handleRequest(null, Object(Config\Cache), false)
 4 FCPATH/index.php(79): CodeIgniter\CodeIgniter->run()
 5 SYSTEMPATH/Commands/Server/rewrite.php(47): require_once('/run/media/degante/DEVELOPMENT/dev/horarios/public/index.php')
WARNING - 2023-10-11 15:04:40 --> [DEPRECATED] Creation of dynamic property App\Controllers\DocenteController::$estatusDelPersonalModel is deprecated in APPPATH/Controllers/DocenteController.php on line 18.
 1 SYSTEMPATH/CodeIgniter.php(891): App\Controllers\DocenteController->__construct()
 2 SYSTEMPATH/CodeIgniter.php(485): CodeIgniter\CodeIgniter->createController()
 3 SYSTEMPATH/CodeIgniter.php(353): CodeIgniter\CodeIgniter->handleRequest(null, Object(Config\Cache), false)
 4 FCPATH/index.php(79): CodeIgniter\CodeIgniter->run()
 5 SYSTEMPATH/Commands/Server/rewrite.php(47): require_once('/run/media/degante/DEVELOPMENT/dev/horarios/public/index.php')
WARNING - 2023-10-11 15:04:40 --> [DEPRECATED] Creation of dynamic property App\Controllers\DocenteController::$estatusDelPersonalModel is deprecated in APPPATH/Controllers/DocenteController.php on line 18.
 1 SYSTEMPATH/CodeIgniter.php(891): App\Controllers\DocenteController->__construct()
 2 SYSTEMPATH/CodeIgniter.php(485): CodeIgniter\CodeIgniter->createController()
 3 SYSTEMPATH/CodeIgniter.php(353): CodeIgniter\CodeIgniter->handleRequest(null, Object(Config\Cache), false)
 4 FCPATH/index.php(79): CodeIgniter\CodeIgniter->run()
 5 SYSTEMPATH/Commands/Server/rewrite.php(47): require_once('/run/media/degante/DEVELOPMENT/dev/horarios/public/index.php')
WARNING - 2023-10-11 15:06:29 --> [DEPRECATED] Creation of dynamic property App\Controllers\DocenteController::$estatusDelPersonalModel is deprecated in APPPATH/Controllers/DocenteController.php on line 18.
 1 SYSTEMPATH/CodeIgniter.php(891): App\Controllers\DocenteController->__construct()
 2 SYSTEMPATH/CodeIgniter.php(485): CodeIgniter\CodeIgniter->createController()
 3 SYSTEMPATH/CodeIgniter.php(353): CodeIgniter\CodeIgniter->handleRequest(null, Object(Config\Cache), false)
 4 FCPATH/index.php(79): CodeIgniter\CodeIgniter->run()
 5 SYSTEMPATH/Commands/Server/rewrite.php(47): require_once('/run/media/degante/DEVELOPMENT/dev/horarios/public/index.php')
CRITICAL - 2023-10-11 15:06:29 --> Too few arguments to function App\Models\DocenteModel::getEstatusDelDocente(), 0 passed in /run/media/degante/DEVELOPMENT/dev/horarios/app/Controllers/DocenteController.php on line 26 and exactly 1 expected
in APPPATH/Models/DocenteModel.php on line 49.
 1 APPPATH/Controllers/DocenteController.php(26): App\Models\DocenteModel->getEstatusDelDocente()
 2 SYSTEMPATH/CodeIgniter.php(919): App\Controllers\DocenteController->index()
 3 SYSTEMPATH/CodeIgniter.php(494): CodeIgniter\CodeIgniter->runController()
 4 SYSTEMPATH/CodeIgniter.php(353): CodeIgniter\CodeIgniter->handleRequest()
 5 FCPATH/index.php(79): CodeIgniter\CodeIgniter->run()
 6 SYSTEMPATH/Commands/Server/rewrite.php(47): require_once('/run/media/degante/DEVELOPMENT/dev/horarios/public/index.php')
WARNING - 2023-10-11 15:06:43 --> [DEPRECATED] Creation of dynamic property App\Controllers\DocenteController::$estatusDelPersonalModel is deprecated in APPPATH/Controllers/DocenteController.php on line 18.
 1 SYSTEMPATH/CodeIgniter.php(891): App\Controllers\DocenteController->__construct()
 2 SYSTEMPATH/CodeIgniter.php(485): CodeIgniter\CodeIgniter->createController()
 3 SYSTEMPATH/CodeIgniter.php(353): CodeIgniter\CodeIgniter->handleRequest(null, Object(Config\Cache), false)
 4 FCPATH/index.php(79): CodeIgniter\CodeIgniter->run()
 5 SYSTEMPATH/Commands/Server/rewrite.php(47): require_once('/run/media/degante/DEVELOPMENT/dev/horarios/public/index.php')
CRITICAL - 2023-10-11 15:06:43 --> Too few arguments to function App\Models\DocenteModel::getEstatusDelDocente(), 0 passed in /run/media/degante/DEVELOPMENT/dev/horarios/app/Controllers/DocenteController.php on line 26 and exactly 1 expected
in APPPATH/Models/DocenteModel.php on line 49.
 1 APPPATH/Controllers/DocenteController.php(26): App\Models\DocenteModel->getEstatusDelDocente()
 2 SYSTEMPATH/CodeIgniter.php(919): App\Controllers\DocenteController->index()
 3 SYSTEMPATH/CodeIgniter.php(494): CodeIgniter\CodeIgniter->runController()
 4 SYSTEMPATH/CodeIgniter.php(353): CodeIgniter\CodeIgniter->handleRequest()
 5 FCPATH/index.php(79): CodeIgniter\CodeIgniter->run()
 6 SYSTEMPATH/Commands/Server/rewrite.php(47): require_once('/run/media/degante/DEVELOPMENT/dev/horarios/public/index.php')
WARNING - 2023-10-11 15:06:46 --> [DEPRECATED] Creation of dynamic property App\Controllers\DocenteController::$estatusDelPersonalModel is deprecated in APPPATH/Controllers/DocenteController.php on line 18.
 1 SYSTEMPATH/CodeIgniter.php(891): App\Controllers\DocenteController->__construct()
 2 SYSTEMPATH/CodeIgniter.php(485): CodeIgniter\CodeIgniter->createController()
 3 SYSTEMPATH/CodeIgniter.php(353): CodeIgniter\CodeIgniter->handleRequest(null, Object(Config\Cache), false)
 4 FCPATH/index.php(79): CodeIgniter\CodeIgniter->run()
 5 SYSTEMPATH/Commands/Server/rewrite.php(47): require_once('/run/media/degante/DEVELOPMENT/dev/horarios/public/index.php')
CRITICAL - 2023-10-11 15:06:46 --> Too few arguments to function App\Models\DocenteModel::getEstatusDelDocente(), 0 passed in /run/media/degante/DEVELOPMENT/dev/horarios/app/Controllers/DocenteController.php on line 26 and exactly 1 expected
in APPPATH/Models/DocenteModel.php on line 49.
 1 APPPATH/Controllers/DocenteController.php(26): App\Models\DocenteModel->getEstatusDelDocente()
 2 SYSTEMPATH/CodeIgniter.php(919): App\Controllers\DocenteController->index()
 3 SYSTEMPATH/CodeIgniter.php(494): CodeIgniter\CodeIgniter->runController()
 4 SYSTEMPATH/CodeIgniter.php(353): CodeIgniter\CodeIgniter->handleRequest()
 5 FCPATH/index.php(79): CodeIgniter\CodeIgniter->run()
 6 SYSTEMPATH/Commands/Server/rewrite.php(47): require_once('/run/media/degante/DEVELOPMENT/dev/horarios/public/index.php')
WARNING - 2023-10-11 15:06:54 --> [DEPRECATED] Creation of dynamic property App\Controllers\DocenteController::$estatusDelPersonalModel is deprecated in APPPATH/Controllers/DocenteController.php on line 18.
 1 SYSTEMPATH/CodeIgniter.php(891): App\Controllers\DocenteController->__construct()
 2 SYSTEMPATH/CodeIgniter.php(485): CodeIgniter\CodeIgniter->createController()
 3 SYSTEMPATH/CodeIgniter.php(353): CodeIgniter\CodeIgniter->handleRequest(null, Object(Config\Cache), false)
 4 FCPATH/index.php(79): CodeIgniter\CodeIgniter->run()
 5 SYSTEMPATH/Commands/Server/rewrite.php(47): require_once('/run/media/degante/DEVELOPMENT/dev/horarios/public/index.php')
WARNING - 2023-10-11 15:07:35 --> [DEPRECATED] Creation of dynamic property App\Controllers\DocenteController::$estatusDelPersonalModel is deprecated in APPPATH/Controllers/DocenteController.php on line 18.
 1 SYSTEMPATH/CodeIgniter.php(891): App\Controllers\DocenteController->__construct()
 2 SYSTEMPATH/CodeIgniter.php(485): CodeIgniter\CodeIgniter->createController()
 3 SYSTEMPATH/CodeIgniter.php(353): CodeIgniter\CodeIgniter->handleRequest(null, Object(Config\Cache), false)
 4 FCPATH/index.php(79): CodeIgniter\CodeIgniter->run()
 5 SYSTEMPATH/Commands/Server/rewrite.php(47): require_once('/run/media/degante/DEVELOPMENT/dev/horarios/public/index.php')
CRITICAL - 2023-10-11 15:11:21 --> syntax error, unexpected token "return"
in APPPATH/Controllers/DocenteController.php on line 32.
 1 SYSTEMPATH/Autoloader/Autoloader.php(285): CodeIgniter\Autoloader\Autoloader->includeFile()
 2 SYSTEMPATH/Autoloader/Autoloader.php(263): CodeIgniter\Autoloader\Autoloader->loadInNamespace()
 3 [internal function]: CodeIgniter\Autoloader\Autoloader->loadClass()
 4 SYSTEMPATH/CodeIgniter.php(877): class_exists()
 5 SYSTEMPATH/CodeIgniter.php(481): CodeIgniter\CodeIgniter->startController()
 6 SYSTEMPATH/CodeIgniter.php(353): CodeIgniter\CodeIgniter->handleRequest()
 7 FCPATH/index.php(79): CodeIgniter\CodeIgniter->run()
 8 SYSTEMPATH/Commands/Server/rewrite.php(47): require_once('/run/media/degante/DEVELOPMENT/dev/horarios/public/index.php')
CRITICAL - 2023-10-11 15:11:36 --> syntax error, unexpected token ";", expecting ")"
in APPPATH/Controllers/DocenteController.php on line 26.
 1 SYSTEMPATH/Autoloader/Autoloader.php(285): CodeIgniter\Autoloader\Autoloader->includeFile()
 2 SYSTEMPATH/Autoloader/Autoloader.php(263): CodeIgniter\Autoloader\Autoloader->loadInNamespace()
 3 [internal function]: CodeIgniter\Autoloader\Autoloader->loadClass()
 4 SYSTEMPATH/CodeIgniter.php(877): class_exists()
 5 SYSTEMPATH/CodeIgniter.php(481): CodeIgniter\CodeIgniter->startController()
 6 SYSTEMPATH/CodeIgniter.php(353): CodeIgniter\CodeIgniter->handleRequest()
 7 FCPATH/index.php(79): CodeIgniter\CodeIgniter->run()
 8 SYSTEMPATH/Commands/Server/rewrite.php(47): require_once('/run/media/degante/DEVELOPMENT/dev/horarios/public/index.php')
CRITICAL - 2023-10-11 15:11:42 --> syntax error, unexpected token "return"
in APPPATH/Controllers/DocenteController.php on line 32.
 1 SYSTEMPATH/Autoloader/Autoloader.php(285): CodeIgniter\Autoloader\Autoloader->includeFile()
 2 SYSTEMPATH/Autoloader/Autoloader.php(263): CodeIgniter\Autoloader\Autoloader->loadInNamespace()
 3 [internal function]: CodeIgniter\Autoloader\Autoloader->loadClass()
 4 SYSTEMPATH/CodeIgniter.php(877): class_exists()
 5 SYSTEMPATH/CodeIgniter.php(481): CodeIgniter\CodeIgniter->startController()
 6 SYSTEMPATH/CodeIgniter.php(353): CodeIgniter\CodeIgniter->handleRequest()
 7 FCPATH/index.php(79): CodeIgniter\CodeIgniter->run()
 8 SYSTEMPATH/Commands/Server/rewrite.php(47): require_once('/run/media/degante/DEVELOPMENT/dev/horarios/public/index.php')
WARNING - 2023-10-11 15:11:54 --> [DEPRECATED] Creation of dynamic property App\Controllers\DocenteController::$estatusDelPersonalModel is deprecated in APPPATH/Controllers/DocenteController.php on line 18.
 1 SYSTEMPATH/CodeIgniter.php(891): App\Controllers\DocenteController->__construct()
 2 SYSTEMPATH/CodeIgniter.php(485): CodeIgniter\CodeIgniter->createController()
 3 SYSTEMPATH/CodeIgniter.php(353): CodeIgniter\CodeIgniter->handleRequest(null, Object(Config\Cache), false)
 4 FCPATH/index.php(79): CodeIgniter\CodeIgniter->run()
 5 SYSTEMPATH/Commands/Server/rewrite.php(47): require_once('/run/media/degante/DEVELOPMENT/dev/horarios/public/index.php')
WARNING - 2023-10-11 15:33:31 --> [DEPRECATED] Creation of dynamic property App\Controllers\DocenteController::$estatusDelPersonalModel is deprecated in APPPATH/Controllers/DocenteController.php on line 18.
 1 SYSTEMPATH/CodeIgniter.php(891): App\Controllers\DocenteController->__construct()
 2 SYSTEMPATH/CodeIgniter.php(485): CodeIgniter\CodeIgniter->createController()
 3 SYSTEMPATH/CodeIgniter.php(353): CodeIgniter\CodeIgniter->handleRequest(null, Object(Config\Cache), false)
 4 FCPATH/index.php(79): CodeIgniter\CodeIgniter->run()
 5 SYSTEMPATH/Commands/Server/rewrite.php(47): require_once('/run/media/degante/DEVELOPMENT/dev/horarios/public/index.php')
WARNING - 2023-10-11 15:35:48 --> [DEPRECATED] Creation of dynamic property App\Controllers\DocenteController::$estatusDelPersonalModel is deprecated in APPPATH/Controllers/DocenteController.php on line 18.
 1 SYSTEMPATH/CodeIgniter.php(891): App\Controllers\DocenteController->__construct()
 2 SYSTEMPATH/CodeIgniter.php(485): CodeIgniter\CodeIgniter->createController()
 3 SYSTEMPATH/CodeIgniter.php(353): CodeIgniter\CodeIgniter->handleRequest(null, Object(Config\Cache), false)
 4 FCPATH/index.php(79): CodeIgniter\CodeIgniter->run()
 5 SYSTEMPATH/Commands/Server/rewrite.php(47): require_once('/run/media/degante/DEVELOPMENT/dev/horarios/public/index.php')
WARNING - 2023-10-11 15:35:55 --> [DEPRECATED] Creation of dynamic property App\Controllers\DocenteController::$estatusDelPersonalModel is deprecated in APPPATH/Controllers/DocenteController.php on line 18.
 1 SYSTEMPATH/CodeIgniter.php(891): App\Controllers\DocenteController->__construct()
 2 SYSTEMPATH/CodeIgniter.php(485): CodeIgniter\CodeIgniter->createController()
 3 SYSTEMPATH/CodeIgniter.php(353): CodeIgniter\CodeIgniter->handleRequest(null, Object(Config\Cache), false)
 4 FCPATH/index.php(79): CodeIgniter\CodeIgniter->run()
 5 SYSTEMPATH/Commands/Server/rewrite.php(47): require_once('/run/media/degante/DEVELOPMENT/dev/horarios/public/index.php')
WARNING - 2023-10-11 17:51:48 --> [DEPRECATED] Creation of dynamic property App\Controllers\DocenteController::$estatusDelPersonalModel is deprecated in APPPATH/Controllers/DocenteController.php on line 18.
 1 SYSTEMPATH/CodeIgniter.php(891): App\Controllers\DocenteController->__construct()
 2 SYSTEMPATH/CodeIgniter.php(485): CodeIgniter\CodeIgniter->createController()
 3 SYSTEMPATH/CodeIgniter.php(353): CodeIgniter\CodeIgniter->handleRequest(null, Object(Config\Cache), false)
 4 FCPATH/index.php(79): CodeIgniter\CodeIgniter->run()
 5 SYSTEMPATH/Commands/Server/rewrite.php(47): require_once('/run/media/degante/DEVELOPMENT/dev/horarios/public/index.php')
