INFO - 2023-11-28 05:17:41 --> Session: Class initialized using 'CodeIgniter\Session\Handlers\FileHandler' driver.
INFO - 2023-11-28 05:17:41 --> Session: Class initialized using 'CodeIgniter\Session\Handlers\FileHandler' driver.
INFO - 2023-11-28 05:17:46 --> Session: Class initialized using 'CodeIgniter\Session\Handlers\FileHandler' driver.
WARNING - 2023-11-28 05:17:46 --> [DEPRECATED] Creation of dynamic property App\Controllers\Admin\CarreraController::$session is deprecated in APPPATH\Controllers\Admin\CarreraController.php on line 24.
 1 SYSTEMPATH\CodeIgniter.php(891): App\Controllers\Admin\CarreraController->__construct()
 2 SYSTEMPATH\CodeIgniter.php(485): CodeIgniter\CodeIgniter->createController()
 3 SYSTEMPATH\CodeIgniter.php(353): CodeIgniter\CodeIgniter->handleRequest(null, Object(Config\Cache), false)
 4 FCPATH\index.php(79): CodeIgniter\CodeIgniter->run()
 5 SYSTEMPATH\Commands\Server\rewrite.php(47): require_once('E:\\en desarrollo\\upn212horariosv2\\public\\index.php')
WARNING - 2023-11-28 05:17:46 --> [DEPRECATED] Creation of dynamic property CodeIgniter\View\View::$docentesCarrerasModel is deprecated in APPPATH\Views\admin\carreras\index.php on line 5.
 1 SYSTEMPATH\View\View.php(226): include('E:\\en desarrollo\\upn212horariosv2\\app\\Views\\admin\\carreras\\index.php')
 2 SYSTEMPATH\View\View.php(229): CodeIgniter\View\View->CodeIgniter\View\{closure}()
 3 SYSTEMPATH\Common.php(1188): CodeIgniter\View\View->render('admin/carreras/index', [], true)
 4 APPPATH\Controllers\Admin\CarreraController.php(44): view('admin/carreras/index', [...])
 5 SYSTEMPATH\CodeIgniter.php(919): App\Controllers\Admin\CarreraController->index()
 6 SYSTEMPATH\CodeIgniter.php(494): CodeIgniter\CodeIgniter->runController(Object(App\Controllers\Admin\CarreraController))
 7 SYSTEMPATH\CodeIgniter.php(353): CodeIgniter\CodeIgniter->handleRequest(null, Object(Config\Cache), false)
 8 FCPATH\index.php(79): CodeIgniter\CodeIgniter->run()
 9 SYSTEMPATH\Commands\Server\rewrite.php(47): require_once('E:\\en desarrollo\\upn212horariosv2\\public\\index.php')
WARNING - 2023-11-28 05:17:46 --> [DEPRECATED] Creation of dynamic property CodeIgniter\View\View::$carrerasAsignaturasModel is deprecated in APPPATH\Views\admin\carreras\index.php on line 6.
 1 SYSTEMPATH\View\View.php(226): include('E:\\en desarrollo\\upn212horariosv2\\app\\Views\\admin\\carreras\\index.php')
 2 SYSTEMPATH\View\View.php(229): CodeIgniter\View\View->CodeIgniter\View\{closure}()
 3 SYSTEMPATH\Common.php(1188): CodeIgniter\View\View->render('admin/carreras/index', [], true)
 4 APPPATH\Controllers\Admin\CarreraController.php(44): view('admin/carreras/index', [...])
 5 SYSTEMPATH\CodeIgniter.php(919): App\Controllers\Admin\CarreraController->index()
 6 SYSTEMPATH\CodeIgniter.php(494): CodeIgniter\CodeIgniter->runController(Object(App\Controllers\Admin\CarreraController))
 7 SYSTEMPATH\CodeIgniter.php(353): CodeIgniter\CodeIgniter->handleRequest(null, Object(Config\Cache), false)
 8 FCPATH\index.php(79): CodeIgniter\CodeIgniter->run()
 9 SYSTEMPATH\Commands\Server\rewrite.php(47): require_once('E:\\en desarrollo\\upn212horariosv2\\public\\index.php')
INFO - 2023-11-28 05:18:06 --> Session: Class initialized using 'CodeIgniter\Session\Handlers\FileHandler' driver.
WARNING - 2023-11-28 05:18:06 --> [DEPRECATED] Creation of dynamic property App\Controllers\Admin\CarreraController::$session is deprecated in APPPATH\Controllers\Admin\CarreraController.php on line 24.
 1 SYSTEMPATH\CodeIgniter.php(891): App\Controllers\Admin\CarreraController->__construct()
 2 SYSTEMPATH\CodeIgniter.php(485): CodeIgniter\CodeIgniter->createController()
 3 SYSTEMPATH\CodeIgniter.php(353): CodeIgniter\CodeIgniter->handleRequest(null, Object(Config\Cache), false)
 4 FCPATH\index.php(79): CodeIgniter\CodeIgniter->run()
 5 SYSTEMPATH\Commands\Server\rewrite.php(47): require_once('E:\\en desarrollo\\upn212horariosv2\\public\\index.php')
INFO - 2023-11-28 05:18:09 --> Session: Class initialized using 'CodeIgniter\Session\Handlers\FileHandler' driver.
WARNING - 2023-11-28 05:18:09 --> [DEPRECATED] Creation of dynamic property App\Controllers\Admin\CarreraController::$session is deprecated in APPPATH\Controllers\Admin\CarreraController.php on line 24.
 1 SYSTEMPATH\CodeIgniter.php(891): App\Controllers\Admin\CarreraController->__construct()
 2 SYSTEMPATH\CodeIgniter.php(485): CodeIgniter\CodeIgniter->createController()
 3 SYSTEMPATH\CodeIgniter.php(353): CodeIgniter\CodeIgniter->handleRequest(null, Object(Config\Cache), false)
 4 FCPATH\index.php(79): CodeIgniter\CodeIgniter->run()
 5 SYSTEMPATH\Commands\Server\rewrite.php(47): require_once('E:\\en desarrollo\\upn212horariosv2\\public\\index.php')
WARNING - 2023-11-28 05:18:09 --> [DEPRECATED] Creation of dynamic property CodeIgniter\View\View::$docentesCarrerasModel is deprecated in APPPATH\Views\admin\carreras\index.php on line 5.
 1 SYSTEMPATH\View\View.php(226): include('E:\\en desarrollo\\upn212horariosv2\\app\\Views\\admin\\carreras\\index.php')
 2 SYSTEMPATH\View\View.php(229): CodeIgniter\View\View->CodeIgniter\View\{closure}()
 3 SYSTEMPATH\Common.php(1188): CodeIgniter\View\View->render('admin/carreras/index', [], true)
 4 APPPATH\Controllers\Admin\CarreraController.php(44): view('admin/carreras/index', [...])
 5 SYSTEMPATH\CodeIgniter.php(919): App\Controllers\Admin\CarreraController->index()
 6 SYSTEMPATH\CodeIgniter.php(494): CodeIgniter\CodeIgniter->runController(Object(App\Controllers\Admin\CarreraController))
 7 SYSTEMPATH\CodeIgniter.php(353): CodeIgniter\CodeIgniter->handleRequest(null, Object(Config\Cache), false)
 8 FCPATH\index.php(79): CodeIgniter\CodeIgniter->run()
 9 SYSTEMPATH\Commands\Server\rewrite.php(47): require_once('E:\\en desarrollo\\upn212horariosv2\\public\\index.php')
WARNING - 2023-11-28 05:18:09 --> [DEPRECATED] Creation of dynamic property CodeIgniter\View\View::$carrerasAsignaturasModel is deprecated in APPPATH\Views\admin\carreras\index.php on line 6.
 1 SYSTEMPATH\View\View.php(226): include('E:\\en desarrollo\\upn212horariosv2\\app\\Views\\admin\\carreras\\index.php')
 2 SYSTEMPATH\View\View.php(229): CodeIgniter\View\View->CodeIgniter\View\{closure}()
 3 SYSTEMPATH\Common.php(1188): CodeIgniter\View\View->render('admin/carreras/index', [], true)
 4 APPPATH\Controllers\Admin\CarreraController.php(44): view('admin/carreras/index', [...])
 5 SYSTEMPATH\CodeIgniter.php(919): App\Controllers\Admin\CarreraController->index()
 6 SYSTEMPATH\CodeIgniter.php(494): CodeIgniter\CodeIgniter->runController(Object(App\Controllers\Admin\CarreraController))
 7 SYSTEMPATH\CodeIgniter.php(353): CodeIgniter\CodeIgniter->handleRequest(null, Object(Config\Cache), false)
 8 FCPATH\index.php(79): CodeIgniter\CodeIgniter->run()
 9 SYSTEMPATH\Commands\Server\rewrite.php(47): require_once('E:\\en desarrollo\\upn212horariosv2\\public\\index.php')
INFO - 2023-11-28 05:18:11 --> Session: Class initialized using 'CodeIgniter\Session\Handlers\FileHandler' driver.
WARNING - 2023-11-28 05:18:11 --> [DEPRECATED] Creation of dynamic property App\Controllers\Admin\CarreraController::$session is deprecated in APPPATH\Controllers\Admin\CarreraController.php on line 24.
 1 SYSTEMPATH\CodeIgniter.php(891): App\Controllers\Admin\CarreraController->__construct()
 2 SYSTEMPATH\CodeIgniter.php(485): CodeIgniter\CodeIgniter->createController()
 3 SYSTEMPATH\CodeIgniter.php(353): CodeIgniter\CodeIgniter->handleRequest(null, Object(Config\Cache), false)
 4 FCPATH\index.php(79): CodeIgniter\CodeIgniter->run()
 5 SYSTEMPATH\Commands\Server\rewrite.php(47): require_once('E:\\en desarrollo\\upn212horariosv2\\public\\index.php')
INFO - 2023-11-28 05:18:17 --> Session: Class initialized using 'CodeIgniter\Session\Handlers\FileHandler' driver.
WARNING - 2023-11-28 05:18:17 --> [DEPRECATED] Creation of dynamic property App\Controllers\Admin\CarreraController::$session is deprecated in APPPATH\Controllers\Admin\CarreraController.php on line 24.
 1 SYSTEMPATH\CodeIgniter.php(891): App\Controllers\Admin\CarreraController->__construct()
 2 SYSTEMPATH\CodeIgniter.php(485): CodeIgniter\CodeIgniter->createController()
 3 SYSTEMPATH\CodeIgniter.php(353): CodeIgniter\CodeIgniter->handleRequest(null, Object(Config\Cache), false)
 4 FCPATH\index.php(79): CodeIgniter\CodeIgniter->run()
 5 SYSTEMPATH\Commands\Server\rewrite.php(47): require_once('E:\\en desarrollo\\upn212horariosv2\\public\\index.php')
INFO - 2023-11-28 05:18:17 --> Session: Class initialized using 'CodeIgniter\Session\Handlers\FileHandler' driver.
WARNING - 2023-11-28 05:18:17 --> [DEPRECATED] Creation of dynamic property App\Controllers\Admin\CarreraController::$session is deprecated in APPPATH\Controllers\Admin\CarreraController.php on line 24.
 1 SYSTEMPATH\CodeIgniter.php(891): App\Controllers\Admin\CarreraController->__construct()
 2 SYSTEMPATH\CodeIgniter.php(485): CodeIgniter\CodeIgniter->createController()
 3 SYSTEMPATH\CodeIgniter.php(353): CodeIgniter\CodeIgniter->handleRequest(null, Object(Config\Cache), false)
 4 FCPATH\index.php(79): CodeIgniter\CodeIgniter->run()
 5 SYSTEMPATH\Commands\Server\rewrite.php(47): require_once('E:\\en desarrollo\\upn212horariosv2\\public\\index.php')
INFO - 2023-11-28 05:18:21 --> Session: Class initialized using 'CodeIgniter\Session\Handlers\FileHandler' driver.
WARNING - 2023-11-28 05:18:21 --> [DEPRECATED] Creation of dynamic property App\Controllers\Admin\CarreraController::$session is deprecated in APPPATH\Controllers\Admin\CarreraController.php on line 24.
 1 SYSTEMPATH\CodeIgniter.php(891): App\Controllers\Admin\CarreraController->__construct()
 2 SYSTEMPATH\CodeIgniter.php(485): CodeIgniter\CodeIgniter->createController()
 3 SYSTEMPATH\CodeIgniter.php(353): CodeIgniter\CodeIgniter->handleRequest(null, Object(Config\Cache), false)
 4 FCPATH\index.php(79): CodeIgniter\CodeIgniter->run()
 5 SYSTEMPATH\Commands\Server\rewrite.php(47): require_once('E:\\en desarrollo\\upn212horariosv2\\public\\index.php')
WARNING - 2023-11-28 05:18:21 --> [DEPRECATED] Creation of dynamic property CodeIgniter\View\View::$docentesCarrerasModel is deprecated in APPPATH\Views\admin\carreras\index.php on line 5.
 1 SYSTEMPATH\View\View.php(226): include('E:\\en desarrollo\\upn212horariosv2\\app\\Views\\admin\\carreras\\index.php')
 2 SYSTEMPATH\View\View.php(229): CodeIgniter\View\View->CodeIgniter\View\{closure}()
 3 SYSTEMPATH\Common.php(1188): CodeIgniter\View\View->render('admin/carreras/index', [], true)
 4 APPPATH\Controllers\Admin\CarreraController.php(44): view('admin/carreras/index', [...])
 5 SYSTEMPATH\CodeIgniter.php(919): App\Controllers\Admin\CarreraController->index()
 6 SYSTEMPATH\CodeIgniter.php(494): CodeIgniter\CodeIgniter->runController(Object(App\Controllers\Admin\CarreraController))
 7 SYSTEMPATH\CodeIgniter.php(353): CodeIgniter\CodeIgniter->handleRequest(null, Object(Config\Cache), false)
 8 FCPATH\index.php(79): CodeIgniter\CodeIgniter->run()
 9 SYSTEMPATH\Commands\Server\rewrite.php(47): require_once('E:\\en desarrollo\\upn212horariosv2\\public\\index.php')
WARNING - 2023-11-28 05:18:21 --> [DEPRECATED] Creation of dynamic property CodeIgniter\View\View::$carrerasAsignaturasModel is deprecated in APPPATH\Views\admin\carreras\index.php on line 6.
 1 SYSTEMPATH\View\View.php(226): include('E:\\en desarrollo\\upn212horariosv2\\app\\Views\\admin\\carreras\\index.php')
 2 SYSTEMPATH\View\View.php(229): CodeIgniter\View\View->CodeIgniter\View\{closure}()
 3 SYSTEMPATH\Common.php(1188): CodeIgniter\View\View->render('admin/carreras/index', [], true)
 4 APPPATH\Controllers\Admin\CarreraController.php(44): view('admin/carreras/index', [...])
 5 SYSTEMPATH\CodeIgniter.php(919): App\Controllers\Admin\CarreraController->index()
 6 SYSTEMPATH\CodeIgniter.php(494): CodeIgniter\CodeIgniter->runController(Object(App\Controllers\Admin\CarreraController))
 7 SYSTEMPATH\CodeIgniter.php(353): CodeIgniter\CodeIgniter->handleRequest(null, Object(Config\Cache), false)
 8 FCPATH\index.php(79): CodeIgniter\CodeIgniter->run()
 9 SYSTEMPATH\Commands\Server\rewrite.php(47): require_once('E:\\en desarrollo\\upn212horariosv2\\public\\index.php')
INFO - 2023-11-28 05:18:24 --> Session: Class initialized using 'CodeIgniter\Session\Handlers\FileHandler' driver.
WARNING - 2023-11-28 05:18:24 --> [DEPRECATED] Creation of dynamic property App\Controllers\Admin\CarreraController::$session is deprecated in APPPATH\Controllers\Admin\CarreraController.php on line 24.
 1 SYSTEMPATH\CodeIgniter.php(891): App\Controllers\Admin\CarreraController->__construct()
 2 SYSTEMPATH\CodeIgniter.php(485): CodeIgniter\CodeIgniter->createController()
 3 SYSTEMPATH\CodeIgniter.php(353): CodeIgniter\CodeIgniter->handleRequest(null, Object(Config\Cache), false)
 4 FCPATH\index.php(79): CodeIgniter\CodeIgniter->run()
 5 SYSTEMPATH\Commands\Server\rewrite.php(47): require_once('E:\\en desarrollo\\upn212horariosv2\\public\\index.php')
INFO - 2023-11-28 05:18:49 --> Session: Class initialized using 'CodeIgniter\Session\Handlers\FileHandler' driver.
WARNING - 2023-11-28 05:18:49 --> [DEPRECATED] Creation of dynamic property App\Controllers\Admin\CarreraController::$session is deprecated in APPPATH\Controllers\Admin\CarreraController.php on line 24.
 1 SYSTEMPATH\CodeIgniter.php(891): App\Controllers\Admin\CarreraController->__construct()
 2 SYSTEMPATH\CodeIgniter.php(485): CodeIgniter\CodeIgniter->createController()
 3 SYSTEMPATH\CodeIgniter.php(353): CodeIgniter\CodeIgniter->handleRequest(null, Object(Config\Cache), false)
 4 FCPATH\index.php(79): CodeIgniter\CodeIgniter->run()
 5 SYSTEMPATH\Commands\Server\rewrite.php(47): require_once('E:\\en desarrollo\\upn212horariosv2\\public\\index.php')
INFO - 2023-11-28 05:18:49 --> Session: Class initialized using 'CodeIgniter\Session\Handlers\FileHandler' driver.
WARNING - 2023-11-28 05:18:49 --> [DEPRECATED] Creation of dynamic property App\Controllers\Admin\CarreraController::$session is deprecated in APPPATH\Controllers\Admin\CarreraController.php on line 24.
 1 SYSTEMPATH\CodeIgniter.php(891): App\Controllers\Admin\CarreraController->__construct()
 2 SYSTEMPATH\CodeIgniter.php(485): CodeIgniter\CodeIgniter->createController()
 3 SYSTEMPATH\CodeIgniter.php(353): CodeIgniter\CodeIgniter->handleRequest(null, Object(Config\Cache), false)
 4 FCPATH\index.php(79): CodeIgniter\CodeIgniter->run()
 5 SYSTEMPATH\Commands\Server\rewrite.php(47): require_once('E:\\en desarrollo\\upn212horariosv2\\public\\index.php')
WARNING - 2023-11-28 05:18:49 --> [DEPRECATED] Creation of dynamic property CodeIgniter\View\View::$docentesCarrerasModel is deprecated in APPPATH\Views\admin\carreras\index.php on line 5.
 1 SYSTEMPATH\View\View.php(226): include('E:\\en desarrollo\\upn212horariosv2\\app\\Views\\admin\\carreras\\index.php')
 2 SYSTEMPATH\View\View.php(229): CodeIgniter\View\View->CodeIgniter\View\{closure}()
 3 SYSTEMPATH\Common.php(1188): CodeIgniter\View\View->render('admin/carreras/index', [], true)
 4 APPPATH\Controllers\Admin\CarreraController.php(44): view('admin/carreras/index', [...])
 5 SYSTEMPATH\CodeIgniter.php(919): App\Controllers\Admin\CarreraController->index()
 6 SYSTEMPATH\CodeIgniter.php(494): CodeIgniter\CodeIgniter->runController(Object(App\Controllers\Admin\CarreraController))
 7 SYSTEMPATH\CodeIgniter.php(353): CodeIgniter\CodeIgniter->handleRequest(null, Object(Config\Cache), false)
 8 FCPATH\index.php(79): CodeIgniter\CodeIgniter->run()
 9 SYSTEMPATH\Commands\Server\rewrite.php(47): require_once('E:\\en desarrollo\\upn212horariosv2\\public\\index.php')
WARNING - 2023-11-28 05:18:49 --> [DEPRECATED] Creation of dynamic property CodeIgniter\View\View::$carrerasAsignaturasModel is deprecated in APPPATH\Views\admin\carreras\index.php on line 6.
 1 SYSTEMPATH\View\View.php(226): include('E:\\en desarrollo\\upn212horariosv2\\app\\Views\\admin\\carreras\\index.php')
 2 SYSTEMPATH\View\View.php(229): CodeIgniter\View\View->CodeIgniter\View\{closure}()
 3 SYSTEMPATH\Common.php(1188): CodeIgniter\View\View->render('admin/carreras/index', [], true)
 4 APPPATH\Controllers\Admin\CarreraController.php(44): view('admin/carreras/index', [...])
 5 SYSTEMPATH\CodeIgniter.php(919): App\Controllers\Admin\CarreraController->index()
 6 SYSTEMPATH\CodeIgniter.php(494): CodeIgniter\CodeIgniter->runController(Object(App\Controllers\Admin\CarreraController))
 7 SYSTEMPATH\CodeIgniter.php(353): CodeIgniter\CodeIgniter->handleRequest(null, Object(Config\Cache), false)
 8 FCPATH\index.php(79): CodeIgniter\CodeIgniter->run()
 9 SYSTEMPATH\Commands\Server\rewrite.php(47): require_once('E:\\en desarrollo\\upn212horariosv2\\public\\index.php')
INFO - 2023-11-28 05:19:03 --> Session: Class initialized using 'CodeIgniter\Session\Handlers\FileHandler' driver.
INFO - 2023-11-28 05:19:03 --> Session: Class initialized using 'CodeIgniter\Session\Handlers\FileHandler' driver.
INFO - 2023-11-28 05:19:06 --> Session: Class initialized using 'CodeIgniter\Session\Handlers\FileHandler' driver.
WARNING - 2023-11-28 05:19:06 --> [DEPRECATED] Creation of dynamic property App\Controllers\Docente\ProgramacionController::$session is deprecated in APPPATH\Controllers\Docente\ProgramacionController.php on line 15.
 1 SYSTEMPATH\CodeIgniter.php(919): App\Controllers\Docente\ProgramacionController->index()
 2 SYSTEMPATH\CodeIgniter.php(494): CodeIgniter\CodeIgniter->runController(Object(App\Controllers\Docente\ProgramacionController))
 3 SYSTEMPATH\CodeIgniter.php(353): CodeIgniter\CodeIgniter->handleRequest(null, Object(Config\Cache), false)
 4 FCPATH\index.php(79): CodeIgniter\CodeIgniter->run()
 5 SYSTEMPATH\Commands\Server\rewrite.php(47): require_once('E:\\en desarrollo\\upn212horariosv2\\public\\index.php')
INFO - 2023-11-28 05:19:15 --> Session: Class initialized using 'CodeIgniter\Session\Handlers\FileHandler' driver.
WARNING - 2023-11-28 05:19:15 --> [DEPRECATED] Creation of dynamic property App\Controllers\Docente\ProgramacionController::$session is deprecated in APPPATH\Controllers\Docente\ProgramacionController.php on line 15.
 1 SYSTEMPATH\CodeIgniter.php(919): App\Controllers\Docente\ProgramacionController->index()
 2 SYSTEMPATH\CodeIgniter.php(494): CodeIgniter\CodeIgniter->runController(Object(App\Controllers\Docente\ProgramacionController))
 3 SYSTEMPATH\CodeIgniter.php(353): CodeIgniter\CodeIgniter->handleRequest(null, Object(Config\Cache), false)
 4 FCPATH\index.php(79): CodeIgniter\CodeIgniter->run()
 5 SYSTEMPATH\Commands\Server\rewrite.php(47): require_once('E:\\en desarrollo\\upn212horariosv2\\public\\index.php')
INFO - 2023-11-28 05:19:39 --> Session: Class initialized using 'CodeIgniter\Session\Handlers\FileHandler' driver.
WARNING - 2023-11-28 05:19:39 --> [DEPRECATED] Creation of dynamic property App\Controllers\Docente\ProgramacionController::$session is deprecated in APPPATH\Controllers\Docente\ProgramacionController.php on line 15.
 1 SYSTEMPATH\CodeIgniter.php(919): App\Controllers\Docente\ProgramacionController->index()
 2 SYSTEMPATH\CodeIgniter.php(494): CodeIgniter\CodeIgniter->runController(Object(App\Controllers\Docente\ProgramacionController))
 3 SYSTEMPATH\CodeIgniter.php(353): CodeIgniter\CodeIgniter->handleRequest(null, Object(Config\Cache), false)
 4 FCPATH\index.php(79): CodeIgniter\CodeIgniter->run()
 5 SYSTEMPATH\Commands\Server\rewrite.php(47): require_once('E:\\en desarrollo\\upn212horariosv2\\public\\index.php')
INFO - 2023-11-28 06:41:50 --> Session: Class initialized using 'CodeIgniter\Session\Handlers\FileHandler' driver.
WARNING - 2023-11-28 06:41:50 --> [DEPRECATED] Creation of dynamic property App\Controllers\Docente\ProgramacionController::$session is deprecated in APPPATH\Controllers\Docente\ProgramacionController.php on line 16.
 1 SYSTEMPATH\CodeIgniter.php(919): App\Controllers\Docente\ProgramacionController->index()
 2 SYSTEMPATH\CodeIgniter.php(494): CodeIgniter\CodeIgniter->runController(Object(App\Controllers\Docente\ProgramacionController))
 3 SYSTEMPATH\CodeIgniter.php(353): CodeIgniter\CodeIgniter->handleRequest(null, Object(Config\Cache), false)
 4 FCPATH\index.php(79): CodeIgniter\CodeIgniter->run()
 5 SYSTEMPATH\Commands\Server\rewrite.php(47): require_once('E:\\en desarrollo\\upn212horariosv2\\public\\index.php')
INFO - 2023-11-28 06:41:54 --> Session: Class initialized using 'CodeIgniter\Session\Handlers\FileHandler' driver.
INFO - 2023-11-28 06:42:11 --> Session: Class initialized using 'CodeIgniter\Session\Handlers\FileHandler' driver.
INFO - 2023-11-28 06:42:20 --> Session: Class initialized using 'CodeIgniter\Session\Handlers\FileHandler' driver.
INFO - 2023-11-28 06:42:36 --> Session: Class initialized using 'CodeIgniter\Session\Handlers\FileHandler' driver.
INFO - 2023-11-28 06:46:54 --> Session: Class initialized using 'CodeIgniter\Session\Handlers\FileHandler' driver.
INFO - 2023-11-28 06:47:30 --> Session: Class initialized using 'CodeIgniter\Session\Handlers\FileHandler' driver.
INFO - 2023-11-28 17:03:18 --> Session: Class initialized using 'CodeIgniter\Session\Handlers\FileHandler' driver.
INFO - 2023-11-28 17:03:29 --> Session: Class initialized using 'CodeIgniter\Session\Handlers\FileHandler' driver.
INFO - 2023-11-28 17:03:29 --> Session: Class initialized using 'CodeIgniter\Session\Handlers\FileHandler' driver.
INFO - 2023-11-28 17:03:33 --> Session: Class initialized using 'CodeIgniter\Session\Handlers\FileHandler' driver.
WARNING - 2023-11-28 17:03:33 --> [DEPRECATED] Creation of dynamic property App\Controllers\Docente\ProgramacionController::$session is deprecated in APPPATH\Controllers\Docente\ProgramacionController.php on line 16.
 1 SYSTEMPATH\CodeIgniter.php(919): App\Controllers\Docente\ProgramacionController->index()
 2 SYSTEMPATH\CodeIgniter.php(494): CodeIgniter\CodeIgniter->runController(Object(App\Controllers\Docente\ProgramacionController))
 3 SYSTEMPATH\CodeIgniter.php(353): CodeIgniter\CodeIgniter->handleRequest(null, Object(Config\Cache), false)
 4 FCPATH\index.php(79): CodeIgniter\CodeIgniter->run()
 5 SYSTEMPATH\Commands\Server\rewrite.php(47): require_once('E:\\en desarrollo\\upn212horariosv2\\public\\index.php')
INFO - 2023-11-28 17:03:36 --> Session: Class initialized using 'CodeIgniter\Session\Handlers\FileHandler' driver.
INFO - 2023-11-28 17:05:15 --> Session: Class initialized using 'CodeIgniter\Session\Handlers\FileHandler' driver.
CRITICAL - 2023-11-28 17:05:15 --> Undefined variable $asignacion
in APPPATH\Controllers\Docente\ProgramacionController.php on line 48.
 1 APPPATH\Controllers\Docente\ProgramacionController.php(48): CodeIgniter\Debug\Exceptions->errorHandler(2, 'Undefined variable $asignacion', 'E:\\en desarrollo\\upn212horariosv2\\app\\Controllers\\Docente\\ProgramacionController.php', 48)
 2 SYSTEMPATH\CodeIgniter.php(919): App\Controllers\Docente\ProgramacionController->generarConstancia('260')
 3 SYSTEMPATH\CodeIgniter.php(494): CodeIgniter\CodeIgniter->runController(Object(App\Controllers\Docente\ProgramacionController))
 4 SYSTEMPATH\CodeIgniter.php(353): CodeIgniter\CodeIgniter->handleRequest(null, Object(Config\Cache), false)
 5 FCPATH\index.php(79): CodeIgniter\CodeIgniter->run()
 6 SYSTEMPATH\Commands\Server\rewrite.php(47): require_once('E:\\en desarrollo\\upn212horariosv2\\public\\index.php')
INFO - 2023-11-28 17:05:36 --> Session: Class initialized using 'CodeIgniter\Session\Handlers\FileHandler' driver.
INFO - 2023-11-28 18:34:10 --> Session: Class initialized using 'CodeIgniter\Session\Handlers\FileHandler' driver.
INFO - 2023-11-28 18:35:31 --> Session: Class initialized using 'CodeIgniter\Session\Handlers\FileHandler' driver.
INFO - 2023-11-28 18:35:57 --> Session: Class initialized using 'CodeIgniter\Session\Handlers\FileHandler' driver.
INFO - 2023-11-28 18:38:09 --> Session: Class initialized using 'CodeIgniter\Session\Handlers\FileHandler' driver.
INFO - 2023-11-28 19:26:06 --> Session: Class initialized using 'CodeIgniter\Session\Handlers\FileHandler' driver.
INFO - 2023-11-28 19:26:57 --> Session: Class initialized using 'CodeIgniter\Session\Handlers\FileHandler' driver.
INFO - 2023-11-28 19:27:22 --> Session: Class initialized using 'CodeIgniter\Session\Handlers\FileHandler' driver.
INFO - 2023-11-28 19:28:00 --> Session: Class initialized using 'CodeIgniter\Session\Handlers\FileHandler' driver.
INFO - 2023-11-28 19:31:14 --> Session: Class initialized using 'CodeIgniter\Session\Handlers\FileHandler' driver.
