ERROR - 2023-11-06 04:12:24 --> Error connecting to the database: mysqli_sql_exception: Access denied for user 'useradmin'@'localhost' (using password: YES) in E:\dev\horarios\system\Database\MySQLi\Connection.php:184
Stack trace:
#0 E:\dev\horarios\system\Database\MySQLi\Connection.php(184): mysqli->real_connect('localhost', 'useradmin', Object(SensitiveParameterValue), 'horarios', 3306, '', 0)
#1 E:\dev\horarios\system\Database\BaseConnection.php(391): CodeIgniter\Database\MySQLi\Connection->connect(false)
#2 E:\dev\horarios\system\Database\BaseConnection.php(574): CodeIgniter\Database\BaseConnection->initialize()
#3 E:\dev\horarios\system\Database\BaseConnection.php(1409): CodeIgniter\Database\BaseConnection->query('SHOW TABLES FRO...')
#4 E:\dev\horarios\system\Database\BaseConnection.php(1428): CodeIgniter\Database\BaseConnection->listTables()
#5 E:\dev\horarios\system\Database\MigrationRunner.php(768): CodeIgniter\Database\BaseConnection->tableExists('migrations')
#6 E:\dev\horarios\system\Database\MigrationRunner.php(168): CodeIgniter\Database\MigrationRunner->ensureTable()
#7 E:\dev\horarios\system\Commands\Database\Migrate.php(84): CodeIgniter\Database\MigrationRunner->latest(NULL)
#8 E:\dev\horarios\system\CLI\Commands.php(65): CodeIgniter\Commands\Database\Migrate->run(Array)
#9 E:\dev\horarios\system\CLI\Console.php(37): CodeIgniter\CLI\Commands->run('migrate', Array)
#10 E:\dev\horarios\spark(102): CodeIgniter\CLI\Console->run()
#11 {main}

Next CodeIgniter\Database\Exceptions\DatabaseException: Access denied for user '****'@'localhost' (using password: YES) in E:\dev\horarios\system\Database\MySQLi\Connection.php:229
Stack trace:
#0 E:\dev\horarios\system\Database\BaseConnection.php(391): CodeIgniter\Database\MySQLi\Connection->connect(false)
#1 E:\dev\horarios\system\Database\BaseConnection.php(574): CodeIgniter\Database\BaseConnection->initialize()
#2 E:\dev\horarios\system\Database\BaseConnection.php(1409): CodeIgniter\Database\BaseConnection->query('SHOW TABLES FRO...')
#3 E:\dev\horarios\system\Database\BaseConnection.php(1428): CodeIgniter\Database\BaseConnection->listTables()
#4 E:\dev\horarios\system\Database\MigrationRunner.php(768): CodeIgniter\Database\BaseConnection->tableExists('migrations')
#5 E:\dev\horarios\system\Database\MigrationRunner.php(168): CodeIgniter\Database\MigrationRunner->ensureTable()
#6 E:\dev\horarios\system\Commands\Database\Migrate.php(84): CodeIgniter\Database\MigrationRunner->latest(NULL)
#7 E:\dev\horarios\system\CLI\Commands.php(65): CodeIgniter\Commands\Database\Migrate->run(Array)
#8 E:\dev\horarios\system\CLI\Console.php(37): CodeIgniter\CLI\Commands->run('migrate', Array)
#9 E:\dev\horarios\spark(102): CodeIgniter\CLI\Console->run()
#10 {main}
INFO - 2023-11-06 04:13:10 --> Session: Class initialized using 'CodeIgniter\Session\Handlers\FileHandler' driver.
INFO - 2023-11-06 04:13:10 --> Session: Class initialized using 'CodeIgniter\Session\Handlers\FileHandler' driver.
INFO - 2023-11-06 04:13:16 --> Session: Class initialized using 'CodeIgniter\Session\Handlers\FileHandler' driver.
WARNING - 2023-11-06 04:13:16 --> [DEPRECATED] Creation of dynamic property App\Controllers\Admin\UsuarioController::$session is deprecated in APPPATH\Controllers\Admin\UsuarioController.php on line 15.
 1 SYSTEMPATH\CodeIgniter.php(891): App\Controllers\Admin\UsuarioController->__construct()
 2 SYSTEMPATH\CodeIgniter.php(485): CodeIgniter\CodeIgniter->createController()
 3 SYSTEMPATH\CodeIgniter.php(353): CodeIgniter\CodeIgniter->handleRequest(null, Object(Config\Cache), false)
 4 FCPATH\index.php(79): CodeIgniter\CodeIgniter->run()
 5 SYSTEMPATH\Commands\Server\rewrite.php(47): require_once('E:\\dev\\horarios\\public\\index.php')
INFO - 2023-11-06 04:13:19 --> Session: Class initialized using 'CodeIgniter\Session\Handlers\FileHandler' driver.
WARNING - 2023-11-06 04:13:19 --> [DEPRECATED] Creation of dynamic property App\Controllers\Admin\UsuarioController::$session is deprecated in APPPATH\Controllers\Admin\UsuarioController.php on line 15.
 1 SYSTEMPATH\CodeIgniter.php(891): App\Controllers\Admin\UsuarioController->__construct()
 2 SYSTEMPATH\CodeIgniter.php(485): CodeIgniter\CodeIgniter->createController()
 3 SYSTEMPATH\CodeIgniter.php(353): CodeIgniter\CodeIgniter->handleRequest(null, Object(Config\Cache), false)
 4 FCPATH\index.php(79): CodeIgniter\CodeIgniter->run()
 5 SYSTEMPATH\Commands\Server\rewrite.php(47): require_once('E:\\dev\\horarios\\public\\index.php')
INFO - 2023-11-06 04:13:59 --> Session: Class initialized using 'CodeIgniter\Session\Handlers\FileHandler' driver.
WARNING - 2023-11-06 04:13:59 --> [DEPRECATED] Creation of dynamic property App\Controllers\Admin\UsuarioController::$session is deprecated in APPPATH\Controllers\Admin\UsuarioController.php on line 15.
 1 SYSTEMPATH\CodeIgniter.php(891): App\Controllers\Admin\UsuarioController->__construct()
 2 SYSTEMPATH\CodeIgniter.php(485): CodeIgniter\CodeIgniter->createController()
 3 SYSTEMPATH\CodeIgniter.php(353): CodeIgniter\CodeIgniter->handleRequest(null, Object(Config\Cache), false)
 4 FCPATH\index.php(79): CodeIgniter\CodeIgniter->run()
 5 SYSTEMPATH\Commands\Server\rewrite.php(47): require_once('E:\\dev\\horarios\\public\\index.php')
INFO - 2023-11-06 04:13:59 --> Session: Class initialized using 'CodeIgniter\Session\Handlers\FileHandler' driver.
WARNING - 2023-11-06 04:13:59 --> [DEPRECATED] Creation of dynamic property App\Controllers\Admin\UsuarioController::$session is deprecated in APPPATH\Controllers\Admin\UsuarioController.php on line 15.
 1 SYSTEMPATH\CodeIgniter.php(891): App\Controllers\Admin\UsuarioController->__construct()
 2 SYSTEMPATH\CodeIgniter.php(485): CodeIgniter\CodeIgniter->createController()
 3 SYSTEMPATH\CodeIgniter.php(353): CodeIgniter\CodeIgniter->handleRequest(null, Object(Config\Cache), false)
 4 FCPATH\index.php(79): CodeIgniter\CodeIgniter->run()
 5 SYSTEMPATH\Commands\Server\rewrite.php(47): require_once('E:\\dev\\horarios\\public\\index.php')
INFO - 2023-11-06 04:14:04 --> Session: Class initialized using 'CodeIgniter\Session\Handlers\FileHandler' driver.
INFO - 2023-11-06 04:14:04 --> Session: Class initialized using 'CodeIgniter\Session\Handlers\FileHandler' driver.
INFO - 2023-11-06 04:14:10 --> Session: Class initialized using 'CodeIgniter\Session\Handlers\FileHandler' driver.
INFO - 2023-11-06 04:14:10 --> Session: Class initialized using 'CodeIgniter\Session\Handlers\FileHandler' driver.
CRITICAL - 2023-11-06 04:14:10 --> Invalid file: "ccoordinador/dashboard.php"
in SYSTEMPATH\Exceptions\FrameworkException.php on line 39.
 1 SYSTEMPATH\View\View.php(214): CodeIgniter\Exceptions\FrameworkException::forInvalidFile('ccoordinador/dashboard.php')
 2 SYSTEMPATH\Common.php(1188): CodeIgniter\View\View->render('ccoordinador/dashboard', [], true)
 3 APPPATH\Controllers\Coordinador\CoordinadorController.php(22): view('ccoordinador/dashboard')
 4 SYSTEMPATH\CodeIgniter.php(919): App\Controllers\Coordinador\CoordinadorController->index()
 5 SYSTEMPATH\CodeIgniter.php(494): CodeIgniter\CodeIgniter->runController(Object(App\Controllers\Coordinador\CoordinadorController))
 6 SYSTEMPATH\CodeIgniter.php(353): CodeIgniter\CodeIgniter->handleRequest(null, Object(Config\Cache), false)
 7 FCPATH\index.php(79): CodeIgniter\CodeIgniter->run()
 8 SYSTEMPATH\Commands\Server\rewrite.php(47): require_once('E:\\dev\\horarios\\public\\index.php')
INFO - 2023-11-06 04:14:34 --> Session: Class initialized using 'CodeIgniter\Session\Handlers\FileHandler' driver.
INFO - 2023-11-06 04:30:56 --> Session: Class initialized using 'CodeIgniter\Session\Handlers\FileHandler' driver.
WARNING - 2023-11-06 04:30:56 --> [DEPRECATED] Creation of dynamic property App\Controllers\Admin\AsignaturaController::$session is deprecated in APPPATH\Controllers\Admin\AsignaturaController.php on line 16.
 1 SYSTEMPATH\CodeIgniter.php(891): App\Controllers\Admin\AsignaturaController->__construct()
 2 SYSTEMPATH\CodeIgniter.php(485): CodeIgniter\CodeIgniter->createController()
 3 SYSTEMPATH\CodeIgniter.php(353): CodeIgniter\CodeIgniter->handleRequest(null, Object(Config\Cache), false)
 4 FCPATH\index.php(79): CodeIgniter\CodeIgniter->run()
 5 SYSTEMPATH\Commands\Server\rewrite.php(47): require_once('E:\\dev\\horarios\\public\\index.php')
INFO - 2023-11-06 04:30:58 --> Session: Class initialized using 'CodeIgniter\Session\Handlers\FileHandler' driver.
INFO - 2023-11-06 04:31:00 --> Session: Class initialized using 'CodeIgniter\Session\Handlers\FileHandler' driver.
WARNING - 2023-11-06 04:31:00 --> [DEPRECATED] Creation of dynamic property App\Controllers\Admin\AsignaturaController::$session is deprecated in APPPATH\Controllers\Admin\AsignaturaController.php on line 16.
 1 SYSTEMPATH\CodeIgniter.php(891): App\Controllers\Admin\AsignaturaController->__construct()
 2 SYSTEMPATH\CodeIgniter.php(485): CodeIgniter\CodeIgniter->createController()
 3 SYSTEMPATH\CodeIgniter.php(353): CodeIgniter\CodeIgniter->handleRequest(null, Object(Config\Cache), false)
 4 FCPATH\index.php(79): CodeIgniter\CodeIgniter->run()
 5 SYSTEMPATH\Commands\Server\rewrite.php(47): require_once('E:\\dev\\horarios\\public\\index.php')
INFO - 2023-11-06 04:31:04 --> Session: Class initialized using 'CodeIgniter\Session\Handlers\FileHandler' driver.
INFO - 2023-11-06 15:33:36 --> Session: Class initialized using 'CodeIgniter\Session\Handlers\FileHandler' driver.
ERROR - 2023-11-06 15:33:40 --> Error connecting to the database: mysqli_sql_exception: No se puede establecer una conexión ya que el equipo de destino denegó expresamente dicha conexión in E:\dev\horarios\system\Database\MySQLi\Connection.php:184
Stack trace:
#0 E:\dev\horarios\system\Database\MySQLi\Connection.php(184): mysqli->real_connect('localhost', 'root', Object(SensitiveParameterValue), 'horarios', 3306, '', 0)
#1 E:\dev\horarios\system\Database\BaseConnection.php(391): CodeIgniter\Database\MySQLi\Connection->connect(false)
#2 E:\dev\horarios\system\Database\BaseConnection.php(574): CodeIgniter\Database\BaseConnection->initialize()
#3 E:\dev\horarios\system\Database\BaseBuilder.php(1615): CodeIgniter\Database\BaseConnection->query('SELECT *\nFROM `...', Array, false)
#4 E:\dev\horarios\system\Model.php(264): CodeIgniter\Database\BaseBuilder->get()
#5 E:\dev\horarios\system\BaseModel.php(662): CodeIgniter\Model->doFirst()
#6 E:\dev\horarios\app\Validation\Userrules.php(11): CodeIgniter\BaseModel->first()
#7 E:\dev\horarios\system\Validation\Validation.php(309): App\Validation\Userrules->validateUser('12345678', 'username,passwo...', Array, NULL, 'password')
#8 E:\dev\horarios\system\Validation\Validation.php(195): CodeIgniter\Validation\Validation->processRules('password', 'password', '12345678', Array, Array)
#9 E:\dev\horarios\system\Controller.php(150): CodeIgniter\Validation\Validation->run()
#10 E:\dev\horarios\app\Controllers\UserController.php(28): CodeIgniter\Controller->validate(Array, Array)
#11 E:\dev\horarios\system\CodeIgniter.php(919): App\Controllers\UserController->login()
#12 E:\dev\horarios\system\CodeIgniter.php(494): CodeIgniter\CodeIgniter->runController(Object(App\Controllers\UserController))
#13 E:\dev\horarios\system\CodeIgniter.php(353): CodeIgniter\CodeIgniter->handleRequest(NULL, Object(Config\Cache), false)
#14 E:\dev\horarios\public\index.php(79): CodeIgniter\CodeIgniter->run()
#15 E:\dev\horarios\system\Commands\Server\rewrite.php(47): require_once('E:\\dev\\horarios...')
#16 {main}

Next CodeIgniter\Database\Exceptions\DatabaseException: No se puede establecer una conexión ya que el equipo de destino denegó expresamente dicha conexión in E:\dev\horarios\system\Database\MySQLi\Connection.php:229
Stack trace:
#0 E:\dev\horarios\system\Database\BaseConnection.php(391): CodeIgniter\Database\MySQLi\Connection->connect(false)
#1 E:\dev\horarios\system\Database\BaseConnection.php(574): CodeIgniter\Database\BaseConnection->initialize()
#2 E:\dev\horarios\system\Database\BaseBuilder.php(1615): CodeIgniter\Database\BaseConnection->query('SELECT *\nFROM `...', Array, false)
#3 E:\dev\horarios\system\Model.php(264): CodeIgniter\Database\BaseBuilder->get()
#4 E:\dev\horarios\system\BaseModel.php(662): CodeIgniter\Model->doFirst()
#5 E:\dev\horarios\app\Validation\Userrules.php(11): CodeIgniter\BaseModel->first()
#6 E:\dev\horarios\system\Validation\Validation.php(309): App\Validation\Userrules->validateUser('12345678', 'username,passwo...', Array, NULL, 'password')
#7 E:\dev\horarios\system\Validation\Validation.php(195): CodeIgniter\Validation\Validation->processRules('password', 'password', '12345678', Array, Array)
#8 E:\dev\horarios\system\Controller.php(150): CodeIgniter\Validation\Validation->run()
#9 E:\dev\horarios\app\Controllers\UserController.php(28): CodeIgniter\Controller->validate(Array, Array)
#10 E:\dev\horarios\system\CodeIgniter.php(919): App\Controllers\UserController->login()
#11 E:\dev\horarios\system\CodeIgniter.php(494): CodeIgniter\CodeIgniter->runController(Object(App\Controllers\UserController))
#12 E:\dev\horarios\system\CodeIgniter.php(353): CodeIgniter\CodeIgniter->handleRequest(NULL, Object(Config\Cache), false)
#13 E:\dev\horarios\public\index.php(79): CodeIgniter\CodeIgniter->run()
#14 E:\dev\horarios\system\Commands\Server\rewrite.php(47): require_once('E:\\dev\\horarios...')
#15 {main}
CRITICAL - 2023-11-06 15:33:40 --> Unable to connect to the database.
Main connection [MySQLi]: No se puede establecer una conexión ya que el equipo de destino denegó expresamente dicha conexión
in SYSTEMPATH\Database\BaseConnection.php on line 427.
 1 SYSTEMPATH\Database\BaseConnection.php(574): CodeIgniter\Database\BaseConnection->initialize()
 2 SYSTEMPATH\Database\BaseBuilder.php(1615): CodeIgniter\Database\BaseConnection->query('SELECT *
FROM `usuarios`
WHERE `username` = :username:
 LIMIT 1', [...], false)
 3 SYSTEMPATH\Model.php(264): CodeIgniter\Database\BaseBuilder->get()
 4 SYSTEMPATH\BaseModel.php(662): CodeIgniter\Model->doFirst()
 5 APPPATH\Validation\Userrules.php(11): CodeIgniter\BaseModel->first()
 6 SYSTEMPATH\Validation\Validation.php(309): App\Validation\Userrules->validateUser('12345678', 'username,password', [...], null, 'password')
 7 SYSTEMPATH\Validation\Validation.php(195): CodeIgniter\Validation\Validation->processRules('password', 'password', '12345678', [...], [...])
 8 SYSTEMPATH\Controller.php(150): CodeIgniter\Validation\Validation->run()
 9 APPPATH\Controllers\UserController.php(28): CodeIgniter\Controller->validate([...], [...])
10 SYSTEMPATH\CodeIgniter.php(919): App\Controllers\UserController->login()
11 SYSTEMPATH\CodeIgniter.php(494): CodeIgniter\CodeIgniter->runController(Object(App\Controllers\UserController))
12 SYSTEMPATH\CodeIgniter.php(353): CodeIgniter\CodeIgniter->handleRequest(null, Object(Config\Cache), false)
13 FCPATH\index.php(79): CodeIgniter\CodeIgniter->run()
14 SYSTEMPATH\Commands\Server\rewrite.php(47): require_once('E:\\dev\\horarios\\public\\index.php')
INFO - 2023-11-06 15:33:48 --> Session: Class initialized using 'CodeIgniter\Session\Handlers\FileHandler' driver.
INFO - 2023-11-06 15:33:49 --> Session: Class initialized using 'CodeIgniter\Session\Handlers\FileHandler' driver.
INFO - 2023-11-06 15:33:52 --> Session: Class initialized using 'CodeIgniter\Session\Handlers\FileHandler' driver.
WARNING - 2023-11-06 15:33:52 --> [DEPRECATED] Creation of dynamic property App\Controllers\Admin\UsuarioController::$session is deprecated in APPPATH\Controllers\Admin\UsuarioController.php on line 15.
 1 SYSTEMPATH\CodeIgniter.php(891): App\Controllers\Admin\UsuarioController->__construct()
 2 SYSTEMPATH\CodeIgniter.php(485): CodeIgniter\CodeIgniter->createController()
 3 SYSTEMPATH\CodeIgniter.php(353): CodeIgniter\CodeIgniter->handleRequest(null, Object(Config\Cache), false)
 4 FCPATH\index.php(79): CodeIgniter\CodeIgniter->run()
 5 SYSTEMPATH\Commands\Server\rewrite.php(47): require_once('E:\\dev\\horarios\\public\\index.php')
INFO - 2023-11-06 15:34:59 --> Session: Class initialized using 'CodeIgniter\Session\Handlers\FileHandler' driver.
INFO - 2023-11-06 15:34:59 --> Session: Class initialized using 'CodeIgniter\Session\Handlers\FileHandler' driver.
INFO - 2023-11-06 15:35:07 --> Session: Class initialized using 'CodeIgniter\Session\Handlers\FileHandler' driver.
INFO - 2023-11-06 15:35:09 --> Session: Class initialized using 'CodeIgniter\Session\Handlers\FileHandler' driver.
INFO - 2023-11-06 15:37:17 --> Session: Class initialized using 'CodeIgniter\Session\Handlers\FileHandler' driver.
WARNING - 2023-11-06 15:37:17 --> [DEPRECATED] Creation of dynamic property App\Controllers\Admin\CarreraController::$session is deprecated in APPPATH\Controllers\Admin\CarreraController.php on line 15.
 1 SYSTEMPATH\CodeIgniter.php(891): App\Controllers\Admin\CarreraController->__construct()
 2 SYSTEMPATH\CodeIgniter.php(485): CodeIgniter\CodeIgniter->createController()
 3 SYSTEMPATH\CodeIgniter.php(353): CodeIgniter\CodeIgniter->handleRequest(null, Object(Config\Cache), false)
 4 FCPATH\index.php(79): CodeIgniter\CodeIgniter->run()
 5 SYSTEMPATH\Commands\Server\rewrite.php(47): require_once('E:\\dev\\horarios\\public\\index.php')
INFO - 2023-11-06 15:37:21 --> Session: Class initialized using 'CodeIgniter\Session\Handlers\FileHandler' driver.
WARNING - 2023-11-06 15:37:21 --> [DEPRECATED] Creation of dynamic property App\Controllers\Coordinador\CarreraController::$session is deprecated in APPPATH\Controllers\Coordinador\CarreraController.php on line 15.
 1 SYSTEMPATH\CodeIgniter.php(891): App\Controllers\Coordinador\CarreraController->__construct()
 2 SYSTEMPATH\CodeIgniter.php(485): CodeIgniter\CodeIgniter->createController()
 3 SYSTEMPATH\CodeIgniter.php(353): CodeIgniter\CodeIgniter->handleRequest(null, Object(Config\Cache), false)
 4 FCPATH\index.php(79): CodeIgniter\CodeIgniter->run()
 5 SYSTEMPATH\Commands\Server\rewrite.php(47): require_once('E:\\dev\\horarios\\public\\index.php')
INFO - 2023-11-06 15:48:18 --> Session: Class initialized using 'CodeIgniter\Session\Handlers\FileHandler' driver.
WARNING - 2023-11-06 15:48:18 --> [DEPRECATED] Creation of dynamic property App\Controllers\Coordinador\CarreraController::$session is deprecated in APPPATH\Controllers\Coordinador\CarreraController.php on line 15.
 1 SYSTEMPATH\CodeIgniter.php(891): App\Controllers\Coordinador\CarreraController->__construct()
 2 SYSTEMPATH\CodeIgniter.php(485): CodeIgniter\CodeIgniter->createController()
 3 SYSTEMPATH\CodeIgniter.php(353): CodeIgniter\CodeIgniter->handleRequest(null, Object(Config\Cache), false)
 4 FCPATH\index.php(79): CodeIgniter\CodeIgniter->run()
 5 SYSTEMPATH\Commands\Server\rewrite.php(47): require_once('E:\\dev\\horarios\\public\\index.php')
INFO - 2023-11-06 15:52:16 --> Session: Class initialized using 'CodeIgniter\Session\Handlers\FileHandler' driver.
WARNING - 2023-11-06 15:52:16 --> [DEPRECATED] Creation of dynamic property App\Controllers\Coordinador\CarreraController::$session is deprecated in APPPATH\Controllers\Coordinador\CarreraController.php on line 15.
 1 SYSTEMPATH\CodeIgniter.php(891): App\Controllers\Coordinador\CarreraController->__construct()
 2 SYSTEMPATH\CodeIgniter.php(485): CodeIgniter\CodeIgniter->createController()
 3 SYSTEMPATH\CodeIgniter.php(353): CodeIgniter\CodeIgniter->handleRequest(null, Object(Config\Cache), false)
 4 FCPATH\index.php(79): CodeIgniter\CodeIgniter->run()
 5 SYSTEMPATH\Commands\Server\rewrite.php(47): require_once('E:\\dev\\horarios\\public\\index.php')
INFO - 2023-11-06 15:52:22 --> Session: Class initialized using 'CodeIgniter\Session\Handlers\FileHandler' driver.
WARNING - 2023-11-06 15:52:22 --> [DEPRECATED] Creation of dynamic property App\Controllers\Coordinador\CarreraController::$session is deprecated in APPPATH\Controllers\Coordinador\CarreraController.php on line 15.
 1 SYSTEMPATH\CodeIgniter.php(891): App\Controllers\Coordinador\CarreraController->__construct()
 2 SYSTEMPATH\CodeIgniter.php(485): CodeIgniter\CodeIgniter->createController()
 3 SYSTEMPATH\CodeIgniter.php(353): CodeIgniter\CodeIgniter->handleRequest(null, Object(Config\Cache), false)
 4 FCPATH\index.php(79): CodeIgniter\CodeIgniter->run()
 5 SYSTEMPATH\Commands\Server\rewrite.php(47): require_once('E:\\dev\\horarios\\public\\index.php')
INFO - 2023-11-06 15:53:29 --> Session: Class initialized using 'CodeIgniter\Session\Handlers\FileHandler' driver.
WARNING - 2023-11-06 15:53:29 --> [DEPRECATED] Creation of dynamic property App\Controllers\Coordinador\CarreraController::$session is deprecated in APPPATH\Controllers\Coordinador\CarreraController.php on line 15.
 1 SYSTEMPATH\CodeIgniter.php(891): App\Controllers\Coordinador\CarreraController->__construct()
 2 SYSTEMPATH\CodeIgniter.php(485): CodeIgniter\CodeIgniter->createController()
 3 SYSTEMPATH\CodeIgniter.php(353): CodeIgniter\CodeIgniter->handleRequest(null, Object(Config\Cache), false)
 4 FCPATH\index.php(79): CodeIgniter\CodeIgniter->run()
 5 SYSTEMPATH\Commands\Server\rewrite.php(47): require_once('E:\\dev\\horarios\\public\\index.php')
INFO - 2023-11-06 15:53:33 --> Session: Class initialized using 'CodeIgniter\Session\Handlers\FileHandler' driver.
WARNING - 2023-11-06 15:53:33 --> [DEPRECATED] Creation of dynamic property App\Controllers\Coordinador\CarreraController::$session is deprecated in APPPATH\Controllers\Coordinador\CarreraController.php on line 15.
 1 SYSTEMPATH\CodeIgniter.php(891): App\Controllers\Coordinador\CarreraController->__construct()
 2 SYSTEMPATH\CodeIgniter.php(485): CodeIgniter\CodeIgniter->createController()
 3 SYSTEMPATH\CodeIgniter.php(353): CodeIgniter\CodeIgniter->handleRequest(null, Object(Config\Cache), false)
 4 FCPATH\index.php(79): CodeIgniter\CodeIgniter->run()
 5 SYSTEMPATH\Commands\Server\rewrite.php(47): require_once('E:\\dev\\horarios\\public\\index.php')
INFO - 2023-11-06 15:53:35 --> Session: Class initialized using 'CodeIgniter\Session\Handlers\FileHandler' driver.
INFO - 2023-11-06 15:53:37 --> Session: Class initialized using 'CodeIgniter\Session\Handlers\FileHandler' driver.
WARNING - 2023-11-06 15:53:37 --> [DEPRECATED] Creation of dynamic property App\Controllers\Coordinador\CarreraController::$session is deprecated in APPPATH\Controllers\Coordinador\CarreraController.php on line 15.
 1 SYSTEMPATH\CodeIgniter.php(891): App\Controllers\Coordinador\CarreraController->__construct()
 2 SYSTEMPATH\CodeIgniter.php(485): CodeIgniter\CodeIgniter->createController()
 3 SYSTEMPATH\CodeIgniter.php(353): CodeIgniter\CodeIgniter->handleRequest(null, Object(Config\Cache), false)
 4 FCPATH\index.php(79): CodeIgniter\CodeIgniter->run()
 5 SYSTEMPATH\Commands\Server\rewrite.php(47): require_once('E:\\dev\\horarios\\public\\index.php')
INFO - 2023-11-06 15:53:46 --> Session: Class initialized using 'CodeIgniter\Session\Handlers\FileHandler' driver.
WARNING - 2023-11-06 15:53:46 --> [DEPRECATED] Creation of dynamic property App\Controllers\Coordinador\CarreraController::$session is deprecated in APPPATH\Controllers\Coordinador\CarreraController.php on line 15.
 1 SYSTEMPATH\CodeIgniter.php(891): App\Controllers\Coordinador\CarreraController->__construct()
 2 SYSTEMPATH\CodeIgniter.php(485): CodeIgniter\CodeIgniter->createController()
 3 SYSTEMPATH\CodeIgniter.php(353): CodeIgniter\CodeIgniter->handleRequest(null, Object(Config\Cache), false)
 4 FCPATH\index.php(79): CodeIgniter\CodeIgniter->run()
 5 SYSTEMPATH\Commands\Server\rewrite.php(47): require_once('E:\\dev\\horarios\\public\\index.php')
INFO - 2023-11-06 15:54:10 --> Session: Class initialized using 'CodeIgniter\Session\Handlers\FileHandler' driver.
WARNING - 2023-11-06 15:54:10 --> [DEPRECATED] Creation of dynamic property App\Controllers\Coordinador\CarreraController::$session is deprecated in APPPATH\Controllers\Coordinador\CarreraController.php on line 15.
 1 SYSTEMPATH\CodeIgniter.php(891): App\Controllers\Coordinador\CarreraController->__construct()
 2 SYSTEMPATH\CodeIgniter.php(485): CodeIgniter\CodeIgniter->createController()
 3 SYSTEMPATH\CodeIgniter.php(353): CodeIgniter\CodeIgniter->handleRequest(null, Object(Config\Cache), false)
 4 FCPATH\index.php(79): CodeIgniter\CodeIgniter->run()
 5 SYSTEMPATH\Commands\Server\rewrite.php(47): require_once('E:\\dev\\horarios\\public\\index.php')
INFO - 2023-11-06 15:54:10 --> Session: Class initialized using 'CodeIgniter\Session\Handlers\FileHandler' driver.
WARNING - 2023-11-06 15:54:10 --> [DEPRECATED] Creation of dynamic property App\Controllers\Coordinador\CarreraController::$session is deprecated in APPPATH\Controllers\Coordinador\CarreraController.php on line 15.
 1 SYSTEMPATH\CodeIgniter.php(891): App\Controllers\Coordinador\CarreraController->__construct()
 2 SYSTEMPATH\CodeIgniter.php(485): CodeIgniter\CodeIgniter->createController()
 3 SYSTEMPATH\CodeIgniter.php(353): CodeIgniter\CodeIgniter->handleRequest(null, Object(Config\Cache), false)
 4 FCPATH\index.php(79): CodeIgniter\CodeIgniter->run()
 5 SYSTEMPATH\Commands\Server\rewrite.php(47): require_once('E:\\dev\\horarios\\public\\index.php')
INFO - 2023-11-06 16:00:23 --> Session: Class initialized using 'CodeIgniter\Session\Handlers\FileHandler' driver.
WARNING - 2023-11-06 16:00:23 --> [DEPRECATED] Creation of dynamic property App\Controllers\Admin\CarreraController::$session is deprecated in APPPATH\Controllers\Admin\CarreraController.php on line 15.
 1 SYSTEMPATH\CodeIgniter.php(891): App\Controllers\Admin\CarreraController->__construct()
 2 SYSTEMPATH\CodeIgniter.php(485): CodeIgniter\CodeIgniter->createController()
 3 SYSTEMPATH\CodeIgniter.php(353): CodeIgniter\CodeIgniter->handleRequest(null, Object(Config\Cache), false)
 4 FCPATH\index.php(79): CodeIgniter\CodeIgniter->run()
 5 SYSTEMPATH\Commands\Server\rewrite.php(47): require_once('E:\\dev\\horarios\\public\\index.php')
INFO - 2023-11-06 16:00:25 --> Session: Class initialized using 'CodeIgniter\Session\Handlers\FileHandler' driver.
WARNING - 2023-11-06 16:00:25 --> [DEPRECATED] Creation of dynamic property App\Controllers\Admin\UsuarioController::$session is deprecated in APPPATH\Controllers\Admin\UsuarioController.php on line 15.
 1 SYSTEMPATH\CodeIgniter.php(891): App\Controllers\Admin\UsuarioController->__construct()
 2 SYSTEMPATH\CodeIgniter.php(485): CodeIgniter\CodeIgniter->createController()
 3 SYSTEMPATH\CodeIgniter.php(353): CodeIgniter\CodeIgniter->handleRequest(null, Object(Config\Cache), false)
 4 FCPATH\index.php(79): CodeIgniter\CodeIgniter->run()
 5 SYSTEMPATH\Commands\Server\rewrite.php(47): require_once('E:\\dev\\horarios\\public\\index.php')
INFO - 2023-11-06 16:00:27 --> Session: Class initialized using 'CodeIgniter\Session\Handlers\FileHandler' driver.
WARNING - 2023-11-06 16:00:27 --> [DEPRECATED] Creation of dynamic property App\Controllers\Admin\UsuarioController::$session is deprecated in APPPATH\Controllers\Admin\UsuarioController.php on line 15.
 1 SYSTEMPATH\CodeIgniter.php(891): App\Controllers\Admin\UsuarioController->__construct()
 2 SYSTEMPATH\CodeIgniter.php(485): CodeIgniter\CodeIgniter->createController()
 3 SYSTEMPATH\CodeIgniter.php(353): CodeIgniter\CodeIgniter->handleRequest(null, Object(Config\Cache), false)
 4 FCPATH\index.php(79): CodeIgniter\CodeIgniter->run()
 5 SYSTEMPATH\Commands\Server\rewrite.php(47): require_once('E:\\dev\\horarios\\public\\index.php')
INFO - 2023-11-06 16:00:30 --> Session: Class initialized using 'CodeIgniter\Session\Handlers\FileHandler' driver.
