CRITICAL - 2023-10-10 15:42:23 --> Undefined constant "CodeIgniter\Database\MySQLi\MYSQLI_STORE_RESULT"
in SYSTEMPATH/Database/Database.php on line 137.
 1 SYSTEMPATH/Database/Database.php(55): CodeIgniter\Database\Database->initDriver()
 2 SYSTEMPATH/Database/Config.php(81): CodeIgniter\Database\Database->load()
 3 SYSTEMPATH/Common.php(363): CodeIgniter\Database\Config::connect()
 4 SYSTEMPATH/Database/MigrationRunner.php(151): db_connect()
 5 SYSTEMPATH/Config/Services.php(416): CodeIgniter\Database\MigrationRunner->__construct()
 6 SYSTEMPATH/Config/BaseService.php(258): CodeIgniter\Config\Services::migrations()
 7 SYSTEMPATH/Config/BaseService.php(199): CodeIgniter\Config\BaseService::__callStatic()
 8 SYSTEMPATH/Config/Services.php(411): CodeIgniter\Config\BaseService::getSharedInstance()
 9 SYSTEMPATH/Config/BaseService.php(258): CodeIgniter\Config\Services::migrations()
10 SYSTEMPATH/Commands/Database/Migrate.php(69): CodeIgniter\Config\BaseService::__callStatic()
11 SYSTEMPATH/CLI/Commands.php(65): CodeIgniter\Commands\Database\Migrate->run()
12 SYSTEMPATH/CLI/Console.php(37): CodeIgniter\CLI\Commands->run()
13 ROOTPATH/spark(102): CodeIgniter\CLI\Console->run()
CRITICAL - 2023-10-10 15:44:20 --> Undefined constant "CodeIgniter\Database\MySQLi\MYSQLI_STORE_RESULT"
in SYSTEMPATH/Database/Database.php on line 137.
 1 SYSTEMPATH/Database/Database.php(55): CodeIgniter\Database\Database->initDriver()
 2 SYSTEMPATH/Database/Config.php(81): CodeIgniter\Database\Database->load()
 3 SYSTEMPATH/Common.php(363): CodeIgniter\Database\Config::connect()
 4 SYSTEMPATH/Database/MigrationRunner.php(151): db_connect()
 5 SYSTEMPATH/Config/Services.php(416): CodeIgniter\Database\MigrationRunner->__construct()
 6 SYSTEMPATH/Config/BaseService.php(258): CodeIgniter\Config\Services::migrations()
 7 SYSTEMPATH/Config/BaseService.php(199): CodeIgniter\Config\BaseService::__callStatic()
 8 SYSTEMPATH/Config/Services.php(411): CodeIgniter\Config\BaseService::getSharedInstance()
 9 SYSTEMPATH/Config/BaseService.php(258): CodeIgniter\Config\Services::migrations()
10 SYSTEMPATH/Commands/Database/MigrateRollback.php(81): CodeIgniter\Config\BaseService::__callStatic()
11 SYSTEMPATH/CLI/Commands.php(65): CodeIgniter\Commands\Database\MigrateRollback->run()
12 SYSTEMPATH/CLI/BaseCommand.php(115): CodeIgniter\CLI\Commands->run()
13 SYSTEMPATH/Commands/Database/MigrateRefresh.php(84): CodeIgniter\CLI\BaseCommand->call()
14 SYSTEMPATH/CLI/Commands.php(65): CodeIgniter\Commands\Database\MigrateRefresh->run()
15 SYSTEMPATH/CLI/Console.php(37): CodeIgniter\CLI\Commands->run()
16 ROOTPATH/spark(102): CodeIgniter\CLI\Console->run()
CRITICAL - 2023-10-10 15:53:52 --> Cannot declare class App\Database\Migrations\Modulo, because the name is already in use
in APPPATH/Database/Migrations/2023-10-05-234746_Modulo.php on line 7.
 1 [internal function]: CodeIgniter\Debug\Exceptions->shutdownHandler()
CRITICAL - 2023-10-10 21:25:34 --> Cannot declare class App\Database\Migrations\Modulo, because the name is already in use
in APPPATH/Database/Migrations/2023-10-05-234746_Modulo.php on line 7.
 1 [internal function]: CodeIgniter\Debug\Exceptions->shutdownHandler()
CRITICAL - 2023-10-10 21:26:29 --> Cannot declare class App\Database\Migrations\Modulo, because the name is already in use
in APPPATH/Database/Migrations/2023-10-05-234746_Modulo.php on line 7.
 1 [internal function]: CodeIgniter\Debug\Exceptions->shutdownHandler()
