INFO - 2023-10-14 01:47:17 --> Session: Class initialized using 'CodeIgniter\Session\Handlers\FileHandler' driver.
INFO - 2023-10-14 01:47:18 --> Session: Class initialized using 'CodeIgniter\Session\Handlers\FileHandler' driver.
INFO - 2023-10-14 01:47:26 --> Session: Class initialized using 'CodeIgniter\Session\Handlers\FileHandler' driver.
INFO - 2023-10-14 01:47:27 --> Session: Class initialized using 'CodeIgniter\Session\Handlers\FileHandler' driver.
INFO - 2023-10-14 01:47:32 --> Session: Class initialized using 'CodeIgniter\Session\Handlers\FileHandler' driver.
WARNING - 2023-10-14 01:47:32 --> [DEPRECATED] Creation of dynamic property App\Controllers\Admin\DocenteController::$estatusDelPersonalModel is deprecated in APPPATH/Controllers/Admin/DocenteController.php on line 19.
 1 SYSTEMPATH/CodeIgniter.php(891): App\Controllers\Admin\DocenteController->__construct()
 2 SYSTEMPATH/CodeIgniter.php(485): CodeIgniter\CodeIgniter->createController()
 3 SYSTEMPATH/CodeIgniter.php(353): CodeIgniter\CodeIgniter->handleRequest(null, Object(Config\Cache), false)
 4 FCPATH/index.php(79): CodeIgniter\CodeIgniter->run()
 5 SYSTEMPATH/Commands/Server/rewrite.php(47): require_once('/run/media/degante/DEVELOPMENT/dev/horarios/public/index.php')
INFO - 2023-10-14 01:48:47 --> Session: Class initialized using 'CodeIgniter\Session\Handlers\FileHandler' driver.
WARNING - 2023-10-14 01:48:47 --> [DEPRECATED] Creation of dynamic property App\Controllers\Admin\DocenteController::$estatusDelPersonalModel is deprecated in APPPATH/Controllers/Admin/DocenteController.php on line 19.
 1 SYSTEMPATH/CodeIgniter.php(891): App\Controllers\Admin\DocenteController->__construct()
 2 SYSTEMPATH/CodeIgniter.php(485): CodeIgniter\CodeIgniter->createController()
 3 SYSTEMPATH/CodeIgniter.php(353): CodeIgniter\CodeIgniter->handleRequest(null, Object(Config\Cache), false)
 4 FCPATH/index.php(79): CodeIgniter\CodeIgniter->run()
 5 SYSTEMPATH/Commands/Server/rewrite.php(47): require_once('/run/media/degante/DEVELOPMENT/dev/horarios/public/index.php')
INFO - 2023-10-14 01:49:21 --> Session: Class initialized using 'CodeIgniter\Session\Handlers\FileHandler' driver.
WARNING - 2023-10-14 01:49:21 --> [DEPRECATED] Creation of dynamic property App\Controllers\Admin\DocenteController::$estatusDelPersonalModel is deprecated in APPPATH/Controllers/Admin/DocenteController.php on line 19.
 1 SYSTEMPATH/CodeIgniter.php(891): App\Controllers\Admin\DocenteController->__construct()
 2 SYSTEMPATH/CodeIgniter.php(485): CodeIgniter\CodeIgniter->createController()
 3 SYSTEMPATH/CodeIgniter.php(353): CodeIgniter\CodeIgniter->handleRequest(null, Object(Config\Cache), false)
 4 FCPATH/index.php(79): CodeIgniter\CodeIgniter->run()
 5 SYSTEMPATH/Commands/Server/rewrite.php(47): require_once('/run/media/degante/DEVELOPMENT/dev/horarios/public/index.php')
INFO - 2023-10-14 01:49:39 --> Session: Class initialized using 'CodeIgniter\Session\Handlers\FileHandler' driver.
WARNING - 2023-10-14 01:49:39 --> [DEPRECATED] Creation of dynamic property App\Controllers\Admin\DocenteController::$estatusDelPersonalModel is deprecated in APPPATH/Controllers/Admin/DocenteController.php on line 19.
 1 SYSTEMPATH/CodeIgniter.php(891): App\Controllers\Admin\DocenteController->__construct()
 2 SYSTEMPATH/CodeIgniter.php(485): CodeIgniter\CodeIgniter->createController()
 3 SYSTEMPATH/CodeIgniter.php(353): CodeIgniter\CodeIgniter->handleRequest(null, Object(Config\Cache), false)
 4 FCPATH/index.php(79): CodeIgniter\CodeIgniter->run()
 5 SYSTEMPATH/Commands/Server/rewrite.php(47): require_once('/run/media/degante/DEVELOPMENT/dev/horarios/public/index.php')
INFO - 2023-10-14 01:51:10 --> Session: Class initialized using 'CodeIgniter\Session\Handlers\FileHandler' driver.
WARNING - 2023-10-14 01:51:10 --> [DEPRECATED] Creation of dynamic property App\Controllers\Admin\DocenteController::$estatusDelPersonalModel is deprecated in APPPATH/Controllers/Admin/DocenteController.php on line 19.
 1 SYSTEMPATH/CodeIgniter.php(891): App\Controllers\Admin\DocenteController->__construct()
 2 SYSTEMPATH/CodeIgniter.php(485): CodeIgniter\CodeIgniter->createController()
 3 SYSTEMPATH/CodeIgniter.php(353): CodeIgniter\CodeIgniter->handleRequest(null, Object(Config\Cache), false)
 4 FCPATH/index.php(79): CodeIgniter\CodeIgniter->run()
 5 SYSTEMPATH/Commands/Server/rewrite.php(47): require_once('/run/media/degante/DEVELOPMENT/dev/horarios/public/index.php')
INFO - 2023-10-14 01:51:51 --> Session: Class initialized using 'CodeIgniter\Session\Handlers\FileHandler' driver.
WARNING - 2023-10-14 01:51:51 --> [DEPRECATED] Creation of dynamic property App\Controllers\Admin\DocenteController::$estatusDelPersonalModel is deprecated in APPPATH/Controllers/Admin/DocenteController.php on line 19.
 1 SYSTEMPATH/CodeIgniter.php(891): App\Controllers\Admin\DocenteController->__construct()
 2 SYSTEMPATH/CodeIgniter.php(485): CodeIgniter\CodeIgniter->createController()
 3 SYSTEMPATH/CodeIgniter.php(353): CodeIgniter\CodeIgniter->handleRequest(null, Object(Config\Cache), false)
 4 FCPATH/index.php(79): CodeIgniter\CodeIgniter->run()
 5 SYSTEMPATH/Commands/Server/rewrite.php(47): require_once('/run/media/degante/DEVELOPMENT/dev/horarios/public/index.php')
INFO - 2023-10-14 01:52:18 --> Session: Class initialized using 'CodeIgniter\Session\Handlers\FileHandler' driver.
WARNING - 2023-10-14 01:52:18 --> [DEPRECATED] Creation of dynamic property App\Controllers\Admin\DocenteController::$estatusDelPersonalModel is deprecated in APPPATH/Controllers/Admin/DocenteController.php on line 19.
 1 SYSTEMPATH/CodeIgniter.php(891): App\Controllers\Admin\DocenteController->__construct()
 2 SYSTEMPATH/CodeIgniter.php(485): CodeIgniter\CodeIgniter->createController()
 3 SYSTEMPATH/CodeIgniter.php(353): CodeIgniter\CodeIgniter->handleRequest(null, Object(Config\Cache), false)
 4 FCPATH/index.php(79): CodeIgniter\CodeIgniter->run()
 5 SYSTEMPATH/Commands/Server/rewrite.php(47): require_once('/run/media/degante/DEVELOPMENT/dev/horarios/public/index.php')
INFO - 2023-10-14 01:53:26 --> Session: Class initialized using 'CodeIgniter\Session\Handlers\FileHandler' driver.
WARNING - 2023-10-14 01:53:26 --> [DEPRECATED] Creation of dynamic property App\Controllers\Admin\DocenteController::$estatusDelPersonalModel is deprecated in APPPATH/Controllers/Admin/DocenteController.php on line 19.
 1 SYSTEMPATH/CodeIgniter.php(891): App\Controllers\Admin\DocenteController->__construct()
 2 SYSTEMPATH/CodeIgniter.php(485): CodeIgniter\CodeIgniter->createController()
 3 SYSTEMPATH/CodeIgniter.php(353): CodeIgniter\CodeIgniter->handleRequest(null, Object(Config\Cache), false)
 4 FCPATH/index.php(79): CodeIgniter\CodeIgniter->run()
 5 SYSTEMPATH/Commands/Server/rewrite.php(47): require_once('/run/media/degante/DEVELOPMENT/dev/horarios/public/index.php')
INFO - 2023-10-14 01:54:55 --> Session: Class initialized using 'CodeIgniter\Session\Handlers\FileHandler' driver.
WARNING - 2023-10-14 01:54:55 --> [DEPRECATED] Creation of dynamic property App\Controllers\Admin\DocenteController::$estatusDelPersonalModel is deprecated in APPPATH/Controllers/Admin/DocenteController.php on line 19.
 1 SYSTEMPATH/CodeIgniter.php(891): App\Controllers\Admin\DocenteController->__construct()
 2 SYSTEMPATH/CodeIgniter.php(485): CodeIgniter\CodeIgniter->createController()
 3 SYSTEMPATH/CodeIgniter.php(353): CodeIgniter\CodeIgniter->handleRequest(null, Object(Config\Cache), false)
 4 FCPATH/index.php(79): CodeIgniter\CodeIgniter->run()
 5 SYSTEMPATH/Commands/Server/rewrite.php(47): require_once('/run/media/degante/DEVELOPMENT/dev/horarios/public/index.php')
INFO - 2023-10-14 01:55:09 --> Session: Class initialized using 'CodeIgniter\Session\Handlers\FileHandler' driver.
WARNING - 2023-10-14 01:55:09 --> [DEPRECATED] Creation of dynamic property App\Controllers\Admin\DocenteController::$estatusDelPersonalModel is deprecated in APPPATH/Controllers/Admin/DocenteController.php on line 19.
 1 SYSTEMPATH/CodeIgniter.php(891): App\Controllers\Admin\DocenteController->__construct()
 2 SYSTEMPATH/CodeIgniter.php(485): CodeIgniter\CodeIgniter->createController()
 3 SYSTEMPATH/CodeIgniter.php(353): CodeIgniter\CodeIgniter->handleRequest(null, Object(Config\Cache), false)
 4 FCPATH/index.php(79): CodeIgniter\CodeIgniter->run()
 5 SYSTEMPATH/Commands/Server/rewrite.php(47): require_once('/run/media/degante/DEVELOPMENT/dev/horarios/public/index.php')
INFO - 2023-10-14 01:57:21 --> Session: Class initialized using 'CodeIgniter\Session\Handlers\FileHandler' driver.
WARNING - 2023-10-14 01:57:21 --> [DEPRECATED] Creation of dynamic property App\Controllers\Admin\DocenteController::$estatusDelPersonalModel is deprecated in APPPATH/Controllers/Admin/DocenteController.php on line 19.
 1 SYSTEMPATH/CodeIgniter.php(891): App\Controllers\Admin\DocenteController->__construct()
 2 SYSTEMPATH/CodeIgniter.php(485): CodeIgniter\CodeIgniter->createController()
 3 SYSTEMPATH/CodeIgniter.php(353): CodeIgniter\CodeIgniter->handleRequest(null, Object(Config\Cache), false)
 4 FCPATH/index.php(79): CodeIgniter\CodeIgniter->run()
 5 SYSTEMPATH/Commands/Server/rewrite.php(47): require_once('/run/media/degante/DEVELOPMENT/dev/horarios/public/index.php')
INFO - 2023-10-14 01:57:23 --> Session: Class initialized using 'CodeIgniter\Session\Handlers\FileHandler' driver.
WARNING - 2023-10-14 01:57:23 --> [DEPRECATED] Creation of dynamic property App\Controllers\Admin\DocenteController::$estatusDelPersonalModel is deprecated in APPPATH/Controllers/Admin/DocenteController.php on line 19.
 1 SYSTEMPATH/CodeIgniter.php(891): App\Controllers\Admin\DocenteController->__construct()
 2 SYSTEMPATH/CodeIgniter.php(485): CodeIgniter\CodeIgniter->createController()
 3 SYSTEMPATH/CodeIgniter.php(353): CodeIgniter\CodeIgniter->handleRequest(null, Object(Config\Cache), false)
 4 FCPATH/index.php(79): CodeIgniter\CodeIgniter->run()
 5 SYSTEMPATH/Commands/Server/rewrite.php(47): require_once('/run/media/degante/DEVELOPMENT/dev/horarios/public/index.php')
INFO - 2023-10-14 01:58:20 --> Session: Class initialized using 'CodeIgniter\Session\Handlers\FileHandler' driver.
WARNING - 2023-10-14 01:58:20 --> [DEPRECATED] Creation of dynamic property App\Controllers\Admin\DocenteController::$estatusDelPersonalModel is deprecated in APPPATH/Controllers/Admin/DocenteController.php on line 19.
 1 SYSTEMPATH/CodeIgniter.php(891): App\Controllers\Admin\DocenteController->__construct()
 2 SYSTEMPATH/CodeIgniter.php(485): CodeIgniter\CodeIgniter->createController()
 3 SYSTEMPATH/CodeIgniter.php(353): CodeIgniter\CodeIgniter->handleRequest(null, Object(Config\Cache), false)
 4 FCPATH/index.php(79): CodeIgniter\CodeIgniter->run()
 5 SYSTEMPATH/Commands/Server/rewrite.php(47): require_once('/run/media/degante/DEVELOPMENT/dev/horarios/public/index.php')
INFO - 2023-10-14 01:58:41 --> Session: Class initialized using 'CodeIgniter\Session\Handlers\FileHandler' driver.
INFO - 2023-10-14 16:45:29 --> Session: Class initialized using 'CodeIgniter\Session\Handlers\FileHandler' driver.
INFO - 2023-10-14 16:45:41 --> Session: Class initialized using 'CodeIgniter\Session\Handlers\FileHandler' driver.
INFO - 2023-10-14 16:45:41 --> Session: Class initialized using 'CodeIgniter\Session\Handlers\FileHandler' driver.
INFO - 2023-10-14 16:45:51 --> Session: Class initialized using 'CodeIgniter\Session\Handlers\FileHandler' driver.
INFO - 2023-10-14 16:45:51 --> Session: Class initialized using 'CodeIgniter\Session\Handlers\FileHandler' driver.
